#
# There is insufficient memory for the Java Runtime Environment to continue.
# Native memory allocation (malloc) failed to allocate 1126896 bytes. Error detail: Chunk::new
# Possible reasons:
#   The system is out of physical RAM or swap space
#   This process is running with CompressedOops enabled, and the Java Heap may be blocking the growth of the native heap
# Possible solutions:
#   Reduce memory load on the system
#   Increase physical memory or swap space
#   Check if swap backing store is full
#   Decrease Java heap size (-Xmx/-Xms)
#   Decrease number of Java threads
#   Decrease Java thread stack sizes (-Xss)
#   Set larger code cache with -XX:ReservedCodeCacheSize=
#   JVM is running with Unscaled Compressed Oops mode in which the Java heap is
#     placed in the first 4GB address space. The Java Heap base address is the
#     maximum limit for the native heap growth. Please use -XX:HeapBaseMinAddress
#     to set the Java Heap base and to place the Java Heap above 4GB virtual address.
# This output file may be truncated or incomplete.
#
#  Out of Memory Error (arena.cpp:168), pid=33920, tid=10500
#
# JRE version: OpenJDK Runtime Environment Temurin-21.0.8+9 (21.0.8+9) (build 21.0.8+9-LTS)
# Java VM: OpenJDK 64-Bit Server VM Temurin-21.0.8+9 (21.0.8+9-LTS, mixed mode, sharing, tiered, compressed oops, compressed class ptrs, parallel gc, windows-amd64)
# No core dump will be written. Minidumps are not enabled by default on client versions of Windows
#

---------------  S U M M A R Y ------------

Command Line: --add-modules=ALL-SYSTEM --add-opens=java.base/java.util=ALL-UNNAMED --add-opens=java.base/java.lang=ALL-UNNAMED --add-opens=java.base/sun.nio.fs=ALL-UNNAMED -Declipse.application=org.eclipse.jdt.ls.core.id1 -Dosgi.bundles.defaultStartLevel=4 -Declipse.product=org.eclipse.jdt.ls.core.product -Djava.import.generatesMetadataFilesAtProjectRoot=false -DDetectVMInstallationsJob.disabled=true -Dfile.encoding=utf8 -XX:+UseParallelGC -XX:GCTimeRatio=4 -XX:AdaptiveSizePolicyWeight=90 -Dsun.zip.disableMemoryMapping=true -Xmx2G -Xms100m -Xlog:disable -javaagent:c:\Users\prath\.vscode\extensions\redhat.java-1.47.0-win32-x64\lombok\lombok-1.18.39-4050.jar -XX:+HeapDumpOnOutOfMemoryError -XX:HeapDumpPath=c:\Users\prath\AppData\Roaming\Code\User\workspaceStorage\32dbff991ce16aac213f964480ecffa2\redhat.java -Daether.dependencyCollector.impl=bf c:\Users\prath\.vscode\extensions\redhat.java-1.47.0-win32-x64\server\plugins\org.eclipse.equinox.launcher_1.7.100.v20251014-1222.jar -configuration c:\Users\prath\AppData\Roaming\Code\User\globalStorage\redhat.java\1.47.0\config_win -data c:\Users\prath\AppData\Roaming\Code\User\workspaceStorage\32dbff991ce16aac213f964480ecffa2\redhat.java\jdt_ws --pipe=\\.\pipe\lsp-8659f838adb93be1c24d393f664eb928-sock

Host: AMD Ryzen 5 5600H with Radeon Graphics         , 12 cores, 7G,  Windows 11 , 64 bit Build 26100 (10.0.26100.7019)
Time: Tue Nov 18 17:25:21 2025 India Standard Time elapsed time: 14.990721 seconds (0d 0h 0m 14s)

---------------  T H R E A D  ---------------

Current thread (0x000001b3428c84f0):  JavaThread "C2 CompilerThread0" daemon [_thread_in_native, id=10500, stack(0x0000000983d00000,0x0000000983e00000) (1024K)]


Current CompileTask:
C2:14990 3261       4       java.lang.invoke.MethodType::makeImpl (109 bytes)

Stack: [0x0000000983d00000,0x0000000983e00000]
Native frames: (J=compiled Java code, j=interpreted, Vv=VM code, C=native code)
V  [jvm.dll+0x6d2449]
V  [jvm.dll+0x8ae341]
V  [jvm.dll+0x8b08be]
V  [jvm.dll+0x8b0fa3]
V  [jvm.dll+0x280c96]
V  [jvm.dll+0xc581d]
V  [jvm.dll+0xc5d53]
V  [jvm.dll+0x3b9162]
V  [jvm.dll+0x1e1409]
V  [jvm.dll+0x249022]
V  [jvm.dll+0x2484af]
V  [jvm.dll+0x1c89ee]
V  [jvm.dll+0x257d4d]
V  [jvm.dll+0x2562ea]
V  [jvm.dll+0x3f2d16]
V  [jvm.dll+0x857e6b]
V  [jvm.dll+0x6d0b0d]
C  [ucrtbase.dll+0x37b0]
C  [KERNEL32.DLL+0x2e8d7]
C  [ntdll.dll+0x8c53c]


---------------  P R O C E S S  ---------------

Threads class SMR info:
_java_thread_list=0x000001b3a15d8490, length=20, elements={
0x000001b342931300, 0x000001b3428bb1b0, 0x000001b3428bdd90, 0x000001b3428c0a70,
0x000001b3428c4c00, 0x000001b3428c5750, 0x000001b39b6b2340, 0x000001b3428c84f0,
0x000001b39b6dffd0, 0x000001b34299b770, 0x000001b39ba23c60, 0x000001b39cdba5c0,
0x000001b39cdbf450, 0x000001b39cdbfab0, 0x000001b39cbd89f0, 0x000001b3a15714a0,
0x000001b3a1615280, 0x000001b3a10290d0, 0x000001b3a153d120, 0x000001b3a1029760
}

Java Threads: ( => current thread )
  0x000001b342931300 JavaThread "main"                              [_thread_blocked, id=12360, stack(0x0000000983300000,0x0000000983400000) (1024K)]
  0x000001b3428bb1b0 JavaThread "Reference Handler"          daemon [_thread_blocked, id=34388, stack(0x0000000983700000,0x0000000983800000) (1024K)]
  0x000001b3428bdd90 JavaThread "Finalizer"                  daemon [_thread_blocked, id=34764, stack(0x0000000983800000,0x0000000983900000) (1024K)]
  0x000001b3428c0a70 JavaThread "Signal Dispatcher"          daemon [_thread_blocked, id=24504, stack(0x0000000983900000,0x0000000983a00000) (1024K)]
  0x000001b3428c4c00 JavaThread "Attach Listener"            daemon [_thread_blocked, id=27364, stack(0x0000000983a00000,0x0000000983b00000) (1024K)]
  0x000001b3428c5750 JavaThread "Service Thread"             daemon [_thread_blocked, id=17952, stack(0x0000000983b00000,0x0000000983c00000) (1024K)]
  0x000001b39b6b2340 JavaThread "Monitor Deflation Thread"   daemon [_thread_blocked, id=8824, stack(0x0000000983c00000,0x0000000983d00000) (1024K)]
=>0x000001b3428c84f0 JavaThread "C2 CompilerThread0"         daemon [_thread_in_native, id=10500, stack(0x0000000983d00000,0x0000000983e00000) (1024K)]
  0x000001b39b6dffd0 JavaThread "C1 CompilerThread0"         daemon [_thread_blocked, id=15236, stack(0x0000000983e00000,0x0000000983f00000) (1024K)]
  0x000001b34299b770 JavaThread "Common-Cleaner"             daemon [_thread_blocked, id=4968, stack(0x0000000983f00000,0x0000000984000000) (1024K)]
  0x000001b39ba23c60 JavaThread "Notification Thread"        daemon [_thread_blocked, id=6608, stack(0x0000000984000000,0x0000000984100000) (1024K)]
  0x000001b39cdba5c0 JavaThread "Active Thread: Equinox Container: 5d66b034-610d-4719-a3b0-c4c80fa70441"        [_thread_blocked, id=28292, stack(0x0000000984700000,0x0000000984800000) (1024K)]
  0x000001b39cdbf450 JavaThread "Refresh Thread: Equinox Container: 5d66b034-610d-4719-a3b0-c4c80fa70441" daemon [_thread_blocked, id=19160, stack(0x0000000984900000,0x0000000984a00000) (1024K)]
  0x000001b39cdbfab0 JavaThread "Framework Event Dispatcher: Equinox Container: 5d66b034-610d-4719-a3b0-c4c80fa70441" daemon [_thread_blocked, id=728, stack(0x0000000984a00000,0x0000000984b00000) (1024K)]
  0x000001b39cbd89f0 JavaThread "Start Level: Equinox Container: 5d66b034-610d-4719-a3b0-c4c80fa70441" daemon [_thread_in_vm, id=4744, stack(0x0000000984b00000,0x0000000984c00000) (1024K)]
  0x000001b3a15714a0 JavaThread "Bundle File Closer"         daemon [_thread_blocked, id=27108, stack(0x0000000984e00000,0x0000000984f00000) (1024K)]
  0x000001b3a1615280 JavaThread "SCR Component Actor"        daemon [_thread_blocked, id=8808, stack(0x0000000984f00000,0x0000000985000000) (1024K)]
  0x000001b3a10290d0 JavaThread "Worker-JM"                         [_thread_blocked, id=1540, stack(0x0000000985100000,0x0000000985200000) (1024K)]
  0x000001b3a153d120 JavaThread "C2 CompilerThread1"         daemon [_thread_blocked, id=21360, stack(0x0000000985000000,0x0000000985100000) (1024K)]
  0x000001b3a1029760 JavaThread "JNA Cleaner"                daemon [_thread_blocked, id=26100, stack(0x0000000985200000,0x0000000985300000) (1024K)]
Total: 20

Other Threads:
  0x000001b3428b4b40 VMThread "VM Thread"                           [id=3640, stack(0x0000000983600000,0x0000000983700000) (1024K)]
  0x000001b3427aba00 WatcherThread "VM Periodic Task Thread"        [id=7660, stack(0x0000000983500000,0x0000000983600000) (1024K)]
  0x000001b34294e490 WorkerThread "GC Thread#0"                     [id=20344, stack(0x0000000983400000,0x0000000983500000) (1024K)]
  0x000001b39c8f2900 WorkerThread "GC Thread#1"                     [id=35016, stack(0x0000000984100000,0x0000000984200000) (1024K)]
  0x000001b39cb31b10 WorkerThread "GC Thread#2"                     [id=34592, stack(0x0000000984200000,0x0000000984300000) (1024K)]
  0x000001b39cc6d210 WorkerThread "GC Thread#3"                     [id=6816, stack(0x0000000984300000,0x0000000984400000) (1024K)]
  0x000001b39cc6d5b0 WorkerThread "GC Thread#4"                     [id=30300, stack(0x0000000984400000,0x0000000984500000) (1024K)]
  0x000001b39cc6d950 WorkerThread "GC Thread#5"                     [id=25280, stack(0x0000000984500000,0x0000000984600000) (1024K)]
  0x000001b39c8f2ca0 WorkerThread "GC Thread#6"                     [id=26884, stack(0x0000000984600000,0x0000000984700000) (1024K)]
  0x000001b39ca9d420 WorkerThread "GC Thread#7"                     [id=23128, stack(0x0000000984800000,0x0000000984900000) (1024K)]
  0x000001b39ca9c200 WorkerThread "GC Thread#8"                     [id=22588, stack(0x0000000984c00000,0x0000000984d00000) (1024K)]
  0x000001b39ca9d7c0 WorkerThread "GC Thread#9"                     [id=5520, stack(0x0000000984d00000,0x0000000984e00000) (1024K)]
Total: 12

Threads with active compile tasks:
C2 CompilerThread0  15070 3261       4       java.lang.invoke.MethodType::makeImpl (109 bytes)
C2 CompilerThread1  15070 3328       4       java.util.HashSet::contains (9 bytes)
Total: 2

VM state: not at safepoint (normal execution)

VM Mutex/Monitor currently owned by a thread: None

Heap address: 0x0000000080000000, size: 2048 MB, Compressed Oops mode: 32-bit

CDS archive(s) mapped at: [0x000001b35a000000-0x000001b35aba0000-0x000001b35aba0000), size 12189696, SharedBaseAddress: 0x000001b35a000000, ArchiveRelocationMode: 1.
Compressed class space mapped at: 0x000001b35b000000-0x000001b39b000000, reserved size: 1073741824
Narrow klass base: 0x000001b35a000000, Narrow klass shift: 0, Narrow klass range: 0x100000000

GC Precious Log:
 CardTable entry size: 512
 CPUs: 12 total, 12 available
 Memory: 7521M
 Large Page Support: Disabled
 NUMA Support: Disabled
 Compressed Oops: Enabled (32-bit)
 Alignments: Space 512K, Generation 512K, Heap 2M
 Heap Min Capacity: 100M
 Heap Initial Capacity: 100M
 Heap Max Capacity: 2G
 Pre-touch: Disabled
 Parallel Workers: 10

Heap:
 PSYoungGen      total 29696K, used 17104K [0x00000000d5580000, 0x00000000d7680000, 0x0000000100000000)
  eden space 25600K, 50% used [0x00000000d5580000,0x00000000d6234420,0x00000000d6e80000)
  from space 4096K, 99% used [0x00000000d6e80000,0x00000000d727fdf8,0x00000000d7280000)
  to   space 4096K, 0% used [0x00000000d7280000,0x00000000d7280000,0x00000000d7680000)
 ParOldGen       total 68608K, used 7916K [0x0000000080000000, 0x0000000084300000, 0x00000000d5580000)
  object space 68608K, 11% used [0x0000000080000000,0x00000000807bb028,0x0000000084300000)
 Metaspace       used 17116K, committed 17792K, reserved 1114112K
  class space    used 1777K, committed 2048K, reserved 1048576K

Card table byte_map: [0x000001b3422c0000,0x000001b3426d0000] _byte_map_base: 0x000001b341ec0000

Marking Bits: (ParMarkBitMap*) 0x00007ff8c6f0a340
 Begin Bits: [0x000001b354dc0000, 0x000001b356dc0000)
 End Bits:   [0x000001b356dc0000, 0x000001b358dc0000)

Polling page: 0x000001b340030000

Metaspace:

Usage:
  Non-class:     14.98 MB used.
      Class:      1.74 MB used.
       Both:     16.72 MB used.

Virtual space:
  Non-class space:       64.00 MB reserved,      15.38 MB ( 24%) committed,  1 nodes.
      Class space:        1.00 GB reserved,       2.00 MB ( <1%) committed,  1 nodes.
             Both:        1.06 GB reserved,      17.38 MB (  2%) committed. 

Chunk freelists:
   Non-Class:  560.00 KB
       Class:  13.84 MB
        Both:  14.39 MB

MaxMetaspaceSize: unlimited
CompressedClassSpaceSize: 1.00 GB
Initial GC threshold: 21.00 MB
Current GC threshold: 21.00 MB
CDS: on
 - commit_granule_bytes: 65536.
 - commit_granule_words: 8192.
 - virtual_space_node_default_size: 8388608.
 - enlarge_chunks_in_place: 1.
 - use_allocation_guard: 0.


Internal statistics:

num_allocs_failed_limit: 0.
num_arena_births: 474.
num_arena_deaths: 0.
num_vsnodes_births: 2.
num_vsnodes_deaths: 0.
num_space_committed: 278.
num_space_uncommitted: 0.
num_chunks_returned_to_freelist: 0.
num_chunks_taken_from_freelist: 1085.
num_chunk_merges: 0.
num_chunk_splits: 688.
num_chunks_enlarged: 438.
num_inconsistent_stats: 0.

CodeHeap 'non-profiled nmethods': size=120000Kb used=1432Kb max_used=1432Kb free=118567Kb
 bounds [0x000001b34d5e0000, 0x000001b34d850000, 0x000001b354b10000]
CodeHeap 'profiled nmethods': size=120000Kb used=6860Kb max_used=6860Kb free=113139Kb
 bounds [0x000001b345b10000, 0x000001b3461d0000, 0x000001b34d040000]
CodeHeap 'non-nmethods': size=5760Kb used=1270Kb max_used=1290Kb free=4490Kb
 bounds [0x000001b34d040000, 0x000001b34d2b0000, 0x000001b34d5e0000]
CodeCache: size=245760Kb, used=9562Kb, max_used=9582Kb, free=236196Kb
 total_blobs=3871, nmethods=3325, adapters=452, full_count=0
Compilation: enabled, stopped_count=0, restarted_count=0

Compilation events (20 events):
Event: 13.917 Thread 0x000001b39b6dffd0 nmethod 3301 0x000001b3461b9790 code [0x000001b3461b9940, 0x000001b3461b9b78]
Event: 13.917 Thread 0x000001b39b6dffd0 3302       3       java.lang.invoke.MethodHandles$Lookup$ClassFile::<init> (20 bytes)
Event: 13.917 Thread 0x000001b39b6dffd0 nmethod 3302 0x000001b3461b9c90 code [0x000001b3461b9e40, 0x000001b3461b9fe0]
Event: 13.917 Thread 0x000001b39b6dffd0 3303       3       java.lang.invoke.MethodHandles$Lookup$ClassDefiner::<init> (64 bytes)
Event: 13.917 Thread 0x000001b39b6dffd0 nmethod 3303 0x000001b3461ba090 code [0x000001b3461ba240, 0x000001b3461ba418]
Event: 13.917 Thread 0x000001b39b6dffd0 3304   !   3       java.lang.invoke.MethodHandles$Lookup$ClassDefiner::defineClass (213 bytes)
Event: 13.918 Thread 0x000001b39b6dffd0 nmethod 3304 0x000001b3461ba510 code [0x000001b3461ba780, 0x000001b3461bb0d8]
Event: 13.918 Thread 0x000001b39b6dffd0 3305       3       java.lang.System$2::defineClass (21 bytes)
Event: 13.919 Thread 0x000001b39b6dffd0 nmethod 3305 0x000001b3461bb590 code [0x000001b3461bb740, 0x000001b3461bb8b8]
Event: 13.919 Thread 0x000001b39b6dffd0 3306       3       java.lang.invoke.MethodHandles$Lookup::makeHiddenClassDefiner (20 bytes)
Event: 13.919 Thread 0x000001b39b6dffd0 nmethod 3306 0x000001b3461bb990 code [0x000001b3461bbb60, 0x000001b3461bbe68]
Event: 13.950 Thread 0x000001b3a153d120 nmethod 3299 0x000001b34d742d90 code [0x000001b34d742f60, 0x000001b34d743a30]
Event: 13.951 Thread 0x000001b3a153d120 3277       4       jdk.internal.misc.Unsafe::getLong (7 bytes)
Event: 13.951 Thread 0x000001b3a153d120 nmethod 3277 0x000001b34d743e10 code [0x000001b34d743fa0, 0x000001b34d744030]
Event: 14.032 Thread 0x000001b3a153d120 3308   !   4       java.io.RandomAccessFile::readBytes (32 bytes)
Event: 14.032 Thread 0x000001b39b6dffd0 3309   !   3       java.io.FileOutputStream::write (47 bytes)
Event: 14.032 Thread 0x000001b39b6dffd0 nmethod 3309 0x000001b3461bc010 code [0x000001b3461bc200, 0x000001b3461bc4c8]
Event: 14.032 Thread 0x000001b39b6dffd0 3310       3       java.io.FileDescriptor$1::getAppend (5 bytes)
Event: 14.032 Thread 0x000001b39b6dffd0 nmethod 3310 0x000001b3461bc690 code [0x000001b3461bc820, 0x000001b3461bc938]
Event: 14.033 Thread 0x000001b3a153d120 nmethod 3308 0x000001b34d744510 code [0x000001b34d7446c0, 0x000001b34d744820]

GC Heap History (10 events):
Event: 1.487 GC heap before
{Heap before GC invocations=1 (full 0):
 PSYoungGen      total 29696K, used 25600K [0x00000000d5580000, 0x00000000d7680000, 0x0000000100000000)
  eden space 25600K, 100% used [0x00000000d5580000,0x00000000d6e80000,0x00000000d6e80000)
  from space 4096K, 0% used [0x00000000d7280000,0x00000000d7280000,0x00000000d7680000)
  to   space 4096K, 0% used [0x00000000d6e80000,0x00000000d6e80000,0x00000000d7280000)
 ParOldGen       total 68608K, used 0K [0x0000000080000000, 0x0000000084300000, 0x00000000d5580000)
  object space 68608K, 0% used [0x0000000080000000,0x0000000080000000,0x0000000084300000)
 Metaspace       used 4352K, committed 4608K, reserved 1114112K
  class space    used 473K, committed 576K, reserved 1048576K
}
Event: 1.501 GC heap after
{Heap after GC invocations=1 (full 0):
 PSYoungGen      total 29696K, used 3312K [0x00000000d5580000, 0x00000000d7680000, 0x0000000100000000)
  eden space 25600K, 0% used [0x00000000d5580000,0x00000000d5580000,0x00000000d6e80000)
  from space 4096K, 80% used [0x00000000d6e80000,0x00000000d71bc148,0x00000000d7280000)
  to   space 4096K, 0% used [0x00000000d7280000,0x00000000d7280000,0x00000000d7680000)
 ParOldGen       total 68608K, used 8K [0x0000000080000000, 0x0000000084300000, 0x00000000d5580000)
  object space 68608K, 0% used [0x0000000080000000,0x0000000080002000,0x0000000084300000)
 Metaspace       used 4352K, committed 4608K, reserved 1114112K
  class space    used 473K, committed 576K, reserved 1048576K
}
Event: 2.550 GC heap before
{Heap before GC invocations=2 (full 0):
 PSYoungGen      total 29696K, used 28912K [0x00000000d5580000, 0x00000000d7680000, 0x0000000100000000)
  eden space 25600K, 100% used [0x00000000d5580000,0x00000000d6e80000,0x00000000d6e80000)
  from space 4096K, 80% used [0x00000000d6e80000,0x00000000d71bc148,0x00000000d7280000)
  to   space 4096K, 0% used [0x00000000d7280000,0x00000000d7280000,0x00000000d7680000)
 ParOldGen       total 68608K, used 8K [0x0000000080000000, 0x0000000084300000, 0x00000000d5580000)
  object space 68608K, 0% used [0x0000000080000000,0x0000000080002000,0x0000000084300000)
 Metaspace       used 8156K, committed 8384K, reserved 1114112K
  class space    used 859K, committed 960K, reserved 1048576K
}
Event: 2.604 GC heap after
{Heap after GC invocations=2 (full 0):
 PSYoungGen      total 29696K, used 4089K [0x00000000d5580000, 0x00000000d7680000, 0x0000000100000000)
  eden space 25600K, 0% used [0x00000000d5580000,0x00000000d5580000,0x00000000d6e80000)
  from space 4096K, 99% used [0x00000000d7280000,0x00000000d767e4e8,0x00000000d7680000)
  to   space 4096K, 0% used [0x00000000d6e80000,0x00000000d6e80000,0x00000000d7280000)
 ParOldGen       total 68608K, used 1737K [0x0000000080000000, 0x0000000084300000, 0x00000000d5580000)
  object space 68608K, 2% used [0x0000000080000000,0x00000000801b26a8,0x0000000084300000)
 Metaspace       used 8156K, committed 8384K, reserved 1114112K
  class space    used 859K, committed 960K, reserved 1048576K
}
Event: 4.236 GC heap before
{Heap before GC invocations=3 (full 0):
 PSYoungGen      total 29696K, used 29686K [0x00000000d5580000, 0x00000000d7680000, 0x0000000100000000)
  eden space 25600K, 99% used [0x00000000d5580000,0x00000000d6e7f558,0x00000000d6e80000)
  from space 4096K, 99% used [0x00000000d7280000,0x00000000d767e4e8,0x00000000d7680000)
  to   space 4096K, 0% used [0x00000000d6e80000,0x00000000d6e80000,0x00000000d7280000)
 ParOldGen       total 68608K, used 1737K [0x0000000080000000, 0x0000000084300000, 0x00000000d5580000)
  object space 68608K, 2% used [0x0000000080000000,0x00000000801b26a8,0x0000000084300000)
 Metaspace       used 9455K, committed 9792K, reserved 1114112K
  class space    used 1009K, committed 1152K, reserved 1048576K
}
Event: 4.242 GC heap after
{Heap after GC invocations=3 (full 0):
 PSYoungGen      total 29696K, used 4090K [0x00000000d5580000, 0x00000000d7680000, 0x0000000100000000)
  eden space 25600K, 0% used [0x00000000d5580000,0x00000000d5580000,0x00000000d6e80000)
  from space 4096K, 99% used [0x00000000d6e80000,0x00000000d727ebe0,0x00000000d7280000)
  to   space 4096K, 0% used [0x00000000d7280000,0x00000000d7280000,0x00000000d7680000)
 ParOldGen       total 68608K, used 4780K [0x0000000080000000, 0x0000000084300000, 0x00000000d5580000)
  object space 68608K, 6% used [0x0000000080000000,0x00000000804ab2a8,0x0000000084300000)
 Metaspace       used 9455K, committed 9792K, reserved 1114112K
  class space    used 1009K, committed 1152K, reserved 1048576K
}
Event: 5.881 GC heap before
{Heap before GC invocations=4 (full 0):
 PSYoungGen      total 29696K, used 29690K [0x00000000d5580000, 0x00000000d7680000, 0x0000000100000000)
  eden space 25600K, 100% used [0x00000000d5580000,0x00000000d6e80000,0x00000000d6e80000)
  from space 4096K, 99% used [0x00000000d6e80000,0x00000000d727ebe0,0x00000000d7280000)
  to   space 4096K, 0% used [0x00000000d7280000,0x00000000d7280000,0x00000000d7680000)
 ParOldGen       total 68608K, used 4780K [0x0000000080000000, 0x0000000084300000, 0x00000000d5580000)
  object space 68608K, 6% used [0x0000000080000000,0x00000000804ab2a8,0x0000000084300000)
 Metaspace       used 12128K, committed 12544K, reserved 1114112K
  class space    used 1293K, committed 1472K, reserved 1048576K
}
Event: 5.887 GC heap after
{Heap after GC invocations=4 (full 0):
 PSYoungGen      total 29696K, used 4086K [0x00000000d5580000, 0x00000000d7680000, 0x0000000100000000)
  eden space 25600K, 0% used [0x00000000d5580000,0x00000000d5580000,0x00000000d6e80000)
  from space 4096K, 99% used [0x00000000d7280000,0x00000000d767d918,0x00000000d7680000)
  to   space 4096K, 0% used [0x00000000d6e80000,0x00000000d6e80000,0x00000000d7280000)
 ParOldGen       total 68608K, used 6249K [0x0000000080000000, 0x0000000084300000, 0x00000000d5580000)
  object space 68608K, 9% used [0x0000000080000000,0x000000008061a7d0,0x0000000084300000)
 Metaspace       used 12128K, committed 12544K, reserved 1114112K
  class space    used 1293K, committed 1472K, reserved 1048576K
}
Event: 11.117 GC heap before
{Heap before GC invocations=5 (full 0):
 PSYoungGen      total 29696K, used 29686K [0x00000000d5580000, 0x00000000d7680000, 0x0000000100000000)
  eden space 25600K, 100% used [0x00000000d5580000,0x00000000d6e80000,0x00000000d6e80000)
  from space 4096K, 99% used [0x00000000d7280000,0x00000000d767d918,0x00000000d7680000)
  to   space 4096K, 0% used [0x00000000d6e80000,0x00000000d6e80000,0x00000000d7280000)
 ParOldGen       total 68608K, used 6249K [0x0000000080000000, 0x0000000084300000, 0x00000000d5580000)
  object space 68608K, 9% used [0x0000000080000000,0x000000008061a7d0,0x0000000084300000)
 Metaspace       used 15148K, committed 15744K, reserved 1114112K
  class space    used 1558K, committed 1792K, reserved 1048576K
}
Event: 13.148 GC heap after
{Heap after GC invocations=5 (full 0):
 PSYoungGen      total 29696K, used 4095K [0x00000000d5580000, 0x00000000d7680000, 0x0000000100000000)
  eden space 25600K, 0% used [0x00000000d5580000,0x00000000d5580000,0x00000000d6e80000)
  from space 4096K, 99% used [0x00000000d6e80000,0x00000000d727fdf8,0x00000000d7280000)
  to   space 4096K, 0% used [0x00000000d7280000,0x00000000d7280000,0x00000000d7680000)
 ParOldGen       total 68608K, used 7916K [0x0000000080000000, 0x0000000084300000, 0x00000000d5580000)
  object space 68608K, 11% used [0x0000000080000000,0x00000000807bb028,0x0000000084300000)
 Metaspace       used 15148K, committed 15744K, reserved 1114112K
  class space    used 1558K, committed 1792K, reserved 1048576K
}

Dll operation events (9 events):
Event: 0.045 Loaded shared library c:\Users\prath\.vscode\extensions\redhat.java-1.47.0-win32-x64\jre\21.0.8-win32-x86_64\bin\java.dll
Event: 0.180 Loaded shared library c:\Users\prath\.vscode\extensions\redhat.java-1.47.0-win32-x64\jre\21.0.8-win32-x86_64\bin\zip.dll
Event: 0.227 Loaded shared library C:\Users\prath\.vscode\extensions\redhat.java-1.47.0-win32-x64\jre\21.0.8-win32-x86_64\bin\instrument.dll
Event: 0.243 Loaded shared library C:\Users\prath\.vscode\extensions\redhat.java-1.47.0-win32-x64\jre\21.0.8-win32-x86_64\bin\net.dll
Event: 0.254 Loaded shared library C:\Users\prath\.vscode\extensions\redhat.java-1.47.0-win32-x64\jre\21.0.8-win32-x86_64\bin\nio.dll
Event: 0.259 Loaded shared library C:\Users\prath\.vscode\extensions\redhat.java-1.47.0-win32-x64\jre\21.0.8-win32-x86_64\bin\zip.dll
Event: 0.294 Loaded shared library C:\Users\prath\.vscode\extensions\redhat.java-1.47.0-win32-x64\jre\21.0.8-win32-x86_64\bin\jimage.dll
Event: 0.450 Loaded shared library c:\Users\prath\.vscode\extensions\redhat.java-1.47.0-win32-x64\jre\21.0.8-win32-x86_64\bin\verify.dll
Event: 3.029 Loaded shared library C:\Users\prath\AppData\Roaming\Code\User\globalStorage\redhat.java\1.47.0\config_win\org.eclipse.equinox.launcher\org.eclipse.equinox.launcher.win32.win32.x86_64_1.2.1400.v20250801-0854\eclipse_11916.dll

Deoptimization events (20 events):
Event: 9.956 Thread 0x000001b39cbd89f0 DEOPT PACKING pc=0x000001b345f0c1d6 sp=0x0000000984bf3980
Event: 9.956 Thread 0x000001b39cbd89f0 DEOPT UNPACKING pc=0x000001b34d094242 sp=0x0000000984bf2e90 mode 0
Event: 10.025 Thread 0x000001b39cbd89f0 Uncommon trap: trap_request=0xffffff45 fr.pc=0x000001b34d7202dc relative=0x00000000000003dc
Event: 10.025 Thread 0x000001b39cbd89f0 Uncommon trap: reason=unstable_if action=reinterpret pc=0x000001b34d7202dc method=java.util.regex.Pattern$BmpCharPropertyGreedy.match(Ljava/util/regex/Matcher;ILjava/lang/CharSequence;)Z @ 73 c2
Event: 10.025 Thread 0x000001b39cbd89f0 DEOPT PACKING pc=0x000001b34d7202dc sp=0x0000000984bf5830
Event: 10.025 Thread 0x000001b39cbd89f0 DEOPT UNPACKING pc=0x000001b34d093aa2 sp=0x0000000984bf57f0 mode 2
Event: 13.153 Thread 0x000001b39cbd89f0 Uncommon trap: trap_request=0xffffff45 fr.pc=0x000001b34d6f2610 relative=0x0000000000000070
Event: 13.153 Thread 0x000001b39cbd89f0 Uncommon trap: reason=unstable_if action=reinterpret pc=0x000001b34d6f2610 method=java.lang.ref.ReferenceQueue.poll()Ljava/lang/ref/Reference; @ 4 c2
Event: 13.153 Thread 0x000001b39cbd89f0 DEOPT PACKING pc=0x000001b34d6f2610 sp=0x0000000984bf8850
Event: 13.153 Thread 0x000001b39cbd89f0 DEOPT UNPACKING pc=0x000001b34d093aa2 sp=0x0000000984bf87d8 mode 2
Event: 13.420 Thread 0x000001b39cbd89f0 Uncommon trap: trap_request=0xffffff45 fr.pc=0x000001b34d73ab3c relative=0x0000000000000bbc
Event: 13.420 Thread 0x000001b39cbd89f0 Uncommon trap: reason=unstable_if action=reinterpret pc=0x000001b34d73ab3c method=java.io.DataInputStream.readFully([BII)V @ 37 c2
Event: 13.421 Thread 0x000001b39cbd89f0 DEOPT PACKING pc=0x000001b34d73ab3c sp=0x0000000984bf9200
Event: 13.421 Thread 0x000001b39cbd89f0 DEOPT UNPACKING pc=0x000001b34d093aa2 sp=0x0000000984bf90c0 mode 2
Event: 13.650 Thread 0x000001b39cbd89f0 Uncommon trap: trap_request=0xffffff45 fr.pc=0x000001b34d616118 relative=0x0000000000000678
Event: 13.650 Thread 0x000001b39cbd89f0 Uncommon trap: reason=unstable_if action=reinterpret pc=0x000001b34d616118 method=java.lang.String.replace(Ljava/lang/CharSequence;Ljava/lang/CharSequence;)Ljava/lang/String; @ 42 c2
Event: 13.650 Thread 0x000001b39cbd89f0 DEOPT PACKING pc=0x000001b34d616118 sp=0x0000000984bf7190
Event: 13.651 Thread 0x000001b39cbd89f0 DEOPT UNPACKING pc=0x000001b34d093aa2 sp=0x0000000984bf7110 mode 2
Event: 13.911 Thread 0x000001b39cbd89f0 DEOPT PACKING pc=0x000001b3461ad1b9 sp=0x0000000984bf5ac0
Event: 13.911 Thread 0x000001b39cbd89f0 DEOPT UNPACKING pc=0x000001b34d094242 sp=0x0000000984bf4f58 mode 0

Classes loaded (20 events):
Event: 13.787 Loading class sun/security/provider/SeedGenerator$1 done
Event: 13.831 Loading class java/net/NetworkInterface$1
Event: 13.831 Loading class java/net/NetworkInterface$1 done
Event: 13.832 Loading class java/nio/file/Files$AcceptAllFilter
Event: 13.832 Loading class java/nio/file/DirectoryStream$Filter
Event: 13.832 Loading class java/nio/file/DirectoryStream$Filter done
Event: 13.832 Loading class java/nio/file/Files$AcceptAllFilter done
Event: 13.832 Loading class sun/nio/fs/WindowsDirectoryStream
Event: 13.833 Loading class java/nio/file/DirectoryStream
Event: 13.833 Loading class java/nio/file/DirectoryStream done
Event: 13.833 Loading class sun/nio/fs/WindowsDirectoryStream done
Event: 13.836 Loading class sun/nio/fs/WindowsDirectoryStream$WindowsDirectoryIterator
Event: 13.837 Loading class sun/nio/fs/WindowsDirectoryStream$WindowsDirectoryIterator done
Event: 13.839 Loading class sun/nio/fs/WindowsPath$WindowsPathWithAttributes
Event: 13.839 Loading class sun/nio/fs/BasicFileAttributesHolder
Event: 13.839 Loading class sun/nio/fs/BasicFileAttributesHolder done
Event: 13.839 Loading class sun/nio/fs/WindowsPath$WindowsPathWithAttributes done
Event: 13.924 Loading class sun/security/provider/AbstractDrbg$NonceProvider
Event: 13.924 Loading class sun/security/provider/AbstractDrbg$NonceProvider done
Event: 14.035 Loading class java/io/FileOutputStream$1

Classes unloaded (0 events):
No events

Classes redefined (0 events):
No events

Internal exceptions (20 events):
Event: 3.221 Thread 0x000001b39cbd89f0 Exception <a 'java/lang/NoSuchMethodError'{0x00000000d5c8b180}: 'java.lang.Object java.lang.invoke.DirectMethodHandle$Holder.newInvokeSpecial(java.lang.Object, java.lang.Object, int, java.lang.Object)'> (0x00000000d5c8b180) 
thrown [s\src\hotspot\share\interpreter\linkResolver.cpp, line 773]
Event: 3.221 Thread 0x000001b39cbd89f0 Exception <a 'java/lang/NoSuchMethodError'{0x00000000d5c8eff0}: 'java.lang.Object java.lang.invoke.DirectMethodHandle$Holder.invokeSpecial(java.lang.Object, java.lang.Object, java.lang.Object, int, java.lang.Object)'> (0x00000000d5c8eff0) 
thrown [s\src\hotspot\share\interpreter\linkResolver.cpp, line 773]
Event: 3.257 Thread 0x000001b39cbd89f0 Exception <a 'java/lang/NoClassDefFoundError'{0x00000000d5d36ca0}: jakarta/servlet/ServletContainerInitializer> (0x00000000d5d36ca0) 
thrown [s\src\hotspot\share\classfile\systemDictionary.cpp, line 301]
Event: 3.333 Thread 0x000001b39cbd89f0 Exception <a 'java/lang/ClassNotFoundException'{0x00000000d5e89068}: sun/util/logging/resources/spi/loggingProvider> (0x00000000d5e89068) 
thrown [s\src\hotspot\share\classfile\systemDictionary.cpp, line 312]
Event: 5.678 Thread 0x000001b39cbd89f0 Exception <a 'java/lang/NullPointerException'{0x00000000d6455510}> (0x00000000d6455510) 
thrown [s\src\hotspot\share\interpreter\linkResolver.cpp, line 1372]
Event: 5.678 Thread 0x000001b39cbd89f0 Exception <a 'java/lang/NullPointerException'{0x00000000d64557f0}> (0x00000000d64557f0) 
thrown [s\src\hotspot\share\interpreter\linkResolver.cpp, line 1372]
Event: 5.854 Thread 0x000001b39cbd89f0 Exception <a 'java/lang/NoSuchMethodError'{0x00000000d6de03c0}: 'long java.lang.invoke.DirectMethodHandle$Holder.invokeSpecial(java.lang.Object, java.lang.Object)'> (0x00000000d6de03c0) 
thrown [s\src\hotspot\share\interpreter\linkResolver.cpp, line 773]
Event: 5.890 Thread 0x000001b39cbd89f0 Exception <a 'java/lang/NoSuchMethodError'{0x00000000d55d6910}: 'void java.lang.invoke.Invokers$Holder.invokeExact_MT(java.lang.Object, java.lang.Object, java.lang.Object)'> (0x00000000d55d6910) 
thrown [s\src\hotspot\share\interpreter\linkResolver.cpp, line 773]
Event: 7.759 Thread 0x000001b39cbd89f0 Exception <a 'java/io/FileNotFoundException'{0x00000000d5ec41a0}> (0x00000000d5ec41a0) 
thrown [s\src\hotspot\share\prims\jni.cpp, line 520]
Event: 9.912 Thread 0x000001b39cbd89f0 Exception <a 'java/lang/NoSuchMethodError'{0x00000000d6381d18}: 'java.lang.Object java.lang.invoke.Invokers$Holder.linkToTargetMethod(java.lang.Object, long, java.lang.Object)'> (0x00000000d6381d18) 
thrown [s\src\hotspot\share\interpreter\linkResolver.cpp, line 773]
Event: 10.036 Thread 0x000001b39cbd89f0 Exception <a 'java/lang/NoSuchMethodError'{0x00000000d6b86bd8}: 'java.lang.Object java.lang.invoke.DirectMethodHandle$Holder.invokeVirtual(java.lang.Object, java.lang.Object, java.lang.Object)'> (0x00000000d6b86bd8) 
thrown [s\src\hotspot\share\interpreter\linkResolver.cpp, line 773]
Event: 10.037 Thread 0x000001b39cbd89f0 Exception <a 'java/lang/NoSuchMethodError'{0x00000000d6b9e8d0}: 'java.lang.Object java.lang.invoke.DelegatingMethodHandle$Holder.reinvoke_L(java.lang.Object, java.lang.Object, java.lang.Object, java.lang.Object, int, int)'> (0x00000000d6b9e8d0) 
thrown [s\src\hotspot\share\interpreter\linkResolver.cpp, line 773]
Event: 10.040 Thread 0x000001b39cbd89f0 Exception <a 'java/lang/NoSuchMethodError'{0x00000000d6bbadd8}: 'java.lang.Object java.lang.invoke.DirectMethodHandle$Holder.newInvokeSpecial(java.lang.Object, java.lang.Object, java.lang.Object, java.lang.Object, java.lang.Object, java.lang.Object)'> (0x00000000d6bbadd8) 
thrown [s\src\hotspot\share\interpreter\linkResolver.cpp, line 773]
Event: 10.043 Thread 0x000001b39cbd89f0 Exception <a 'java/lang/NoSuchMethodError'{0x00000000d6be6880}: 'void java.lang.invoke.Invokers$Holder.invokeExact_MT(java.lang.Object, java.lang.Object, java.lang.Object, java.lang.Object)'> (0x00000000d6be6880) 
thrown [s\src\hotspot\share\interpreter\linkResolver.cpp, line 773]
Event: 13.151 Thread 0x000001b39cbd89f0 Exception <a 'java/io/FileNotFoundException'{0x00000000d5594160}> (0x00000000d5594160) 
thrown [s\src\hotspot\share\prims\jni.cpp, line 520]
Event: 13.153 Thread 0x000001b39cbd89f0 Exception <a 'java/io/FileNotFoundException'{0x00000000d559b300}> (0x00000000d559b300) 
thrown [s\src\hotspot\share\prims\jni.cpp, line 520]
Event: 13.360 Thread 0x000001b39cbd89f0 Exception <a 'java/lang/NoSuchMethodError'{0x00000000d5915590}: 'java.lang.Object java.lang.invoke.DirectMethodHandle$Holder.newInvokeSpecial(java.lang.Object, java.lang.Object, java.lang.Object, java.lang.Object, java.lang.Object)'> (0x00000000d5915590) 
thrown [s\src\hotspot\share\interpreter\linkResolver.cpp, line 773]
Event: 13.505 Thread 0x000001b39cbd89f0 Exception <a 'java/lang/NoSuchMethodError'{0x00000000d5ab8c58}: 'java.lang.Object java.lang.invoke.DirectMethodHandle$Holder.invokeStaticInit(java.lang.Object, int)'> (0x00000000d5ab8c58) 
thrown [s\src\hotspot\share\interpreter\linkResolver.cpp, line 773]
Event: 13.664 Thread 0x000001b39cbd89f0 Exception <a 'java/lang/NoSuchMethodError'{0x00000000d5d2a850}: 'java.lang.Object java.lang.invoke.DirectMethodHandle$Holder.invokeStaticInit(java.lang.Object, int, int, int, int)'> (0x00000000d5d2a850) 
thrown [s\src\hotspot\share\interpreter\linkResolver.cpp, line 773]
Event: 13.917 Thread 0x000001b39cbd89f0 Exception <a 'java/lang/NoSuchMethodError'{0x00000000d5f01cc0}: 'java.lang.Object java.lang.invoke.DirectMethodHandle$Holder.invokeStaticInit(java.lang.Object, java.lang.Object, int, int, int, int)'> (0x00000000d5f01cc0) 
thrown [s\src\hotspot\share\interpreter\linkResolver.cpp, line 773]

ZGC Phase Switch (0 events):
No events

VM Operations (20 events):
Event: 5.773 Executing VM operation: HandshakeAllThreads (Deoptimize) done
Event: 5.881 Executing VM operation: ParallelGCFailedAllocation (Allocation Failure)
Event: 5.887 Executing VM operation: ParallelGCFailedAllocation (Allocation Failure) done
Event: 6.892 Executing VM operation: Cleanup
Event: 7.070 Executing VM operation: Cleanup done
Event: 8.078 Executing VM operation: Cleanup
Event: 8.078 Executing VM operation: Cleanup done
Event: 10.099 Executing VM operation: Cleanup
Event: 11.110 Executing VM operation: Cleanup done
Event: 11.117 Executing VM operation: ParallelGCFailedAllocation (Allocation Failure)
Event: 13.148 Executing VM operation: ParallelGCFailedAllocation (Allocation Failure) done
Event: 13.178 Executing VM operation: HandshakeAllThreads (Deoptimize)
Event: 13.178 Executing VM operation: HandshakeAllThreads (Deoptimize) done
Event: 13.534 Executing VM operation: HandshakeAllThreads (Deoptimize)
Event: 13.534 Executing VM operation: HandshakeAllThreads (Deoptimize) done
Event: 13.804 Executing VM operation: HandshakeAllThreads (Deoptimize)
Event: 13.804 Executing VM operation: HandshakeAllThreads (Deoptimize) done
Event: 13.841 Executing VM operation: HandshakeAllThreads (Deoptimize)
Event: 13.841 Executing VM operation: HandshakeAllThreads (Deoptimize) done
Event: 14.849 Executing VM operation: Cleanup

Memory protections (0 events):
No events

Nmethod flushes (0 events):
No events

Events (20 events):
Event: 0.117 Thread 0x000001b342931300 Thread added: 0x000001b3428c0a70
Event: 0.117 Thread 0x000001b342931300 Thread added: 0x000001b3428c4c00
Event: 0.117 Thread 0x000001b342931300 Thread added: 0x000001b3428c5750
Event: 0.117 Thread 0x000001b342931300 Thread added: 0x000001b39b6b2340
Event: 0.117 Thread 0x000001b342931300 Thread added: 0x000001b3428c84f0
Event: 0.119 Thread 0x000001b342931300 Thread added: 0x000001b39b6dffd0
Event: 0.158 Thread 0x000001b342931300 Thread added: 0x000001b34299b770
Event: 0.634 Thread 0x000001b342931300 Thread added: 0x000001b39ba23c60
Event: 2.341 Thread 0x000001b342931300 Thread added: 0x000001b39cdba5c0
Event: 3.012 Thread 0x000001b342931300 Thread added: 0x000001b39cdbf450
Event: 3.021 Thread 0x000001b39cdbf450 Thread added: 0x000001b39cdbfab0
Event: 3.036 Thread 0x000001b342931300 Thread added: 0x000001b39cbd89f0
Event: 4.393 Thread 0x000001b39cbd89f0 Thread added: 0x000001b3a15714a0
Event: 5.759 Thread 0x000001b39cbd89f0 Thread added: 0x000001b3a1615280
Event: 7.845 Thread 0x000001b39b6dffd0 Thread added: 0x000001b3a1595240
Event: 9.959 Thread 0x000001b39cbd89f0 Thread added: 0x000001b3a10290d0
Event: 11.115 Thread 0x000001b3a1595240 Thread exited: 0x000001b3a1595240
Event: 13.299 Thread 0x000001b39b6dffd0 Thread added: 0x000001b39ca1c700
Event: 13.442 Thread 0x000001b39ca1c700 Thread exited: 0x000001b39ca1c700
Event: 13.891 Thread 0x000001b39b6dffd0 Thread added: 0x000001b3a153d120


Dynamic libraries:
0x00007ff734450000 - 0x00007ff73445e000 	c:\Users\prath\.vscode\extensions\redhat.java-1.47.0-win32-x64\jre\21.0.8-win32-x86_64\bin\java.exe
0x00007ff975960000 - 0x00007ff975bc8000 	C:\WINDOWS\SYSTEM32\ntdll.dll
0x00007ff974f60000 - 0x00007ff975029000 	C:\WINDOWS\System32\KERNEL32.DLL
0x00007ff972fd0000 - 0x00007ff9733c8000 	C:\WINDOWS\System32\KERNELBASE.dll
0x00007ff9727c0000 - 0x00007ff972975000 	C:\Windows\system32\hmpalert.dll
0x00007ff9725d0000 - 0x00007ff9727bc000 	C:\WINDOWS\System32\SophosED\SophosED.dll
0x00007ff972ce0000 - 0x00007ff972e2b000 	C:\WINDOWS\System32\ucrtbase.dll
0x00007ff921ad0000 - 0x00007ff921aee000 	c:\Users\prath\.vscode\extensions\redhat.java-1.47.0-win32-x64\jre\21.0.8-win32-x86_64\bin\VCRUNTIME140.dll
0x00007ff90d350000 - 0x00007ff90d368000 	c:\Users\prath\.vscode\extensions\redhat.java-1.47.0-win32-x64\jre\21.0.8-win32-x86_64\bin\jli.dll
0x00007ff9741a0000 - 0x00007ff974367000 	C:\WINDOWS\System32\USER32.dll
0x00007ff972e30000 - 0x00007ff972e57000 	C:\WINDOWS\System32\win32u.dll
0x00007ff973fe0000 - 0x00007ff97400b000 	C:\WINDOWS\System32\GDI32.dll
0x00007ff9733d0000 - 0x00007ff9734fc000 	C:\WINDOWS\System32\gdi32full.dll
0x00007ff972c30000 - 0x00007ff972cd3000 	C:\WINDOWS\System32\msvcp_win.dll
0x00007ff953270000 - 0x00007ff953504000 	C:\WINDOWS\WinSxS\amd64_microsoft.windows.common-controls_6595b64144ccf1df_6.0.26100.7019_none_3e06ffa0e335b8a8\COMCTL32.dll
0x00007ff974ca0000 - 0x00007ff974d49000 	C:\WINDOWS\System32\msvcrt.dll
0x00007ff975710000 - 0x00007ff975741000 	C:\WINDOWS\System32\IMM32.DLL
0x00007ff9378b0000 - 0x00007ff9378bc000 	c:\Users\prath\.vscode\extensions\redhat.java-1.47.0-win32-x64\jre\21.0.8-win32-x86_64\bin\vcruntime140_1.dll
0x00007ff8ecbf0000 - 0x00007ff8ecc7d000 	c:\Users\prath\.vscode\extensions\redhat.java-1.47.0-win32-x64\jre\21.0.8-win32-x86_64\bin\msvcp140.dll
0x00007ff8c6250000 - 0x00007ff8c6fe7000 	c:\Users\prath\.vscode\extensions\redhat.java-1.47.0-win32-x64\jre\21.0.8-win32-x86_64\bin\server\jvm.dll
0x00007ff975850000 - 0x00007ff975904000 	C:\WINDOWS\System32\ADVAPI32.dll
0x00007ff974490000 - 0x00007ff974536000 	C:\WINDOWS\System32\sechost.dll
0x00007ff974370000 - 0x00007ff974488000 	C:\WINDOWS\System32\RPCRT4.dll
0x00007ff974040000 - 0x00007ff9740b4000 	C:\WINDOWS\System32\WS2_32.dll
0x00007ff9723c0000 - 0x00007ff97241e000 	C:\WINDOWS\SYSTEM32\POWRPROF.dll
0x00007ff96b020000 - 0x00007ff96b055000 	C:\WINDOWS\SYSTEM32\WINMM.dll
0x00007ff96cfd0000 - 0x00007ff96cfdb000 	C:\WINDOWS\SYSTEM32\VERSION.dll
0x00007ff9723a0000 - 0x00007ff9723b4000 	C:\WINDOWS\SYSTEM32\UMPDC.dll
0x00007ff9714c0000 - 0x00007ff9714db000 	C:\WINDOWS\SYSTEM32\kernel.appcore.dll
0x00007ff9314f0000 - 0x00007ff9314fa000 	c:\Users\prath\.vscode\extensions\redhat.java-1.47.0-win32-x64\jre\21.0.8-win32-x86_64\bin\jimage.dll
0x00007ff966f60000 - 0x00007ff9671a2000 	C:\WINDOWS\SYSTEM32\DBGHELP.DLL
0x00007ff973730000 - 0x00007ff973abb000 	C:\WINDOWS\System32\combase.dll
0x00007ff9740c0000 - 0x00007ff974197000 	C:\WINDOWS\System32\OLEAUT32.dll
0x00007ff955070000 - 0x00007ff9550ac000 	C:\WINDOWS\SYSTEM32\dbgcore.DLL
0x00007ff972e60000 - 0x00007ff972f05000 	C:\WINDOWS\System32\bcryptPrimitives.dll
0x00007ff92e9e0000 - 0x00007ff92e9ef000 	c:\Users\prath\.vscode\extensions\redhat.java-1.47.0-win32-x64\jre\21.0.8-win32-x86_64\bin\instrument.dll
0x00007ff90c1b0000 - 0x00007ff90c1cf000 	c:\Users\prath\.vscode\extensions\redhat.java-1.47.0-win32-x64\jre\21.0.8-win32-x86_64\bin\java.dll
0x00007ff974540000 - 0x00007ff974c8f000 	C:\WINDOWS\System32\SHELL32.dll
0x00007ff973590000 - 0x00007ff9736fb000 	C:\WINDOWS\System32\wintypes.dll
0x00007ff970310000 - 0x00007ff970b6d000 	C:\WINDOWS\SYSTEM32\windows.storage.dll
0x00007ff9754a0000 - 0x00007ff975592000 	C:\WINDOWS\System32\SHCORE.dll
0x00007ff974ef0000 - 0x00007ff974f57000 	C:\WINDOWS\System32\shlwapi.dll
0x00007ff9729d0000 - 0x00007ff9729f9000 	C:\WINDOWS\SYSTEM32\profapi.dll
0x00007ff8f5ad0000 - 0x00007ff8f5ae8000 	c:\Users\prath\.vscode\extensions\redhat.java-1.47.0-win32-x64\jre\21.0.8-win32-x86_64\bin\zip.dll
0x00007ff92d4b0000 - 0x00007ff92d4c0000 	C:\Users\prath\.vscode\extensions\redhat.java-1.47.0-win32-x64\jre\21.0.8-win32-x86_64\bin\net.dll
0x00007ff96bed0000 - 0x00007ff96bff8000 	C:\WINDOWS\SYSTEM32\WINHTTP.dll
0x00007ff971a30000 - 0x00007ff971a9b000 	C:\WINDOWS\system32\mswsock.dll
0x00007ff8f4a80000 - 0x00007ff8f4a96000 	C:\Users\prath\.vscode\extensions\redhat.java-1.47.0-win32-x64\jre\21.0.8-win32-x86_64\bin\nio.dll
0x00007ff92ad70000 - 0x00007ff92ad80000 	c:\Users\prath\.vscode\extensions\redhat.java-1.47.0-win32-x64\jre\21.0.8-win32-x86_64\bin\verify.dll
0x00007ff8f2b60000 - 0x00007ff8f2ba4000 	C:\Users\prath\AppData\Roaming\Code\User\globalStorage\redhat.java\1.47.0\config_win\org.eclipse.equinox.launcher\org.eclipse.equinox.launcher.win32.win32.x86_64_1.2.1400.v20250801-0854\eclipse_11916.dll
0x00007ff974d50000 - 0x00007ff974ee7000 	C:\WINDOWS\System32\ole32.dll
0x00007ff971d00000 - 0x00007ff971d1b000 	C:\WINDOWS\SYSTEM32\CRYPTSP.dll
0x00007ff971420000 - 0x00007ff97145a000 	C:\WINDOWS\system32\rsaenh.dll
0x00007ff971ae0000 - 0x00007ff971b0b000 	C:\WINDOWS\SYSTEM32\USERENV.dll
0x00007ff9729a0000 - 0x00007ff9729ca000 	C:\WINDOWS\SYSTEM32\bcrypt.dll
0x00007ff971cf0000 - 0x00007ff971cfc000 	C:\WINDOWS\SYSTEM32\CRYPTBASE.dll
0x00007ff970f30000 - 0x00007ff970f64000 	C:\WINDOWS\SYSTEM32\IPHLPAPI.DLL
0x00007ff973700000 - 0x00007ff97370a000 	C:\WINDOWS\System32\NSI.dll
0x00007ff8f25d0000 - 0x00007ff8f2619000 	C:\Users\prath\AppData\Local\Temp\jna-106927443\jna6550508080184422750.dll
0x00007ff975910000 - 0x00007ff975918000 	C:\WINDOWS\System32\PSAPI.DLL

JVMTI agents:
c:\Users\prath\.vscode\extensions\redhat.java-1.47.0-win32-x64\lombok\lombok-1.18.39-4050.jar path:c:\Users\prath\.vscode\extensions\redhat.java-1.47.0-win32-x64\jre\21.0.8-win32-x86_64\bin\instrument.dll, loaded, initialized, instrumentlib options:none

dbghelp: loaded successfully - version: 4.0.5 - missing functions: none
symbol engine: initialized successfully - sym options: 0x614 - pdb path: .;c:\Users\prath\.vscode\extensions\redhat.java-1.47.0-win32-x64\jre\21.0.8-win32-x86_64\bin;C:\WINDOWS\SYSTEM32;C:\WINDOWS\System32\SophosED;C:\WINDOWS\WinSxS\amd64_microsoft.windows.common-controls_6595b64144ccf1df_6.0.26100.7019_none_3e06ffa0e335b8a8;c:\Users\prath\.vscode\extensions\redhat.java-1.47.0-win32-x64\jre\21.0.8-win32-x86_64\bin\server;C:\Users\prath\AppData\Roaming\Code\User\globalStorage\redhat.java\1.47.0\config_win\org.eclipse.equinox.launcher\org.eclipse.equinox.launcher.win32.win32.x86_64_1.2.1400.v20250801-0854;C:\Users\prath\AppData\Local\Temp\jna-106927443

VM Arguments:
jvm_args: --add-modules=ALL-SYSTEM --add-opens=java.base/java.util=ALL-UNNAMED --add-opens=java.base/java.lang=ALL-UNNAMED --add-opens=java.base/sun.nio.fs=ALL-UNNAMED -Declipse.application=org.eclipse.jdt.ls.core.id1 -Dosgi.bundles.defaultStartLevel=4 -Declipse.product=org.eclipse.jdt.ls.core.product -Djava.import.generatesMetadataFilesAtProjectRoot=false -DDetectVMInstallationsJob.disabled=true -Dfile.encoding=utf8 -XX:+UseParallelGC -XX:GCTimeRatio=4 -XX:AdaptiveSizePolicyWeight=90 -Dsun.zip.disableMemoryMapping=true -Xmx2G -Xms100m -Xlog:disable -javaagent:c:\Users\prath\.vscode\extensions\redhat.java-1.47.0-win32-x64\lombok\lombok-1.18.39-4050.jar -XX:+HeapDumpOnOutOfMemoryError -XX:HeapDumpPath=c:\Users\prath\AppData\Roaming\Code\User\workspaceStorage\32dbff991ce16aac213f964480ecffa2\redhat.java -Daether.dependencyCollector.impl=bf 
java_command: c:\Users\prath\.vscode\extensions\redhat.java-1.47.0-win32-x64\server\plugins\org.eclipse.equinox.launcher_1.7.100.v20251014-1222.jar -configuration c:\Users\prath\AppData\Roaming\Code\User\globalStorage\redhat.java\1.47.0\config_win -data c:\Users\prath\AppData\Roaming\Code\User\workspaceStorage\32dbff991ce16aac213f964480ecffa2\redhat.java\jdt_ws --pipe=\\.\pipe\lsp-8659f838adb93be1c24d393f664eb928-sock
java_class_path (initial): c:\Users\prath\.vscode\extensions\redhat.java-1.47.0-win32-x64\server\plugins\org.eclipse.equinox.launcher_1.7.100.v20251014-1222.jar
Launcher Type: SUN_STANDARD

[Global flags]
    uintx AdaptiveSizePolicyWeight                 = 90                                        {product} {command line}
     intx CICompilerCount                          = 4                                         {product} {ergonomic}
    uintx GCTimeRatio                              = 4                                         {product} {command line}
     bool HeapDumpOnOutOfMemoryError               = true                                   {manageable} {command line}
    ccstr HeapDumpPath                             = c:\Users\prath\AppData\Roaming\Code\User\workspaceStorage\32dbff991ce16aac213f964480ecffa2\redhat.java         {manageable} {command line}
   size_t InitialHeapSize                          = 104857600                                 {product} {command line}
   size_t MaxHeapSize                              = 2147483648                                {product} {command line}
   size_t MaxNewSize                               = 715653120                                 {product} {ergonomic}
   size_t MinHeapDeltaBytes                        = 524288                                    {product} {ergonomic}
   size_t MinHeapSize                              = 104857600                                 {product} {command line}
   size_t NewSize                                  = 34603008                                  {product} {ergonomic}
    uintx NonNMethodCodeHeapSize                   = 5839372                                {pd product} {ergonomic}
    uintx NonProfiledCodeHeapSize                  = 122909434                              {pd product} {ergonomic}
   size_t OldSize                                  = 70254592                                  {product} {ergonomic}
    uintx ProfiledCodeHeapSize                     = 122909434                              {pd product} {ergonomic}
    uintx ReservedCodeCacheSize                    = 251658240                              {pd product} {ergonomic}
     bool SegmentedCodeCache                       = true                                      {product} {ergonomic}
   size_t SoftMaxHeapSize                          = 2147483648                             {manageable} {ergonomic}
     bool UseCompressedOops                        = true                           {product lp64_product} {ergonomic}
     bool UseLargePagesIndividualAllocation        = false                                  {pd product} {ergonomic}
     bool UseParallelGC                            = true                                      {product} {command line}

Logging:
Log output configuration:
 #0: stdout all=off uptime,level,tags foldmultilines=false
 #1: stderr all=off uptime,level,tags foldmultilines=false

Environment Variables:
PATH=C:\Program Files (x86)\Common Files\Oracle\Java\javapath;C:\Program Files\Common Files\Oracle\Java\javapath;C:\windows\system32;C:\windows;C:\windows\System32\Wbem;C:\windows\System32\WindowsPowerShell\v1.0\;C:\windows\System32\OpenSSH\;C:\Program Files (x86)\NVIDIA Corporation\PhysX\Common;C:\Program Files\NVIDIA Corporation\NVIDIA NvDLISR;C:\WINDOWS\system32;C:\WINDOWS;C:\WINDOWS\System32\Wbem;C:\WINDOWS\System32\WindowsPowerShell\v1.0\;C:\WINDOWS\System32\OpenSSH\;C:\Program Files\HP\HP One Agent;C:\Program Files\nodejs\;C:\WINDOWS\system32;C:\WINDOWS;C:\WINDOWS\System32\Wbem;C:\WINDOWS\System32\WindowsPowerShell\v1.0\;C:\WINDOWS\System32\OpenSSH\;C:\Program Files\dotnet\;C:\Program Files\Microsoft SQL Server\150\Tools\Binn\;C:\Program Files\Microsoft SQL Server\Client SDK\ODBC\170\Tools\Binn\;C:\atlassian-plugin-sdk-9.1.1\bin;C:\Program Files\Git\cmd;C:\Program Files\Java\jdk-17.0.2;C:\Program Files\MySQL\MySQL Shell 8.0\bin\;C:\Users\prath\AppData\Local\Programs\Python\Python311\Scripts\;C:\Users\prath\AppData\Local\Programs\Python\Python311\;C:\Users\prath\AppData\Local\Microsoft\WindowsApps;C:\Program Files\JetBrains\IntelliJ IDEA 2021.3.2\bin;;C:\Program Files\JetBrains\IntelliJ IDEA Community Edition 2021.3.2\bin;;C:\Users\prath\AppData\Local\GitHubDesktop\bin;C:\Users\prath\AppData\Local\Programs\Microsoft VS Code\bin;C:\Users\prath\AppData\Roaming\npm;C:\Users\prath\.dotnet\tools;C:\Users\prath\AppData\Local\Programs\Windsurf\bin;D:\Qoder\bin
USERNAME=prath
OS=Windows_NT
PROCESSOR_IDENTIFIER=AMD64 Family 25 Model 80 Stepping 0, AuthenticAMD
TMP=C:\Users\prath\AppData\Local\Temp
TEMP=C:\Users\prath\AppData\Local\Temp




Periodic native trim disabled

---------------  S Y S T E M  ---------------

OS:
 Windows 11 , 64 bit Build 26100 (10.0.26100.7019)
OS uptime: 3 days 19:35 hours
Hyper-V role detected

CPU: total 12 (initial active 12) (12 cores per cpu, 2 threads per core) family 25 model 80 stepping 0 microcode 0xa50000d, cx8, cmov, fxsr, ht, mmx, 3dnowpref, sse, sse2, sse3, ssse3, sse4a, sse4.1, sse4.2, popcnt, lzcnt, tsc, tscinvbit, avx, avx2, aes, erms, clmul, bmi1, bmi2, adx, sha, fma, vzeroupper, clflush, clflushopt, hv, rdtscp, rdpid, fsrm, f16c, cet_ss
Processor Information for the first 12 processors :
  Max Mhz: 3301, Current Mhz: 3301, Mhz Limit: 3301

Memory: 4k page, system-wide physical 7521M (592M free)
TotalPageFile size 30464M (AvailPageFile size 83M)
current process WorkingSet (physical memory assigned to process): 124M, peak: 124M
current process commit charge ("private bytes"): 284M, peak: 285M

vm_info: OpenJDK 64-Bit Server VM (21.0.8+9-LTS) for windows-amd64 JRE (21.0.8+9-LTS), built on 2025-07-15T00:00:00Z by "admin" with MS VC++ 17.7 (VS2022)

END.
