#
# There is insufficient memory for the Java Runtime Environment to continue.
# Native memory allocation (malloc) failed to allocate 875376 bytes. Error detail: Chunk::new
# Possible reasons:
#   The system is out of physical RAM or swap space
#   This process is running with CompressedOops enabled, and the Java Heap may be blocking the growth of the native heap
# Possible solutions:
#   Reduce memory load on the system
#   Increase physical memory or swap space
#   Check if swap backing store is full
#   Decrease Java heap size (-Xmx/-Xms)
#   Decrease number of Java threads
#   Decrease Java thread stack sizes (-Xss)
#   Set larger code cache with -XX:ReservedCodeCacheSize=
#   JVM is running with Unscaled Compressed Oops mode in which the Java heap is
#     placed in the first 4GB address space. The Java Heap base address is the
#     maximum limit for the native heap growth. Please use -XX:HeapBaseMinAddress
#     to set the Java Heap base and to place the Java Heap above 4GB virtual address.
# This output file may be truncated or incomplete.
#
#  Out of Memory Error (arena.cpp:168), pid=588, tid=8696
#
# JRE version: OpenJDK Runtime Environment Temurin-21.0.9+10 (21.0.9+10) (build 21.0.9+10-LTS)
# Java VM: OpenJDK 64-Bit Server VM Temurin-21.0.9+10 (21.0.9+10-LTS, mixed mode, sharing, tiered, compressed oops, compressed class ptrs, parallel gc, windows-amd64)
# No core dump will be written. Minidumps are not enabled by default on client versions of Windows
#

---------------  S U M M A R Y ------------

Command Line: --add-modules=ALL-SYSTEM --add-opens=java.base/java.util=ALL-UNNAMED --add-opens=java.base/java.lang=ALL-UNNAMED --add-opens=java.base/sun.nio.fs=ALL-UNNAMED -Declipse.application=org.eclipse.jdt.ls.core.id1 -Dosgi.bundles.defaultStartLevel=4 -Declipse.product=org.eclipse.jdt.ls.core.product -Djava.import.generatesMetadataFilesAtProjectRoot=false -DDetectVMInstallationsJob.disabled=true -Dfile.encoding=utf8 -XX:+UseParallelGC -XX:GCTimeRatio=4 -XX:AdaptiveSizePolicyWeight=90 -Dsun.zip.disableMemoryMapping=true -Xmx2G -Xms100m -Xlog:disable -javaagent:c:\Users\prath\.vscode\extensions\redhat.java-1.49.0-win32-x64\lombok\lombok-1.18.39-4050.jar -XX:+HeapDumpOnOutOfMemoryError -XX:HeapDumpPath=c:\Users\prath\AppData\Roaming\Code\User\workspaceStorage\32dbff991ce16aac213f964480ecffa2\redhat.java -Daether.dependencyCollector.impl=bf c:\Users\prath\.vscode\extensions\redhat.java-1.49.0-win32-x64\server\plugins\org.eclipse.equinox.launcher_1.7.100.v20251111-0406.jar -configuration c:\Users\prath\AppData\Roaming\Code\User\globalStorage\redhat.java\1.49.0\config_win -data c:\Users\prath\AppData\Roaming\Code\User\workspaceStorage\32dbff991ce16aac213f964480ecffa2\redhat.java\jdt_ws --pipe=\\.\pipe\lsp-6a33318f21cf157007956b7b602e27aa-sock

Host: AMD Ryzen 5 5600H with Radeon Graphics         , 12 cores, 7G,  Windows 11 , 64 bit Build 26100 (10.0.26100.7019)
Time: Sun Nov 23 02:39:30 2025 India Standard Time elapsed time: 12.985192 seconds (0d 0h 0m 12s)

---------------  T H R E A D  ---------------

Current thread (0x00000274e0e8c9a0):  JavaThread "C2 CompilerThread2" daemon [_thread_in_native, id=8696, stack(0x000000d686100000,0x000000d686200000) (1024K)]


Current CompileTask:
C2:12985 7057       4       jdk.internal.org.objectweb.asm.SymbolTable::addConstantMemberReference (147 bytes)

Stack: [0x000000d686100000,0x000000d686200000]
Native frames: (J=compiled Java code, j=interpreted, Vv=VM code, C=native code)
V  [jvm.dll+0x6d6e29]
V  [jvm.dll+0x8b4b76]
V  [jvm.dll+0x8b712e]
V  [jvm.dll+0x8b7813]
V  [jvm.dll+0x283d86]
V  [jvm.dll+0xc66ed]
V  [jvm.dll+0xc6c31]
V  [jvm.dll+0x3be501]
V  [jvm.dll+0x1e3b52]
V  [jvm.dll+0x24c0f3]
V  [jvm.dll+0x24b580]
V  [jvm.dll+0x1cb13e]
V  [jvm.dll+0x25b29d]
V  [jvm.dll+0x25982a]
V  [jvm.dll+0x3f7ea6]
V  [jvm.dll+0x85e9ad]
V  [jvm.dll+0x6d565d]
C  [ucrtbase.dll+0x37b0]
C  [KERNEL32.DLL+0x2e8d7]
C  [ntdll.dll+0x8c53c]


---------------  P R O C E S S  ---------------

Threads class SMR info:
_java_thread_list=0x00000274e0ef1510, length=53, elements={
0x0000027481dea510, 0x000002749887b1d0, 0x000002749887e650, 0x00000274988819c0,
0x0000027498882610, 0x0000027498886ad0, 0x00000274dabe1fd0, 0x00000274dabe7ef0,
0x00000274dabe9e40, 0x00000274dadca460, 0x00000274dae5cff0, 0x00000274e0379fd0,
0x00000274e08060a0, 0x00000274e0ab5270, 0x00000274e0978d60, 0x00000274e0b202e0,
0x00000274e0c5c4a0, 0x00000274e0b9f160, 0x00000274e0b9f7f0, 0x00000274e0f996f0,
0x00000274e0f9c4e0, 0x00000274e0f9b7c0, 0x00000274e0f99060, 0x00000274e0f9cb70,
0x00000274e0f9aaa0, 0x00000274e0f9d200, 0x00000274e0f9d890, 0x00000274e0f9a410,
0x00000274e0f9b130, 0x00000274e0f9df20, 0x00000274e0f9ec40, 0x00000274e0f9e5b0,
0x00000274e0f9f2d0, 0x00000274e0f9fff0, 0x00000274e0f9f960, 0x00000274e0fa0680,
0x00000274e2a8b1d0, 0x00000274e2a8bef0, 0x00000274e2a8ab40, 0x00000274e2a8c580,
0x00000274e2a8f370, 0x00000274e2a8ece0, 0x00000274e2a8fa00, 0x00000274e2a90090,
0x00000274e2a8cc10, 0x00000274e2a90720, 0x00000274e2a8d2a0, 0x00000274e2a90db0,
0x00000274e366b220, 0x00000274e366b8b0, 0x00000274e366bf40, 0x00000274e0e8d070,
0x00000274e0e8c9a0
}

Java Threads: ( => current thread )
  0x0000027481dea510 JavaThread "main"                              [_thread_blocked, id=34012, stack(0x000000d683f00000,0x000000d684000000) (1024K)]
  0x000002749887b1d0 JavaThread "Reference Handler"          daemon [_thread_blocked, id=1080, stack(0x000000d684300000,0x000000d684400000) (1024K)]
  0x000002749887e650 JavaThread "Finalizer"                  daemon [_thread_blocked, id=40528, stack(0x000000d684400000,0x000000d684500000) (1024K)]
  0x00000274988819c0 JavaThread "Signal Dispatcher"          daemon [_thread_blocked, id=37468, stack(0x000000d684500000,0x000000d684600000) (1024K)]
  0x0000027498882610 JavaThread "Attach Listener"            daemon [_thread_blocked, id=17788, stack(0x000000d684600000,0x000000d684700000) (1024K)]
  0x0000027498886ad0 JavaThread "Service Thread"             daemon [_thread_blocked, id=19944, stack(0x000000d684700000,0x000000d684800000) (1024K)]
  0x00000274dabe1fd0 JavaThread "Monitor Deflation Thread"   daemon [_thread_blocked, id=3024, stack(0x000000d684800000,0x000000d684900000) (1024K)]
  0x00000274dabe7ef0 JavaThread "C2 CompilerThread0"         daemon [_thread_in_native, id=32804, stack(0x000000d684900000,0x000000d684a00000) (1024K)]
  0x00000274dabe9e40 JavaThread "C1 CompilerThread0"         daemon [_thread_in_native, id=24412, stack(0x000000d684a00000,0x000000d684b00000) (1024K)]
  0x00000274dadca460 JavaThread "Common-Cleaner"             daemon [_thread_blocked, id=22252, stack(0x000000d684b00000,0x000000d684c00000) (1024K)]
  0x00000274dae5cff0 JavaThread "Notification Thread"        daemon [_thread_blocked, id=35420, stack(0x000000d684d00000,0x000000d684e00000) (1024K)]
  0x00000274e0379fd0 JavaThread "Active Thread: Equinox Container: 95f77bf8-a190-4a5f-a982-0ac48126e267"        [_thread_blocked, id=16628, stack(0x000000d685500000,0x000000d685600000) (1024K)]
  0x00000274e08060a0 JavaThread "Refresh Thread: Equinox Container: 95f77bf8-a190-4a5f-a982-0ac48126e267" daemon [_thread_blocked, id=37496, stack(0x000000d685600000,0x000000d685700000) (1024K)]
  0x00000274e0ab5270 JavaThread "Framework Event Dispatcher: Equinox Container: 95f77bf8-a190-4a5f-a982-0ac48126e267" daemon [_thread_blocked, id=8360, stack(0x000000d685800000,0x000000d685900000) (1024K)]
  0x00000274e0978d60 JavaThread "Start Level: Equinox Container: 95f77bf8-a190-4a5f-a982-0ac48126e267" daemon [_thread_blocked, id=25048, stack(0x000000d685900000,0x000000d685a00000) (1024K)]
  0x00000274e0b202e0 JavaThread "Bundle File Closer"         daemon [_thread_blocked, id=31356, stack(0x000000d685c00000,0x000000d685d00000) (1024K)]
  0x00000274e0c5c4a0 JavaThread "SCR Component Actor"        daemon [_thread_blocked, id=24128, stack(0x000000d685d00000,0x000000d685e00000) (1024K)]
  0x00000274e0b9f160 JavaThread "Worker-JM"                         [_thread_blocked, id=36076, stack(0x000000d685e00000,0x000000d685f00000) (1024K)]
  0x00000274e0b9f7f0 JavaThread "JNA Cleaner"                daemon [_thread_blocked, id=35332, stack(0x000000d684c00000,0x000000d684d00000) (1024K)]
  0x00000274e0f996f0 JavaThread "Worker-0"                          [_thread_blocked, id=28100, stack(0x000000d684e00000,0x000000d684f00000) (1024K)]
  0x00000274e0f9c4e0 JavaThread "Worker-1"                          [_thread_blocked, id=22632, stack(0x000000d685f00000,0x000000d686000000) (1024K)]
  0x00000274e0f9b7c0 JavaThread "Java indexing"              daemon [_thread_blocked, id=24724, stack(0x000000d686200000,0x000000d686300000) (1024K)]
  0x00000274e0f99060 JavaThread "Worker-2"                          [_thread_blocked, id=16736, stack(0x000000d686500000,0x000000d686600000) (1024K)]
  0x00000274e0f9cb70 JavaThread "Worker-3: Initialize workspace"        [_thread_blocked, id=21728, stack(0x000000d686600000,0x000000d686700000) (1024K)]
  0x00000274e0f9aaa0 JavaThread "Thread-1"                   daemon [_thread_in_native, id=41524, stack(0x000000d686700000,0x000000d686800000) (1024K)]
  0x00000274e0f9d200 JavaThread "Thread-2"                   daemon [_thread_in_native, id=28352, stack(0x000000d686800000,0x000000d686900000) (1024K)]
  0x00000274e0f9d890 JavaThread "Thread-3"                   daemon [_thread_in_native, id=13396, stack(0x000000d686900000,0x000000d686a00000) (1024K)]
  0x00000274e0f9a410 JavaThread "Thread-4"                   daemon [_thread_in_native, id=9480, stack(0x000000d686a00000,0x000000d686b00000) (1024K)]
  0x00000274e0f9b130 JavaThread "Thread-5"                   daemon [_thread_in_native, id=8408, stack(0x000000d686b00000,0x000000d686c00000) (1024K)]
  0x00000274e0f9df20 JavaThread "Thread-6"                   daemon [_thread_in_native, id=6724, stack(0x000000d686c00000,0x000000d686d00000) (1024K)]
  0x00000274e0f9ec40 JavaThread "Thread-7"                   daemon [_thread_in_native, id=28540, stack(0x000000d686d00000,0x000000d686e00000) (1024K)]
  0x00000274e0f9e5b0 JavaThread "Thread-8"                   daemon [_thread_in_native, id=32080, stack(0x000000d686e00000,0x000000d686f00000) (1024K)]
  0x00000274e0f9f2d0 JavaThread "Thread-9"                   daemon [_thread_in_native, id=13604, stack(0x000000d686f00000,0x000000d687000000) (1024K)]
  0x00000274e0f9fff0 JavaThread "Thread-10"                  daemon [_thread_in_native, id=30700, stack(0x000000d687000000,0x000000d687100000) (1024K)]
  0x00000274e0f9f960 JavaThread "Thread-11"                  daemon [_thread_in_native, id=21616, stack(0x000000d687100000,0x000000d687200000) (1024K)]
  0x00000274e0fa0680 JavaThread "Thread-12"                  daemon [_thread_in_native, id=12356, stack(0x000000d687200000,0x000000d687300000) (1024K)]
  0x00000274e2a8b1d0 JavaThread "Thread-13"                  daemon [_thread_in_native, id=25236, stack(0x000000d687300000,0x000000d687400000) (1024K)]
  0x00000274e2a8bef0 JavaThread "pool-2-thread-1"                   [_thread_blocked, id=24516, stack(0x000000d687400000,0x000000d687500000) (1024K)]
  0x00000274e2a8ab40 JavaThread "WorkspaceEventsHandler"            [_thread_blocked, id=17116, stack(0x000000d687500000,0x000000d687600000) (1024K)]
  0x00000274e2a8c580 JavaThread "pool-1-thread-1"                   [_thread_blocked, id=26324, stack(0x000000d687600000,0x000000d687700000) (1024K)]
  0x00000274e2a8f370 JavaThread "ForkJoinPool.commonPool-worker-1" daemon [_thread_blocked, id=18244, stack(0x000000d687700000,0x000000d687800000) (1024K)]
  0x00000274e2a8ece0 JavaThread "ForkJoinPool.commonPool-worker-2" daemon [_thread_blocked, id=38788, stack(0x000000d687800000,0x000000d687900000) (1024K)]
  0x00000274e2a8fa00 JavaThread "ForkJoinPool.commonPool-worker-3" daemon [_thread_blocked, id=37400, stack(0x000000d687900000,0x000000d687a00000) (1024K)]
  0x00000274e2a90090 JavaThread "ForkJoinPool.commonPool-worker-4" daemon [_thread_blocked, id=26116, stack(0x000000d687a00000,0x000000d687b00000) (1024K)]
  0x00000274e2a8cc10 JavaThread "ForkJoinPool.commonPool-worker-5" daemon [_thread_blocked, id=20284, stack(0x000000d687b00000,0x000000d687c00000) (1024K)]
  0x00000274e2a90720 JavaThread "ForkJoinPool.commonPool-worker-6" daemon [_thread_in_Java, id=26672, stack(0x000000d687c00000,0x000000d687d00000) (1024K)]
  0x00000274e2a8d2a0 JavaThread "ForkJoinPool.commonPool-worker-7" daemon [_thread_blocked, id=12812, stack(0x000000d687d00000,0x000000d687e00000) (1024K)]
  0x00000274e2a90db0 JavaThread "ForkJoinPool.commonPool-worker-8" daemon [_thread_blocked, id=15588, stack(0x000000d687e00000,0x000000d687f00000) (1024K)]
  0x00000274e366b220 JavaThread "ForkJoinPool.commonPool-worker-9" daemon [_thread_blocked, id=9636, stack(0x000000d687f00000,0x000000d688000000) (1024K)]
  0x00000274e366b8b0 JavaThread "ForkJoinPool.commonPool-worker-10" daemon [_thread_blocked, id=31976, stack(0x000000d688000000,0x000000d688100000) (1024K)]
  0x00000274e366bf40 JavaThread "ForkJoinPool.commonPool-worker-11" daemon [_thread_blocked, id=11084, stack(0x000000d688100000,0x000000d688200000) (1024K)]
  0x00000274e0e8d070 JavaThread "C2 CompilerThread1"         daemon [_thread_in_native, id=25580, stack(0x000000d686000000,0x000000d686100000) (1024K)]
=>0x00000274e0e8c9a0 JavaThread "C2 CompilerThread2"         daemon [_thread_in_native, id=8696, stack(0x000000d686100000,0x000000d686200000) (1024K)]
Total: 53

Other Threads:
  0x0000027481e88b20 VMThread "VM Thread"                           [id=16524, stack(0x000000d684200000,0x000000d684300000) (1024K)]
  0x000002749876ba00 WatcherThread "VM Periodic Task Thread"        [id=7052, stack(0x000000d684100000,0x000000d684200000) (1024K)]
  0x0000027481e07ac0 WorkerThread "GC Thread#0"                     [id=36416, stack(0x000000d684000000,0x000000d684100000) (1024K)]
  0x00000274e02baea0 WorkerThread "GC Thread#1"                     [id=40472, stack(0x000000d684f00000,0x000000d685000000) (1024K)]
  0x00000274e0529940 WorkerThread "GC Thread#2"                     [id=20884, stack(0x000000d685000000,0x000000d685100000) (1024K)]
  0x00000274e0529ce0 WorkerThread "GC Thread#3"                     [id=9720, stack(0x000000d685100000,0x000000d685200000) (1024K)]
  0x00000274e080a0b0 WorkerThread "GC Thread#4"                     [id=29544, stack(0x000000d685200000,0x000000d685300000) (1024K)]
  0x00000274e080a450 WorkerThread "GC Thread#5"                     [id=19396, stack(0x000000d685300000,0x000000d685400000) (1024K)]
  0x00000274e080a7f0 WorkerThread "GC Thread#6"                     [id=18368, stack(0x000000d685400000,0x000000d685500000) (1024K)]
  0x00000274e0971090 WorkerThread "GC Thread#7"                     [id=29760, stack(0x000000d685700000,0x000000d685800000) (1024K)]
  0x00000274e0b6e120 WorkerThread "GC Thread#8"                     [id=12900, stack(0x000000d685a00000,0x000000d685b00000) (1024K)]
  0x00000274e0b6efa0 WorkerThread "GC Thread#9"                     [id=35532, stack(0x000000d685b00000,0x000000d685c00000) (1024K)]
Total: 12

Threads with active compile tasks:
C2 CompilerThread0  13046 7360       4       java.util.ArrayList::hashCodeRange (68 bytes)
C1 CompilerThread0  13046 7366       2       java.lang.invoke.DirectMethodHandle$Holder::invokeStatic (24 bytes)
C2 CompilerThread1  13046 7237   !   4       java.nio.file.FileTreeWalker::next (144 bytes)
C2 CompilerThread2  13046 7057       4       jdk.internal.org.objectweb.asm.SymbolTable::addConstantMemberReference (147 bytes)
Total: 4

VM state: not at safepoint (normal execution)

VM Mutex/Monitor currently owned by a thread: None

Heap address: 0x0000000080000000, size: 2048 MB, Compressed Oops mode: 32-bit

CDS archive(s) mapped at: [0x0000027499000000-0x0000027499ba0000-0x0000027499ba0000), size 12189696, SharedBaseAddress: 0x0000027499000000, ArchiveRelocationMode: 1.
Compressed class space mapped at: 0x000002749a000000-0x00000274da000000, reserved size: 1073741824
Narrow klass base: 0x0000027499000000, Narrow klass shift: 0, Narrow klass range: 0x100000000

GC Precious Log:
 CardTable entry size: 512
 CPUs: 12 total, 12 available
 Memory: 7521M
 Large Page Support: Disabled
 NUMA Support: Disabled
 Compressed Oops: Enabled (32-bit)
 Alignments: Space 512K, Generation 512K, Heap 2M
 Heap Min Capacity: 100M
 Heap Initial Capacity: 100M
 Heap Max Capacity: 2G
 Pre-touch: Disabled
 Parallel Workers: 10

Heap:
 PSYoungGen      total 31744K, used 19574K [0x00000000d5580000, 0x00000000d7900000, 0x0000000100000000)
  eden space 30208K, 59% used [0x00000000d5580000,0x00000000d6725ac8,0x00000000d7300000)
  from space 1536K, 97% used [0x00000000d7680000,0x00000000d77f8040,0x00000000d7800000)
  to   space 1024K, 0% used [0x00000000d7800000,0x00000000d7800000,0x00000000d7900000)
 ParOldGen       total 68608K, used 39347K [0x0000000080000000, 0x0000000084300000, 0x00000000d5580000)
  object space 68608K, 57% used [0x0000000080000000,0x000000008266cc88,0x0000000084300000)
 Metaspace       used 49067K, committed 50496K, reserved 1114112K
  class space    used 5324K, committed 5952K, reserved 1048576K

Card table byte_map: [0x00000274817b0000,0x0000027481bc0000] _byte_map_base: 0x00000274813b0000

Marking Bits: (ParMarkBitMap*) 0x00007ff9036f2460
 Begin Bits: [0x0000027494290000, 0x0000027496290000)
 End Bits:   [0x0000027496290000, 0x0000027498290000)

Polling page: 0x00000274815a0000

Metaspace:

Usage:
  Non-class:     42.72 MB used.
      Class:      5.20 MB used.
       Both:     47.92 MB used.

Virtual space:
  Non-class space:       64.00 MB reserved,      43.50 MB ( 68%) committed,  1 nodes.
      Class space:        1.00 GB reserved,       5.81 MB ( <1%) committed,  1 nodes.
             Both:        1.06 GB reserved,      49.31 MB (  5%) committed. 

Chunk freelists:
   Non-Class:  3.97 MB
       Class:  10.05 MB
        Both:  14.02 MB

MaxMetaspaceSize: unlimited
CompressedClassSpaceSize: 1.00 GB
Initial GC threshold: 21.00 MB
Current GC threshold: 58.38 MB
CDS: on
 - commit_granule_bytes: 65536.
 - commit_granule_words: 8192.
 - virtual_space_node_default_size: 8388608.
 - enlarge_chunks_in_place: 1.
 - use_allocation_guard: 0.


Internal statistics:

num_allocs_failed_limit: 6.
num_arena_births: 1036.
num_arena_deaths: 14.
num_vsnodes_births: 2.
num_vsnodes_deaths: 0.
num_space_committed: 789.
num_space_uncommitted: 0.
num_chunks_returned_to_freelist: 20.
num_chunks_taken_from_freelist: 3281.
num_chunk_merges: 11.
num_chunk_splits: 2020.
num_chunks_enlarged: 1148.
num_inconsistent_stats: 0.

CodeHeap 'non-profiled nmethods': size=120000Kb used=3906Kb max_used=3906Kb free=116093Kb
 bounds [0x000002748cab0000, 0x000002748ce90000, 0x0000027493fe0000]
CodeHeap 'profiled nmethods': size=120000Kb used=14288Kb max_used=14288Kb free=105711Kb
 bounds [0x0000027484fe0000, 0x0000027485de0000, 0x000002748c510000]
CodeHeap 'non-nmethods': size=5760Kb used=1381Kb max_used=1447Kb free=4378Kb
 bounds [0x000002748c510000, 0x000002748c780000, 0x000002748cab0000]
CodeCache: size=245760Kb, used=19575Kb, max_used=19641Kb, free=226182Kb
 total_blobs=7447, nmethods=6766, adapters=586, full_count=0
Compilation: enabled, stopped_count=0, restarted_count=0

Compilation events (20 events):
Event: 8.946 Thread 0x00000274dabe9e40 nmethod 7259 0x0000027485d9eb90 code [0x0000027485d9ed40, 0x0000027485d9ee80]
Event: 8.946 Thread 0x00000274dabe9e40 7260       3       java.util.stream.StreamSpliterators$WrappingSpliterator::initPartialTraversalState (46 bytes)
Event: 8.947 Thread 0x00000274dabe9e40 nmethod 7260 0x0000027485d9ef10 code [0x0000027485d9f1a0, 0x0000027485d9fe90]
Event: 8.947 Thread 0x00000274dabe9e40 7261       3       java.util.stream.StreamSpliterators$WrappingSpliterator$$Lambda/0x000002749a0265c0::<init> (10 bytes)
Event: 8.947 Thread 0x00000274dabe9e40 nmethod 7261 0x0000027485da0310 code [0x0000027485da04c0, 0x0000027485da0648]
Event: 8.947 Thread 0x00000274dabe9e40 7262       3       java.util.stream.StreamSpliterators$WrappingSpliterator$$Lambda/0x000002749a0275a0::<init> (10 bytes)
Event: 8.947 Thread 0x00000274dabe9e40 nmethod 7262 0x0000027485da0710 code [0x0000027485da08c0, 0x0000027485da0a48]
Event: 8.947 Thread 0x00000274dabe9e40 7169       3       jdk.internal.jimage.ImageLocation::verifyName (161 bytes)
Event: 8.948 Thread 0x00000274dabe9e40 nmethod 7169 0x0000027485da0b10 code [0x0000027485da0e60, 0x0000027485da23a0]
Event: 8.948 Thread 0x00000274dabe9e40 7170       3       jdk.internal.jimage.BasicImageReader::getResource (24 bytes)
Event: 8.949 Thread 0x00000274dabe9e40 nmethod 7170 0x0000027485da2d10 code [0x0000027485da2f20, 0x0000027485da35b8]
Event: 8.949 Thread 0x00000274dabe9e40 7171   !   3       jdk.internal.jimage.BasicImageReader::getResourceBuffer (203 bytes)
Event: 8.950 Thread 0x00000274dabe9e40 nmethod 7171 0x0000027485da3810 code [0x0000027485da3c20, 0x0000027485da53d0]
Event: 8.950 Thread 0x00000274dabe9e40 7172       3       jdk.internal.jimage.ImageLocation::getContentOffset (6 bytes)
Event: 8.950 Thread 0x00000274dabe9e40 nmethod 7172 0x0000027485da5f10 code [0x0000027485da60c0, 0x0000027485da6208]
Event: 8.956 Thread 0x00000274dabe9e40 7274       1       org.eclipse.jdt.internal.compiler.parser.TerminalToken::tokenNumber (5 bytes)
Event: 8.956 Thread 0x00000274dabe9e40 nmethod 7274 0x000002748ce72d10 code [0x000002748ce72ea0, 0x000002748ce72f68]
Event: 8.958 Thread 0x00000274dabe9e40 7275 %     3       jdk.internal.jrtfs.JrtPath::normalize @ 15 (97 bytes)
Event: 8.959 Thread 0x00000274dabe9e40 nmethod 7275% 0x0000027485da6290 code [0x0000027485da6500, 0x0000027485da6f80]
Event: 8.959 Thread 0x00000274dabe9e40 7277       3       jdk.internal.jimage.ImageReader$SharedImageReader::makeDirectories (54 bytes)

GC Heap History (20 events):
Event: 5.049 GC heap after
{Heap after GC invocations=15 (full 2):
 PSYoungGen      total 26624K, used 0K [0x00000000d5580000, 0x00000000d7180000, 0x0000000100000000)
  eden space 22016K, 0% used [0x00000000d5580000,0x00000000d5580000,0x00000000d6b00000)
  from space 4608K, 0% used [0x00000000d6b00000,0x00000000d6b00000,0x00000000d6f80000)
  to   space 2048K, 0% used [0x00000000d6f80000,0x00000000d6f80000,0x00000000d7180000)
 ParOldGen       total 68608K, used 20377K [0x0000000080000000, 0x0000000084300000, 0x00000000d5580000)
  object space 68608K, 29% used [0x0000000080000000,0x00000000813e6430,0x0000000084300000)
 Metaspace       used 34737K, committed 35840K, reserved 1114112K
  class space    used 3586K, committed 4032K, reserved 1048576K
}
Event: 5.217 GC heap before
{Heap before GC invocations=16 (full 2):
 PSYoungGen      total 26624K, used 22016K [0x00000000d5580000, 0x00000000d7180000, 0x0000000100000000)
  eden space 22016K, 100% used [0x00000000d5580000,0x00000000d6b00000,0x00000000d6b00000)
  from space 4608K, 0% used [0x00000000d6b00000,0x00000000d6b00000,0x00000000d6f80000)
  to   space 2048K, 0% used [0x00000000d6f80000,0x00000000d6f80000,0x00000000d7180000)
 ParOldGen       total 68608K, used 20377K [0x0000000080000000, 0x0000000084300000, 0x00000000d5580000)
  object space 68608K, 29% used [0x0000000080000000,0x00000000813e6430,0x0000000084300000)
 Metaspace       used 37048K, committed 38208K, reserved 1114112K
  class space    used 3910K, committed 4416K, reserved 1048576K
}
Event: 5.218 GC heap after
{Heap after GC invocations=16 (full 2):
 PSYoungGen      total 23552K, used 1418K [0x00000000d5580000, 0x00000000d7100000, 0x0000000100000000)
  eden space 22016K, 0% used [0x00000000d5580000,0x00000000d5580000,0x00000000d6b00000)
  from space 1536K, 92% used [0x00000000d6f80000,0x00000000d70e2ae0,0x00000000d7100000)
  to   space 2048K, 0% used [0x00000000d6d00000,0x00000000d6d00000,0x00000000d6f00000)
 ParOldGen       total 68608K, used 20385K [0x0000000080000000, 0x0000000084300000, 0x00000000d5580000)
  object space 68608K, 29% used [0x0000000080000000,0x00000000813e8430,0x0000000084300000)
 Metaspace       used 37048K, committed 38208K, reserved 1114112K
  class space    used 3910K, committed 4416K, reserved 1048576K
}
Event: 5.406 GC heap before
{Heap before GC invocations=17 (full 2):
 PSYoungGen      total 23552K, used 23434K [0x00000000d5580000, 0x00000000d7100000, 0x0000000100000000)
  eden space 22016K, 100% used [0x00000000d5580000,0x00000000d6b00000,0x00000000d6b00000)
  from space 1536K, 92% used [0x00000000d6f80000,0x00000000d70e2ae0,0x00000000d7100000)
  to   space 2048K, 0% used [0x00000000d6d00000,0x00000000d6d00000,0x00000000d6f00000)
 ParOldGen       total 68608K, used 20385K [0x0000000080000000, 0x0000000084300000, 0x00000000d5580000)
  object space 68608K, 29% used [0x0000000080000000,0x00000000813e8430,0x0000000084300000)
 Metaspace       used 38207K, committed 39424K, reserved 1114112K
  class space    used 4055K, committed 4544K, reserved 1048576K
}
Event: 5.407 GC heap after
{Heap after GC invocations=17 (full 2):
 PSYoungGen      total 23040K, used 832K [0x00000000d5580000, 0x00000000d7000000, 0x0000000100000000)
  eden space 22016K, 0% used [0x00000000d5580000,0x00000000d5580000,0x00000000d6b00000)
  from space 1024K, 81% used [0x00000000d6d00000,0x00000000d6dd0000,0x00000000d6e00000)
  to   space 1536K, 0% used [0x00000000d6e80000,0x00000000d6e80000,0x00000000d7000000)
 ParOldGen       total 68608K, used 21209K [0x0000000080000000, 0x0000000084300000, 0x00000000d5580000)
  object space 68608K, 30% used [0x0000000080000000,0x00000000814b6440,0x0000000084300000)
 Metaspace       used 38207K, committed 39424K, reserved 1114112K
  class space    used 4055K, committed 4544K, reserved 1048576K
}
Event: 5.661 GC heap before
{Heap before GC invocations=18 (full 2):
 PSYoungGen      total 23040K, used 22848K [0x00000000d5580000, 0x00000000d7000000, 0x0000000100000000)
  eden space 22016K, 100% used [0x00000000d5580000,0x00000000d6b00000,0x00000000d6b00000)
  from space 1024K, 81% used [0x00000000d6d00000,0x00000000d6dd0000,0x00000000d6e00000)
  to   space 1536K, 0% used [0x00000000d6e80000,0x00000000d6e80000,0x00000000d7000000)
 ParOldGen       total 68608K, used 21209K [0x0000000080000000, 0x0000000084300000, 0x00000000d5580000)
  object space 68608K, 30% used [0x0000000080000000,0x00000000814b6440,0x0000000084300000)
 Metaspace       used 40140K, committed 41344K, reserved 1114112K
  class space    used 4319K, committed 4864K, reserved 1048576K
}
Event: 5.663 GC heap after
{Heap after GC invocations=18 (full 2):
 PSYoungGen      total 23040K, used 704K [0x00000000d5580000, 0x00000000d6f80000, 0x0000000100000000)
  eden space 22016K, 0% used [0x00000000d5580000,0x00000000d5580000,0x00000000d6b00000)
  from space 1024K, 68% used [0x00000000d6e80000,0x00000000d6f30000,0x00000000d6f80000)
  to   space 1024K, 0% used [0x00000000d6d00000,0x00000000d6d00000,0x00000000d6e00000)
 ParOldGen       total 68608K, used 21849K [0x0000000080000000, 0x0000000084300000, 0x00000000d5580000)
  object space 68608K, 31% used [0x0000000080000000,0x0000000081556440,0x0000000084300000)
 Metaspace       used 40140K, committed 41344K, reserved 1114112K
  class space    used 4319K, committed 4864K, reserved 1048576K
}
Event: 5.979 GC heap before
{Heap before GC invocations=19 (full 2):
 PSYoungGen      total 23040K, used 22720K [0x00000000d5580000, 0x00000000d6f80000, 0x0000000100000000)
  eden space 22016K, 100% used [0x00000000d5580000,0x00000000d6b00000,0x00000000d6b00000)
  from space 1024K, 68% used [0x00000000d6e80000,0x00000000d6f30000,0x00000000d6f80000)
  to   space 1024K, 0% used [0x00000000d6d00000,0x00000000d6d00000,0x00000000d6e00000)
 ParOldGen       total 68608K, used 21849K [0x0000000080000000, 0x0000000084300000, 0x00000000d5580000)
  object space 68608K, 31% used [0x0000000080000000,0x0000000081556440,0x0000000084300000)
 Metaspace       used 42566K, committed 43776K, reserved 1114112K
  class space    used 4615K, committed 5120K, reserved 1048576K
}
Event: 5.980 GC heap after
{Heap after GC invocations=19 (full 2):
 PSYoungGen      total 23040K, used 1024K [0x00000000d5580000, 0x00000000d6f00000, 0x0000000100000000)
  eden space 22016K, 0% used [0x00000000d5580000,0x00000000d5580000,0x00000000d6b00000)
  from space 1024K, 100% used [0x00000000d6d00000,0x00000000d6e00000,0x00000000d6e00000)
  to   space 1024K, 0% used [0x00000000d6e00000,0x00000000d6e00000,0x00000000d6f00000)
 ParOldGen       total 68608K, used 22565K [0x0000000080000000, 0x0000000084300000, 0x00000000d5580000)
  object space 68608K, 32% used [0x0000000080000000,0x0000000081609450,0x0000000084300000)
 Metaspace       used 42566K, committed 43776K, reserved 1114112K
  class space    used 4615K, committed 5120K, reserved 1048576K
}
Event: 6.271 GC heap before
{Heap before GC invocations=20 (full 2):
 PSYoungGen      total 23040K, used 23040K [0x00000000d5580000, 0x00000000d6f00000, 0x0000000100000000)
  eden space 22016K, 100% used [0x00000000d5580000,0x00000000d6b00000,0x00000000d6b00000)
  from space 1024K, 100% used [0x00000000d6d00000,0x00000000d6e00000,0x00000000d6e00000)
  to   space 1024K, 0% used [0x00000000d6e00000,0x00000000d6e00000,0x00000000d6f00000)
 ParOldGen       total 68608K, used 22565K [0x0000000080000000, 0x0000000084300000, 0x00000000d5580000)
  object space 68608K, 32% used [0x0000000080000000,0x0000000081609450,0x0000000084300000)
 Metaspace       used 45006K, committed 46272K, reserved 1114112K
  class space    used 4916K, committed 5440K, reserved 1048576K
}
Event: 6.273 GC heap after
{Heap after GC invocations=20 (full 2):
 PSYoungGen      total 22528K, used 1024K [0x00000000d5580000, 0x00000000d7200000, 0x0000000100000000)
  eden space 21504K, 0% used [0x00000000d5580000,0x00000000d5580000,0x00000000d6a80000)
  from space 1024K, 100% used [0x00000000d6e00000,0x00000000d6f00000,0x00000000d6f00000)
  to   space 3584K, 0% used [0x00000000d6a80000,0x00000000d6a80000,0x00000000d6e00000)
 ParOldGen       total 68608K, used 24474K [0x0000000080000000, 0x0000000084300000, 0x00000000d5580000)
  object space 68608K, 35% used [0x0000000080000000,0x00000000817e6840,0x0000000084300000)
 Metaspace       used 45006K, committed 46272K, reserved 1114112K
  class space    used 4916K, committed 5440K, reserved 1048576K
}
Event: 6.681 GC heap before
{Heap before GC invocations=21 (full 2):
 PSYoungGen      total 22528K, used 22528K [0x00000000d5580000, 0x00000000d7200000, 0x0000000100000000)
  eden space 21504K, 100% used [0x00000000d5580000,0x00000000d6a80000,0x00000000d6a80000)
  from space 1024K, 100% used [0x00000000d6e00000,0x00000000d6f00000,0x00000000d6f00000)
  to   space 3584K, 0% used [0x00000000d6a80000,0x00000000d6a80000,0x00000000d6e00000)
 ParOldGen       total 68608K, used 24474K [0x0000000080000000, 0x0000000084300000, 0x00000000d5580000)
  object space 68608K, 35% used [0x0000000080000000,0x00000000817e6840,0x0000000084300000)
 Metaspace       used 45846K, committed 47104K, reserved 1114112K
  class space    used 5007K, committed 5504K, reserved 1048576K
}
Event: 6.688 GC heap after
{Heap after GC invocations=21 (full 2):
 PSYoungGen      total 25088K, used 3565K [0x00000000d5580000, 0x00000000d8880000, 0x0000000100000000)
  eden space 21504K, 0% used [0x00000000d5580000,0x00000000d5580000,0x00000000d6a80000)
  from space 3584K, 99% used [0x00000000d6a80000,0x00000000d6dfb490,0x00000000d6e00000)
  to   space 15360K, 0% used [0x00000000d7980000,0x00000000d7980000,0x00000000d8880000)
 ParOldGen       total 68608K, used 34267K [0x0000000080000000, 0x0000000084300000, 0x00000000d5580000)
  object space 68608K, 49% used [0x0000000080000000,0x0000000082176db8,0x0000000084300000)
 Metaspace       used 45846K, committed 47104K, reserved 1114112K
  class space    used 5007K, committed 5504K, reserved 1048576K
}
Event: 7.435 GC heap before
{Heap before GC invocations=22 (full 2):
 PSYoungGen      total 25088K, used 25069K [0x00000000d5580000, 0x00000000d8880000, 0x0000000100000000)
  eden space 21504K, 100% used [0x00000000d5580000,0x00000000d6a80000,0x00000000d6a80000)
  from space 3584K, 99% used [0x00000000d6a80000,0x00000000d6dfb490,0x00000000d6e00000)
  to   space 15360K, 0% used [0x00000000d7980000,0x00000000d7980000,0x00000000d8880000)
 ParOldGen       total 68608K, used 34267K [0x0000000080000000, 0x0000000084300000, 0x00000000d5580000)
  object space 68608K, 49% used [0x0000000080000000,0x0000000082176db8,0x0000000084300000)
 Metaspace       used 46794K, committed 48064K, reserved 1114112K
  class space    used 5103K, committed 5632K, reserved 1048576K
}
Event: 7.437 GC heap after
{Heap after GC invocations=22 (full 2):
 PSYoungGen      total 22528K, used 576K [0x00000000d5580000, 0x00000000d7a80000, 0x0000000100000000)
  eden space 21504K, 0% used [0x00000000d5580000,0x00000000d5580000,0x00000000d6a80000)
  from space 1024K, 56% used [0x00000000d7980000,0x00000000d7a10000,0x00000000d7a80000)
  to   space 5632K, 0% used [0x00000000d6f80000,0x00000000d6f80000,0x00000000d7500000)
 ParOldGen       total 68608K, used 37896K [0x0000000080000000, 0x0000000084300000, 0x00000000d5580000)
  object space 68608K, 55% used [0x0000000080000000,0x0000000082502080,0x0000000084300000)
 Metaspace       used 46794K, committed 48064K, reserved 1114112K
  class space    used 5103K, committed 5632K, reserved 1048576K
}
Event: 8.126 GC heap before
{Heap before GC invocations=23 (full 2):
 PSYoungGen      total 22528K, used 22080K [0x00000000d5580000, 0x00000000d7a80000, 0x0000000100000000)
  eden space 21504K, 100% used [0x00000000d5580000,0x00000000d6a80000,0x00000000d6a80000)
  from space 1024K, 56% used [0x00000000d7980000,0x00000000d7a10000,0x00000000d7a80000)
  to   space 5632K, 0% used [0x00000000d6f80000,0x00000000d6f80000,0x00000000d7500000)
 ParOldGen       total 68608K, used 37896K [0x0000000080000000, 0x0000000084300000, 0x00000000d5580000)
  object space 68608K, 55% used [0x0000000080000000,0x0000000082502080,0x0000000084300000)
 Metaspace       used 46870K, committed 48064K, reserved 1114112K
  class space    used 5112K, committed 5632K, reserved 1048576K
}
Event: 8.127 GC heap after
{Heap after GC invocations=23 (full 2):
 PSYoungGen      total 27136K, used 352K [0x00000000d5580000, 0x00000000d7a00000, 0x0000000100000000)
  eden space 21504K, 0% used [0x00000000d5580000,0x00000000d5580000,0x00000000d6a80000)
  from space 5632K, 6% used [0x00000000d6f80000,0x00000000d6fd8000,0x00000000d7500000)
  to   space 1536K, 0% used [0x00000000d7880000,0x00000000d7880000,0x00000000d7a00000)
 ParOldGen       total 68608K, used 38286K [0x0000000080000000, 0x0000000084300000, 0x00000000d5580000)
  object space 68608K, 55% used [0x0000000080000000,0x0000000082563858,0x0000000084300000)
 Metaspace       used 46870K, committed 48064K, reserved 1114112K
  class space    used 5112K, committed 5632K, reserved 1048576K
}
Event: 8.749 GC heap before
{Heap before GC invocations=24 (full 2):
 PSYoungGen      total 27136K, used 21856K [0x00000000d5580000, 0x00000000d7a00000, 0x0000000100000000)
  eden space 21504K, 100% used [0x00000000d5580000,0x00000000d6a80000,0x00000000d6a80000)
  from space 5632K, 6% used [0x00000000d6f80000,0x00000000d6fd8000,0x00000000d7500000)
  to   space 1536K, 0% used [0x00000000d7880000,0x00000000d7880000,0x00000000d7a00000)
 ParOldGen       total 68608K, used 38286K [0x0000000080000000, 0x0000000084300000, 0x00000000d5580000)
  object space 68608K, 55% used [0x0000000080000000,0x0000000082563858,0x0000000084300000)
 Metaspace       used 47652K, committed 48960K, reserved 1114112K
  class space    used 5202K, committed 5760K, reserved 1048576K
}
Event: 8.751 GC heap after
{Heap after GC invocations=24 (full 2):
 PSYoungGen      total 22528K, used 920K [0x00000000d5580000, 0x00000000d7980000, 0x0000000100000000)
  eden space 21504K, 0% used [0x00000000d5580000,0x00000000d5580000,0x00000000d6a80000)
  from space 1024K, 89% used [0x00000000d7880000,0x00000000d79661a8,0x00000000d7980000)
  to   space 1536K, 0% used [0x00000000d7680000,0x00000000d7680000,0x00000000d7800000)
 ParOldGen       total 68608K, used 38446K [0x0000000080000000, 0x0000000084300000, 0x00000000d5580000)
  object space 68608K, 56% used [0x0000000080000000,0x000000008258b858,0x0000000084300000)
 Metaspace       used 47652K, committed 48960K, reserved 1114112K
  class space    used 5202K, committed 5760K, reserved 1048576K
}
Event: 8.992 GC heap before
{Heap before GC invocations=25 (full 2):
 PSYoungGen      total 22528K, used 22424K [0x00000000d5580000, 0x00000000d7980000, 0x0000000100000000)
  eden space 21504K, 100% used [0x00000000d5580000,0x00000000d6a80000,0x00000000d6a80000)
  from space 1024K, 89% used [0x00000000d7880000,0x00000000d79661a8,0x00000000d7980000)
  to   space 1536K, 0% used [0x00000000d7680000,0x00000000d7680000,0x00000000d7800000)
 ParOldGen       total 68608K, used 38446K [0x0000000080000000, 0x0000000084300000, 0x00000000d5580000)
  object space 68608K, 56% used [0x0000000080000000,0x000000008258b858,0x0000000084300000)
 Metaspace       used 49041K, committed 50368K, reserved 1114112K
  class space    used 5322K, committed 5952K, reserved 1048576K
}

Dll operation events (10 events):
Event: 0.035 Loaded shared library c:\Users\prath\.vscode\extensions\redhat.java-1.49.0-win32-x64\jre\21.0.9-win32-x86_64\bin\java.dll
Event: 0.120 Loaded shared library c:\Users\prath\.vscode\extensions\redhat.java-1.49.0-win32-x64\jre\21.0.9-win32-x86_64\bin\zip.dll
Event: 0.145 Loaded shared library C:\Users\prath\.vscode\extensions\redhat.java-1.49.0-win32-x64\jre\21.0.9-win32-x86_64\bin\instrument.dll
Event: 0.159 Loaded shared library C:\Users\prath\.vscode\extensions\redhat.java-1.49.0-win32-x64\jre\21.0.9-win32-x86_64\bin\net.dll
Event: 0.167 Loaded shared library C:\Users\prath\.vscode\extensions\redhat.java-1.49.0-win32-x64\jre\21.0.9-win32-x86_64\bin\nio.dll
Event: 0.173 Loaded shared library C:\Users\prath\.vscode\extensions\redhat.java-1.49.0-win32-x64\jre\21.0.9-win32-x86_64\bin\zip.dll
Event: 0.191 Loaded shared library C:\Users\prath\.vscode\extensions\redhat.java-1.49.0-win32-x64\jre\21.0.9-win32-x86_64\bin\jimage.dll
Event: 0.276 Loaded shared library c:\Users\prath\.vscode\extensions\redhat.java-1.49.0-win32-x64\jre\21.0.9-win32-x86_64\bin\verify.dll
Event: 1.614 Loaded shared library C:\Users\prath\AppData\Roaming\Code\User\globalStorage\redhat.java\1.49.0\config_win\org.eclipse.equinox.launcher\org.eclipse.equinox.launcher.win32.win32.x86_64_1.2.1400.v20250801-0854\eclipse_11916.dll
Event: 3.209 Loaded shared library C:\Users\prath\AppData\Local\Temp\jna-106927443\jna3020232474253758884.dll

Deoptimization events (20 events):
Event: 8.942 Thread 0x00000274e0f9cb70 Uncommon trap: trap_request=0xffffffde fr.pc=0x000002748cd25980 relative=0x0000000000000980
Event: 8.942 Thread 0x00000274e0f9cb70 Uncommon trap: reason=class_check action=maybe_recompile pc=0x000002748cd25980 method=java.util.concurrent.ConcurrentHashMap.putVal(Ljava/lang/Object;Ljava/lang/Object;Z)Ljava/lang/Object; @ 159 c2
Event: 8.942 Thread 0x00000274e0f9cb70 DEOPT PACKING pc=0x000002748cd25980 sp=0x000000d6866fcdc0
Event: 8.942 Thread 0x00000274e0f9cb70 DEOPT UNPACKING pc=0x000002748c563aa2 sp=0x000000d6866fcd40 mode 2
Event: 8.943 Thread 0x00000274e2a90720 Uncommon trap: trap_request=0xffffff45 fr.pc=0x000002748ce71de0 relative=0x00000000000001a0
Event: 8.943 Thread 0x00000274e2a90720 Uncommon trap: reason=unstable_if action=reinterpret pc=0x000002748ce71de0 method=jdk.internal.jrtfs.JrtPath.normalize(Ljava/lang/String;)Ljava/lang/String; @ 78 c2
Event: 8.943 Thread 0x00000274e2a90720 DEOPT PACKING pc=0x000002748ce71de0 sp=0x000000d687cfcf60
Event: 8.943 Thread 0x00000274e2a90720 DEOPT UNPACKING pc=0x000002748c563aa2 sp=0x000000d687cfcee0 mode 2
Event: 8.944 Thread 0x00000274e2a90720 Uncommon trap: trap_request=0xffffff45 fr.pc=0x000002748ce2f568 relative=0x0000000000000bc8
Event: 8.944 Thread 0x00000274e2a90720 Uncommon trap: reason=unstable_if action=reinterpret pc=0x000002748ce2f568 method=java.util.regex.Pattern.atom()Ljava/util/regex/Pattern$Node; @ 393 c2
Event: 8.944 Thread 0x00000274e2a90720 DEOPT PACKING pc=0x000002748ce2f568 sp=0x000000d687cfc010
Event: 8.944 Thread 0x00000274e2a90720 DEOPT UNPACKING pc=0x000002748c563aa2 sp=0x000000d687cfbfa0 mode 2
Event: 8.944 Thread 0x00000274e2a90720 Uncommon trap: trap_request=0xffffff45 fr.pc=0x000002748cdbe8c8 relative=0x00000000000000a8
Event: 8.944 Thread 0x00000274e2a90720 Uncommon trap: reason=unstable_if action=reinterpret pc=0x000002748cdbe8c8 method=java.util.regex.Pattern.escape(ZZZ)I @ 8 c2
Event: 8.944 Thread 0x00000274e2a90720 DEOPT PACKING pc=0x000002748cdbe8c8 sp=0x000000d687cfbf70
Event: 8.944 Thread 0x00000274e2a90720 DEOPT UNPACKING pc=0x000002748c563aa2 sp=0x000000d687cfbf08 mode 2
Event: 8.945 Thread 0x00000274e2a90720 Uncommon trap: trap_request=0xffffff45 fr.pc=0x000002748cdb1d80 relative=0x0000000000001060
Event: 8.945 Thread 0x00000274e2a90720 Uncommon trap: reason=unstable_if action=reinterpret pc=0x000002748cdb1d80 method=java.util.regex.Pattern.compile()V @ 443 c2
Event: 8.945 Thread 0x00000274e2a90720 DEOPT PACKING pc=0x000002748cdb1d80 sp=0x000000d687cfc320
Event: 8.945 Thread 0x00000274e2a90720 DEOPT UNPACKING pc=0x000002748c563aa2 sp=0x000000d687cfc2e8 mode 2

Classes loaded (20 events):
Event: 8.855 Loading class sun/nio/ch/FileChannelImpl$DefaultUnmapper
Event: 8.855 Loading class sun/nio/ch/FileChannelImpl$Unmapper
Event: 8.855 Loading class jdk/internal/access/foreign/UnmapperProxy
Event: 8.855 Loading class jdk/internal/access/foreign/UnmapperProxy done
Event: 8.855 Loading class sun/nio/ch/FileChannelImpl$Unmapper done
Event: 8.855 Loading class sun/nio/ch/FileChannelImpl$DefaultUnmapper done
Event: 8.855 Loading class sun/nio/ch/Util$4
Event: 8.855 Loading class sun/nio/ch/Util$4 done
Event: 8.863 Loading class java/nio/file/ClosedDirectoryStreamException
Event: 8.863 Loading class java/nio/file/ClosedDirectoryStreamException done
Event: 8.863 Loading class jdk/internal/jrtfs/JrtFileSystem
Event: 8.863 Loading class jdk/internal/jrtfs/JrtFileSystem done
Event: 8.863 Loading class jdk/internal/jrtfs/JrtPath
Event: 8.864 Loading class jdk/internal/jrtfs/JrtPath done
Event: 8.865 Loading class jdk/internal/jimage/ImageReader$Node
Event: 8.865 Loading class jdk/internal/jimage/ImageReader$Node done
Event: 8.869 Loading class java/nio/ByteBufferAsIntBufferL
Event: 8.870 Loading class java/nio/ByteBufferAsIntBufferL done
Event: 8.871 Loading class jdk/internal/jimage/ImageReader$Directory
Event: 8.871 Loading class jdk/internal/jimage/ImageReader$Directory done

Classes unloaded (7 events):
Event: 3.743 Thread 0x0000027481e88b20 Unloading class 0x000002749a1a4800 'java/lang/invoke/LambdaForm$MH+0x000002749a1a4800'
Event: 3.743 Thread 0x0000027481e88b20 Unloading class 0x000002749a1a4400 'java/lang/invoke/LambdaForm$MH+0x000002749a1a4400'
Event: 3.743 Thread 0x0000027481e88b20 Unloading class 0x000002749a1a4000 'java/lang/invoke/LambdaForm$MH+0x000002749a1a4000'
Event: 3.743 Thread 0x0000027481e88b20 Unloading class 0x000002749a1a3c00 'java/lang/invoke/LambdaForm$MH+0x000002749a1a3c00'
Event: 3.743 Thread 0x0000027481e88b20 Unloading class 0x000002749a1a3800 'java/lang/invoke/LambdaForm$BMH+0x000002749a1a3800'
Event: 3.743 Thread 0x0000027481e88b20 Unloading class 0x000002749a1a3400 'java/lang/invoke/LambdaForm$DMH+0x000002749a1a3400'
Event: 3.743 Thread 0x0000027481e88b20 Unloading class 0x000002749a1a2000 'java/lang/invoke/LambdaForm$DMH+0x000002749a1a2000'

Classes redefined (0 events):
No events

Internal exceptions (20 events):
Event: 8.650 Thread 0x00000274e2a8c580 Exception <a 'sun/nio/fs/WindowsException'{0x00000000d675c2d8}> (0x00000000d675c2d8) 
thrown [s\src\hotspot\share\prims\jni.cpp, line 520]
Event: 8.651 Thread 0x00000274e2a8c580 Exception <a 'sun/nio/fs/WindowsException'{0x00000000d6783cd8}> (0x00000000d6783cd8) 
thrown [s\src\hotspot\share\prims\jni.cpp, line 520]
Event: 8.651 Thread 0x00000274e2a8c580 Exception <a 'sun/nio/fs/WindowsException'{0x00000000d6784328}> (0x00000000d6784328) 
thrown [s\src\hotspot\share\prims\jni.cpp, line 520]
Event: 8.651 Thread 0x00000274e2a8c580 Exception <a 'sun/nio/fs/WindowsException'{0x00000000d6785478}> (0x00000000d6785478) 
thrown [s\src\hotspot\share\prims\jni.cpp, line 520]
Event: 8.651 Thread 0x00000274e2a8c580 Exception <a 'sun/nio/fs/WindowsException'{0x00000000d6785ab8}> (0x00000000d6785ab8) 
thrown [s\src\hotspot\share\prims\jni.cpp, line 520]
Event: 8.652 Thread 0x00000274e2a8c580 Exception <a 'sun/nio/fs/WindowsException'{0x00000000d6786730}> (0x00000000d6786730) 
thrown [s\src\hotspot\share\prims\jni.cpp, line 520]
Event: 8.652 Thread 0x00000274e2a8c580 Exception <a 'sun/nio/fs/WindowsException'{0x00000000d6786d70}> (0x00000000d6786d70) 
thrown [s\src\hotspot\share\prims\jni.cpp, line 520]
Event: 8.745 Thread 0x00000274e2a8c580 Exception <a 'java/lang/IncompatibleClassChangeError'{0x00000000d6a1ce58}: Found class java.lang.Object, but interface was expected> (0x00000000d6a1ce58) 
thrown [s\src\hotspot\share\interpreter\linkResolver.cpp, line 840]
Event: 8.787 Thread 0x00000274e2a90090 Implicit null exception at 0x000002748cd75604 to 0x000002748cd76368
Event: 8.789 Thread 0x00000274e0f9cb70 Exception <a 'java/lang/NoSuchMethodError'{0x00000000d5b0a1c8}: 'java.lang.Object java.lang.invoke.DirectMethodHandle$Holder.invokeSpecial(java.lang.Object, java.lang.Object, int, long)'> (0x00000000d5b0a1c8) 
thrown [s\src\hotspot\share\interpreter\linkResolver.cpp, line 773]
Event: 8.801 Thread 0x00000274e0f9cb70 Exception <a 'sun/nio/fs/WindowsException'{0x00000000d5bad440}> (0x00000000d5bad440) 
thrown [s\src\hotspot\share\prims\jni.cpp, line 520]
Event: 8.801 Thread 0x00000274e0f9cb70 Exception <a 'sun/nio/fs/WindowsException'{0x00000000d5bada80}> (0x00000000d5bada80) 
thrown [s\src\hotspot\share\prims\jni.cpp, line 520]
Event: 8.821 Thread 0x00000274e2a90720 Exception <a 'java/io/FileNotFoundException'{0x00000000d5d235d0}> (0x00000000d5d235d0) 
thrown [s\src\hotspot\share\prims\jni.cpp, line 520]
Event: 8.821 Thread 0x00000274e2a90720 Exception <a 'java/io/FileNotFoundException'{0x00000000d5d24b00}> (0x00000000d5d24b00) 
thrown [s\src\hotspot\share\prims\jni.cpp, line 520]
Event: 8.822 Thread 0x00000274e2a90720 Exception <a 'java/io/FileNotFoundException'{0x00000000d5d25b08}> (0x00000000d5d25b08) 
thrown [s\src\hotspot\share\prims\jni.cpp, line 520]
Event: 8.842 Thread 0x00000274e2a90720 Exception <a 'sun/nio/fs/WindowsException'{0x00000000d5e8ce78}> (0x00000000d5e8ce78) 
thrown [s\src\hotspot\share\prims\jni.cpp, line 520]
Event: 8.843 Thread 0x00000274e2a90720 Exception <a 'sun/nio/fs/WindowsException'{0x00000000d5e8d788}> (0x00000000d5e8d788) 
thrown [s\src\hotspot\share\prims\jni.cpp, line 520]
Event: 8.844 Thread 0x00000274e2a90720 Exception <a 'sun/nio/fs/WindowsException'{0x00000000d5e8e850}> (0x00000000d5e8e850) 
thrown [s\src\hotspot\share\prims\jni.cpp, line 520]
Event: 8.844 Thread 0x00000274e2a90720 Exception <a 'sun/nio/fs/WindowsException'{0x00000000d5e8f140}> (0x00000000d5e8f140) 
thrown [s\src\hotspot\share\prims\jni.cpp, line 520]
Event: 8.856 Thread 0x00000274e0f9cb70 Exception <a 'java/lang/NoSuchMethodError'{0x00000000d5f46960}: 'java.lang.Object java.lang.invoke.DelegatingMethodHandle$Holder.reinvoke_L(java.lang.Object, int, long, java.lang.Object, java.lang.Object, int, java.lang.Object)'> (0x00000000d5f46960) 
thrown [s\src\hotspot\share\interpreter\linkResolver.cpp, line 773]

ZGC Phase Switch (0 events):
No events

VM Operations (20 events):
Event: 8.671 Executing VM operation: HandshakeAllThreads (Deoptimize) done
Event: 8.749 Executing VM operation: ParallelGCFailedAllocation (Allocation Failure)
Event: 8.751 Executing VM operation: ParallelGCFailedAllocation (Allocation Failure) done
Event: 8.817 Executing VM operation: HandshakeAllThreads (Deoptimize)
Event: 8.817 Executing VM operation: HandshakeAllThreads (Deoptimize) done
Event: 8.822 Executing VM operation: HandshakeAllThreads (Deoptimize)
Event: 8.822 Executing VM operation: HandshakeAllThreads (Deoptimize) done
Event: 8.825 Executing VM operation: HandshakeAllThreads (Deoptimize)
Event: 8.825 Executing VM operation: HandshakeAllThreads (Deoptimize) done
Event: 8.839 Executing VM operation: HandshakeAllThreads (Deoptimize)
Event: 8.839 Executing VM operation: HandshakeAllThreads (Deoptimize) done
Event: 8.844 Executing VM operation: HandshakeAllThreads (Deoptimize)
Event: 8.844 Executing VM operation: HandshakeAllThreads (Deoptimize) done
Event: 8.862 Executing VM operation: HandshakeAllThreads (Deoptimize)
Event: 8.862 Executing VM operation: HandshakeAllThreads (Deoptimize) done
Event: 8.871 Executing VM operation: HandshakeAllThreads (Deoptimize)
Event: 8.871 Executing VM operation: HandshakeAllThreads (Deoptimize) done
Event: 8.903 Executing VM operation: HandshakeAllThreads (Deoptimize)
Event: 8.903 Executing VM operation: HandshakeAllThreads (Deoptimize) done
Event: 8.991 Executing VM operation: ParallelGCFailedAllocation (Allocation Failure)

Memory protections (0 events):
No events

Nmethod flushes (20 events):
Event: 5.037 Thread 0x0000027481e88b20 flushing  nmethod 0x00000274855f2410
Event: 5.037 Thread 0x0000027481e88b20 flushing  nmethod 0x00000274855f3710
Event: 5.037 Thread 0x0000027481e88b20 flushing  nmethod 0x00000274855f3e90
Event: 5.037 Thread 0x0000027481e88b20 flushing  nmethod 0x00000274855f4810
Event: 5.037 Thread 0x0000027481e88b20 flushing  nmethod 0x00000274855f5810
Event: 5.037 Thread 0x0000027481e88b20 flushing  nmethod 0x00000274855f5d10
Event: 5.037 Thread 0x0000027481e88b20 flushing  nmethod 0x00000274855f6f10
Event: 5.037 Thread 0x0000027481e88b20 flushing  nmethod 0x0000027485603110
Event: 5.037 Thread 0x0000027481e88b20 flushing  nmethod 0x0000027485603610
Event: 5.037 Thread 0x0000027481e88b20 flushing  nmethod 0x0000027485615a10
Event: 5.037 Thread 0x0000027481e88b20 flushing  nmethod 0x0000027485633490
Event: 5.037 Thread 0x0000027481e88b20 flushing  nmethod 0x0000027485634210
Event: 5.037 Thread 0x0000027481e88b20 flushing  nmethod 0x000002748563c990
Event: 5.037 Thread 0x0000027481e88b20 flushing  nmethod 0x0000027485644c10
Event: 5.037 Thread 0x0000027481e88b20 flushing  nmethod 0x00000274856bb510
Event: 5.037 Thread 0x0000027481e88b20 flushing  nmethod 0x00000274856bca10
Event: 5.037 Thread 0x0000027481e88b20 flushing  nmethod 0x00000274856f2810
Event: 5.037 Thread 0x0000027481e88b20 flushing  nmethod 0x00000274856f2c90
Event: 5.037 Thread 0x0000027481e88b20 flushing  nmethod 0x000002748570d890
Event: 5.037 Thread 0x0000027481e88b20 flushing  nmethod 0x000002748570f190

Events (20 events):
Event: 4.844 Thread 0x0000027481dea510 Thread added: 0x00000274e0fa0680
Event: 4.844 Thread 0x0000027481dea510 Thread added: 0x00000274e2a8b1d0
Event: 4.904 Thread 0x0000027481dea510 Thread added: 0x00000274e2a8bef0
Event: 5.144 Thread 0x0000027481dea510 Thread added: 0x00000274e2a8ab40
Event: 5.144 Thread 0x0000027481dea510 Thread added: 0x00000274e2a8c580
Event: 6.471 Thread 0x00000274e0f9c4e0 Thread added: 0x00000274e2a8f370
Event: 6.471 Thread 0x00000274e0f9c4e0 Thread added: 0x00000274e2a8ece0
Event: 6.472 Thread 0x00000274e2a8f370 Thread added: 0x00000274e2a8fa00
Event: 6.472 Thread 0x00000274e2a8ece0 Thread added: 0x00000274e2a90090
Event: 6.472 Thread 0x00000274e2a8fa00 Thread added: 0x00000274e2a8cc10
Event: 6.472 Thread 0x00000274e2a90090 Thread added: 0x00000274e2a90720
Event: 6.472 Thread 0x00000274e2a8cc10 Thread added: 0x00000274e2a8d2a0
Event: 6.472 Thread 0x00000274e2a90720 Thread added: 0x00000274e2a90db0
Event: 6.472 Thread 0x00000274e2a8d2a0 Thread added: 0x00000274e366b220
Event: 6.473 Thread 0x00000274e2a90db0 Thread added: 0x00000274e366b8b0
Event: 6.473 Thread 0x00000274e366b220 Thread added: 0x00000274e366bf40
Event: 7.693 Thread 0x00000274e0e8d070 Thread exited: 0x00000274e0e8d070
Event: 7.693 Thread 0x00000274e0e8c9a0 Thread exited: 0x00000274e0e8c9a0
Event: 8.101 Thread 0x00000274dabe9e40 Thread added: 0x00000274e0e8d070
Event: 8.115 Thread 0x00000274dabe9e40 Thread added: 0x00000274e0e8c9a0


Dynamic libraries:
0x00007ff640460000 - 0x00007ff64046e000 	c:\Users\prath\.vscode\extensions\redhat.java-1.49.0-win32-x64\jre\21.0.9-win32-x86_64\bin\java.exe
0x00007ff975960000 - 0x00007ff975bc8000 	C:\WINDOWS\SYSTEM32\ntdll.dll
0x00007ff974f60000 - 0x00007ff975029000 	C:\WINDOWS\System32\KERNEL32.DLL
0x00007ff972fd0000 - 0x00007ff9733c8000 	C:\WINDOWS\System32\KERNELBASE.dll
0x00007ff9727c0000 - 0x00007ff972975000 	C:\Windows\system32\hmpalert.dll
0x00007ff9725d0000 - 0x00007ff9727bc000 	C:\WINDOWS\System32\SophosED\SophosED.dll
0x00007ff972ce0000 - 0x00007ff972e2b000 	C:\WINDOWS\System32\ucrtbase.dll
0x00007ff96f470000 - 0x00007ff96f48e000 	c:\Users\prath\.vscode\extensions\redhat.java-1.49.0-win32-x64\jre\21.0.9-win32-x86_64\bin\VCRUNTIME140.dll
0x00007ff96f5c0000 - 0x00007ff96f5d8000 	c:\Users\prath\.vscode\extensions\redhat.java-1.49.0-win32-x64\jre\21.0.9-win32-x86_64\bin\jli.dll
0x00007ff9741a0000 - 0x00007ff974367000 	C:\WINDOWS\System32\USER32.dll
0x00007ff972e30000 - 0x00007ff972e57000 	C:\WINDOWS\System32\win32u.dll
0x00007ff973fe0000 - 0x00007ff97400b000 	C:\WINDOWS\System32\GDI32.dll
0x00007ff9733d0000 - 0x00007ff9734fc000 	C:\WINDOWS\System32\gdi32full.dll
0x00007ff972c30000 - 0x00007ff972cd3000 	C:\WINDOWS\System32\msvcp_win.dll
0x00007ff953270000 - 0x00007ff953504000 	C:\WINDOWS\WinSxS\amd64_microsoft.windows.common-controls_6595b64144ccf1df_6.0.26100.7019_none_3e06ffa0e335b8a8\COMCTL32.dll
0x00007ff974ca0000 - 0x00007ff974d49000 	C:\WINDOWS\System32\msvcrt.dll
0x00007ff975710000 - 0x00007ff975741000 	C:\WINDOWS\System32\IMM32.DLL
0x00007ff96f460000 - 0x00007ff96f46c000 	c:\Users\prath\.vscode\extensions\redhat.java-1.49.0-win32-x64\jre\21.0.9-win32-x86_64\bin\vcruntime140_1.dll
0x00007ff932d80000 - 0x00007ff932e0d000 	c:\Users\prath\.vscode\extensions\redhat.java-1.49.0-win32-x64\jre\21.0.9-win32-x86_64\bin\msvcp140.dll
0x00007ff902a30000 - 0x00007ff9037d0000 	c:\Users\prath\.vscode\extensions\redhat.java-1.49.0-win32-x64\jre\21.0.9-win32-x86_64\bin\server\jvm.dll
0x00007ff975850000 - 0x00007ff975904000 	C:\WINDOWS\System32\ADVAPI32.dll
0x00007ff974490000 - 0x00007ff974536000 	C:\WINDOWS\System32\sechost.dll
0x00007ff974370000 - 0x00007ff974488000 	C:\WINDOWS\System32\RPCRT4.dll
0x00007ff974040000 - 0x00007ff9740b4000 	C:\WINDOWS\System32\WS2_32.dll
0x00007ff9723c0000 - 0x00007ff97241e000 	C:\WINDOWS\SYSTEM32\POWRPROF.dll
0x00007ff96cfd0000 - 0x00007ff96cfdb000 	C:\WINDOWS\SYSTEM32\VERSION.dll
0x00007ff96b020000 - 0x00007ff96b055000 	C:\WINDOWS\SYSTEM32\WINMM.dll
0x00007ff9723a0000 - 0x00007ff9723b4000 	C:\WINDOWS\SYSTEM32\UMPDC.dll
0x00007ff9714c0000 - 0x00007ff9714db000 	C:\WINDOWS\SYSTEM32\kernel.appcore.dll
0x00007ff96f370000 - 0x00007ff96f37a000 	c:\Users\prath\.vscode\extensions\redhat.java-1.49.0-win32-x64\jre\21.0.9-win32-x86_64\bin\jimage.dll
0x00007ff966f60000 - 0x00007ff9671a2000 	C:\WINDOWS\SYSTEM32\DBGHELP.DLL
0x00007ff973730000 - 0x00007ff973abb000 	C:\WINDOWS\System32\combase.dll
0x00007ff9740c0000 - 0x00007ff974197000 	C:\WINDOWS\System32\OLEAUT32.dll
0x00007ff955070000 - 0x00007ff9550ac000 	C:\WINDOWS\SYSTEM32\dbgcore.DLL
0x00007ff972e60000 - 0x00007ff972f05000 	C:\WINDOWS\System32\bcryptPrimitives.dll
0x00007ff96f360000 - 0x00007ff96f36f000 	c:\Users\prath\.vscode\extensions\redhat.java-1.49.0-win32-x64\jre\21.0.9-win32-x86_64\bin\instrument.dll
0x00007ff96c100000 - 0x00007ff96c120000 	c:\Users\prath\.vscode\extensions\redhat.java-1.49.0-win32-x64\jre\21.0.9-win32-x86_64\bin\java.dll
0x00007ff974540000 - 0x00007ff974c8f000 	C:\WINDOWS\System32\SHELL32.dll
0x00007ff973590000 - 0x00007ff9736fb000 	C:\WINDOWS\System32\wintypes.dll
0x00007ff970310000 - 0x00007ff970b6d000 	C:\WINDOWS\SYSTEM32\windows.storage.dll
0x00007ff9754a0000 - 0x00007ff975592000 	C:\WINDOWS\System32\SHCORE.dll
0x00007ff974ef0000 - 0x00007ff974f57000 	C:\WINDOWS\System32\shlwapi.dll
0x00007ff9729d0000 - 0x00007ff9729f9000 	C:\WINDOWS\SYSTEM32\profapi.dll
0x00007ff96ba70000 - 0x00007ff96ba88000 	c:\Users\prath\.vscode\extensions\redhat.java-1.49.0-win32-x64\jre\21.0.9-win32-x86_64\bin\zip.dll
0x00007ff96f350000 - 0x00007ff96f360000 	C:\Users\prath\.vscode\extensions\redhat.java-1.49.0-win32-x64\jre\21.0.9-win32-x86_64\bin\net.dll
0x00007ff96bed0000 - 0x00007ff96bff8000 	C:\WINDOWS\SYSTEM32\WINHTTP.dll
0x00007ff971a30000 - 0x00007ff971a9b000 	C:\WINDOWS\system32\mswsock.dll
0x00007ff967740000 - 0x00007ff967756000 	C:\Users\prath\.vscode\extensions\redhat.java-1.49.0-win32-x64\jre\21.0.9-win32-x86_64\bin\nio.dll
0x00007ff96f2e0000 - 0x00007ff96f2f0000 	c:\Users\prath\.vscode\extensions\redhat.java-1.49.0-win32-x64\jre\21.0.9-win32-x86_64\bin\verify.dll
0x00007ff9439b0000 - 0x00007ff9439f4000 	C:\Users\prath\AppData\Roaming\Code\User\globalStorage\redhat.java\1.49.0\config_win\org.eclipse.equinox.launcher\org.eclipse.equinox.launcher.win32.win32.x86_64_1.2.1400.v20250801-0854\eclipse_11916.dll
0x00007ff974d50000 - 0x00007ff974ee7000 	C:\WINDOWS\System32\ole32.dll
0x00007ff971d00000 - 0x00007ff971d1b000 	C:\WINDOWS\SYSTEM32\CRYPTSP.dll
0x00007ff971420000 - 0x00007ff97145a000 	C:\WINDOWS\system32\rsaenh.dll
0x00007ff971ae0000 - 0x00007ff971b0b000 	C:\WINDOWS\SYSTEM32\USERENV.dll
0x00007ff9729a0000 - 0x00007ff9729ca000 	C:\WINDOWS\SYSTEM32\bcrypt.dll
0x00007ff971cf0000 - 0x00007ff971cfc000 	C:\WINDOWS\SYSTEM32\CRYPTBASE.dll
0x00007ff970f30000 - 0x00007ff970f64000 	C:\WINDOWS\SYSTEM32\IPHLPAPI.DLL
0x00007ff973700000 - 0x00007ff97370a000 	C:\WINDOWS\System32\NSI.dll
0x00007ff945480000 - 0x00007ff9454c9000 	C:\Users\prath\AppData\Local\Temp\jna-106927443\jna3020232474253758884.dll
0x00007ff975910000 - 0x00007ff975918000 	C:\WINDOWS\System32\PSAPI.DLL
0x00007ff96c5f0000 - 0x00007ff96c60e000 	C:\WINDOWS\SYSTEM32\dhcpcsvc6.DLL
0x00007ff96bea0000 - 0x00007ff96bec3000 	C:\WINDOWS\SYSTEM32\dhcpcsvc.DLL

JVMTI agents:
c:\Users\prath\.vscode\extensions\redhat.java-1.49.0-win32-x64\lombok\lombok-1.18.39-4050.jar path:c:\Users\prath\.vscode\extensions\redhat.java-1.49.0-win32-x64\jre\21.0.9-win32-x86_64\bin\instrument.dll, loaded, initialized, instrumentlib options:none

dbghelp: loaded successfully - version: 4.0.5 - missing functions: none
symbol engine: initialized successfully - sym options: 0x614 - pdb path: .;c:\Users\prath\.vscode\extensions\redhat.java-1.49.0-win32-x64\jre\21.0.9-win32-x86_64\bin;C:\WINDOWS\SYSTEM32;C:\WINDOWS\System32\SophosED;C:\WINDOWS\WinSxS\amd64_microsoft.windows.common-controls_6595b64144ccf1df_6.0.26100.7019_none_3e06ffa0e335b8a8;c:\Users\prath\.vscode\extensions\redhat.java-1.49.0-win32-x64\jre\21.0.9-win32-x86_64\bin\server;C:\Users\prath\AppData\Roaming\Code\User\globalStorage\redhat.java\1.49.0\config_win\org.eclipse.equinox.launcher\org.eclipse.equinox.launcher.win32.win32.x86_64_1.2.1400.v20250801-0854;C:\Users\prath\AppData\Local\Temp\jna-106927443

VM Arguments:
jvm_args: --add-modules=ALL-SYSTEM --add-opens=java.base/java.util=ALL-UNNAMED --add-opens=java.base/java.lang=ALL-UNNAMED --add-opens=java.base/sun.nio.fs=ALL-UNNAMED -Declipse.application=org.eclipse.jdt.ls.core.id1 -Dosgi.bundles.defaultStartLevel=4 -Declipse.product=org.eclipse.jdt.ls.core.product -Djava.import.generatesMetadataFilesAtProjectRoot=false -DDetectVMInstallationsJob.disabled=true -Dfile.encoding=utf8 -XX:+UseParallelGC -XX:GCTimeRatio=4 -XX:AdaptiveSizePolicyWeight=90 -Dsun.zip.disableMemoryMapping=true -Xmx2G -Xms100m -Xlog:disable -javaagent:c:\Users\prath\.vscode\extensions\redhat.java-1.49.0-win32-x64\lombok\lombok-1.18.39-4050.jar -XX:+HeapDumpOnOutOfMemoryError -XX:HeapDumpPath=c:\Users\prath\AppData\Roaming\Code\User\workspaceStorage\32dbff991ce16aac213f964480ecffa2\redhat.java -Daether.dependencyCollector.impl=bf 
java_command: c:\Users\prath\.vscode\extensions\redhat.java-1.49.0-win32-x64\server\plugins\org.eclipse.equinox.launcher_1.7.100.v20251111-0406.jar -configuration c:\Users\prath\AppData\Roaming\Code\User\globalStorage\redhat.java\1.49.0\config_win -data c:\Users\prath\AppData\Roaming\Code\User\workspaceStorage\32dbff991ce16aac213f964480ecffa2\redhat.java\jdt_ws --pipe=\\.\pipe\lsp-6a33318f21cf157007956b7b602e27aa-sock
java_class_path (initial): c:\Users\prath\.vscode\extensions\redhat.java-1.49.0-win32-x64\server\plugins\org.eclipse.equinox.launcher_1.7.100.v20251111-0406.jar
Launcher Type: SUN_STANDARD

[Global flags]
    uintx AdaptiveSizePolicyWeight                 = 90                                        {product} {command line}
     intx CICompilerCount                          = 4                                         {product} {ergonomic}
    uintx GCTimeRatio                              = 4                                         {product} {command line}
     bool HeapDumpOnOutOfMemoryError               = true                                   {manageable} {command line}
    ccstr HeapDumpPath                             = c:\Users\prath\AppData\Roaming\Code\User\workspaceStorage\32dbff991ce16aac213f964480ecffa2\redhat.java         {manageable} {command line}
   size_t InitialHeapSize                          = 104857600                                 {product} {command line}
   size_t MaxHeapSize                              = 2147483648                                {product} {command line}
   size_t MaxNewSize                               = 715653120                                 {product} {ergonomic}
   size_t MinHeapDeltaBytes                        = 524288                                    {product} {ergonomic}
   size_t MinHeapSize                              = 104857600                                 {product} {command line}
   size_t NewSize                                  = 34603008                                  {product} {ergonomic}
    uintx NonNMethodCodeHeapSize                   = 5839372                                {pd product} {ergonomic}
    uintx NonProfiledCodeHeapSize                  = 122909434                              {pd product} {ergonomic}
   size_t OldSize                                  = 70254592                                  {product} {ergonomic}
    uintx ProfiledCodeHeapSize                     = 122909434                              {pd product} {ergonomic}
    uintx ReservedCodeCacheSize                    = 251658240                              {pd product} {ergonomic}
     bool SegmentedCodeCache                       = true                                      {product} {ergonomic}
   size_t SoftMaxHeapSize                          = 2147483648                             {manageable} {ergonomic}
     bool UseCompressedOops                        = true                           {product lp64_product} {ergonomic}
     bool UseLargePagesIndividualAllocation        = false                                  {pd product} {ergonomic}
     bool UseParallelGC                            = true                                      {product} {command line}

Logging:
Log output configuration:
 #0: stdout all=off uptime,level,tags foldmultilines=false
 #1: stderr all=off uptime,level,tags foldmultilines=false

Release file:
JAVA_VERSION="21.0.9" 
MODULES="java.base java.compiler java.datatransfer java.xml java.prefs java.desktop java.instrument java.logging java.management java.security.sasl java.naming java.rmi java.management.rmi java.net.http java.scripting java.security.jgss java.transaction.xa java.sql java.sql.rowset java.xml.crypto java.se java.smartcardio jdk.accessibility jdk.internal.jvmstat jdk.attach jdk.charsets jdk.internal.opt jdk.zipfs jdk.compiler jdk.crypto.ec jdk.crypto.cryptoki jdk.crypto.mscapi jdk.dynalink jdk.internal.ed jdk.editpad jdk.hotspot.agent jdk.httpserver jdk.internal.le jdk.internal.vm.ci jdk.internal.vm.compiler jdk.internal.vm.compiler.management jdk.jartool jdk.javadoc jdk.jcmd jdk.management jdk.management.agent jdk.jconsole jdk.jdeps jdk.jdwp.agent jdk.jdi jdk.jfr jdk.jshell jdk.jsobject jdk.jstatd jdk.localedata jdk.management.jfr jdk.naming.dns jdk.naming.rmi jdk.net jdk.nio.mapmode jdk.random jdk.sctp jdk.security.auth jdk.security.jgss jdk.unsupported jdk.unsupported.desktop jdk.xml.dom" 

Environment Variables:
PATH=C:\Program Files (x86)\Common Files\Oracle\Java\javapath;C:\Program Files\Common Files\Oracle\Java\javapath;C:\windows\system32;C:\windows;C:\windows\System32\Wbem;C:\windows\System32\WindowsPowerShell\v1.0\;C:\windows\System32\OpenSSH\;C:\Program Files (x86)\NVIDIA Corporation\PhysX\Common;C:\Program Files\NVIDIA Corporation\NVIDIA NvDLISR;C:\WINDOWS\system32;C:\WINDOWS;C:\WINDOWS\System32\Wbem;C:\WINDOWS\System32\WindowsPowerShell\v1.0\;C:\WINDOWS\System32\OpenSSH\;C:\Program Files\HP\HP One Agent;C:\Program Files\nodejs\;C:\WINDOWS\system32;C:\WINDOWS;C:\WINDOWS\System32\Wbem;C:\WINDOWS\System32\WindowsPowerShell\v1.0\;C:\WINDOWS\System32\OpenSSH\;C:\Program Files\dotnet\;C:\Program Files\Microsoft SQL Server\150\Tools\Binn\;C:\Program Files\Microsoft SQL Server\Client SDK\ODBC\170\Tools\Binn\;C:\atlassian-plugin-sdk-9.1.1\bin;C:\Program Files\Git\cmd;C:\Program Files\Java\jdk-17.0.2;D:\cursor\resources\app\bin;C:\Program Files\MySQL\MySQL Shell 8.0\bin\;C:\Users\prath\AppData\Local\Microsoft\WindowsApps;C:\Program Files\JetBrains\IntelliJ IDEA 2021.3.2\bin;;C:\Program Files\JetBrains\IntelliJ IDEA Community Edition 2021.3.2\bin;;C:\Users\prath\AppData\Local\GitHubDesktop\bin;C:\Users\prath\AppData\Local\Programs\Microsoft VS Code\bin;C:\Users\prath\AppData\Roaming\npm;C:\Users\prath\.dotnet\tools;D:\Qoder\bin
USERNAME=prath
OS=Windows_NT
PROCESSOR_IDENTIFIER=AMD64 Family 25 Model 80 Stepping 0, AuthenticAMD
TMP=C:\Users\prath\AppData\Local\Temp
TEMP=C:\Users\prath\AppData\Local\Temp




Periodic native trim disabled

---------------  S Y S T E M  ---------------

OS:
 Windows 11 , 64 bit Build 26100 (10.0.26100.7019)
OS uptime: 8 days 4:48 hours
Hyper-V role detected

CPU: total 12 (initial active 12) (12 cores per cpu, 2 threads per core) family 25 model 80 stepping 0 microcode 0xa50000d, cx8, cmov, fxsr, ht, mmx, 3dnowpref, sse, sse2, sse3, ssse3, sse4a, sse4.1, sse4.2, popcnt, lzcnt, tsc, tscinvbit, avx, avx2, aes, erms, clmul, bmi1, bmi2, adx, sha, fma, vzeroupper, clflush, clflushopt, hv, rdtscp, rdpid, fsrm, f16c, cet_ss
Processor Information for the first 12 processors :
  Max Mhz: 3301, Current Mhz: 3301, Mhz Limit: 3301

Memory: 4k page, system-wide physical 7521M (702M free)
TotalPageFile size 30464M (AvailPageFile size 30M)
current process WorkingSet (physical memory assigned to process): 240M, peak: 269M
current process commit charge ("private bytes"): 357M, peak: 406M

vm_info: OpenJDK 64-Bit Server VM (21.0.9+10-LTS) for windows-amd64 JRE (21.0.9+10-LTS), built on 2025-10-21T00:00:00Z by "admin" with unknown MS VC++:1942

END.
