#
# There is insufficient memory for the Java Runtime Environment to continue.
# Native memory allocation (malloc) failed to allocate 583216 bytes. Error detail: Chunk::new
# Possible reasons:
#   The system is out of physical RAM or swap space
#   This process is running with CompressedOops enabled, and the Java Heap may be blocking the growth of the native heap
# Possible solutions:
#   Reduce memory load on the system
#   Increase physical memory or swap space
#   Check if swap backing store is full
#   Decrease Java heap size (-Xmx/-Xms)
#   Decrease number of Java threads
#   Decrease Java thread stack sizes (-Xss)
#   Set larger code cache with -XX:ReservedCodeCacheSize=
#   JVM is running with Unscaled Compressed Oops mode in which the Java heap is
#     placed in the first 4GB address space. The Java Heap base address is the
#     maximum limit for the native heap growth. Please use -XX:HeapBaseMinAddress
#     to set the Java Heap base and to place the Java Heap above 4GB virtual address.
# This output file may be truncated or incomplete.
#
#  Out of Memory Error (arena.cpp:168), pid=2332, tid=27796
#
# JRE version: OpenJDK Runtime Environment Temurin-21.0.9+10 (21.0.9+10) (build 21.0.9+10-LTS)
# Java VM: OpenJDK 64-Bit Server VM Temurin-21.0.9+10 (21.0.9+10-LTS, mixed mode, sharing, tiered, compressed oops, compressed class ptrs, parallel gc, windows-amd64)
# No core dump will be written. Minidumps are not enabled by default on client versions of Windows
#

---------------  S U M M A R Y ------------

Command Line: --add-modules=ALL-SYSTEM --add-opens=java.base/java.util=ALL-UNNAMED --add-opens=java.base/java.lang=ALL-UNNAMED --add-opens=java.base/sun.nio.fs=ALL-UNNAMED -Declipse.application=org.eclipse.jdt.ls.core.id1 -Dosgi.bundles.defaultStartLevel=4 -Declipse.product=org.eclipse.jdt.ls.core.product -Djava.import.generatesMetadataFilesAtProjectRoot=false -DDetectVMInstallationsJob.disabled=true -Dfile.encoding=utf8 -XX:+UseParallelGC -XX:GCTimeRatio=4 -XX:AdaptiveSizePolicyWeight=90 -Dsun.zip.disableMemoryMapping=true -Xmx2G -Xms100m -Xlog:disable -javaagent:c:\Users\prath\.vscode\extensions\redhat.java-1.49.0-win32-x64\lombok\lombok-1.18.39-4050.jar -XX:+HeapDumpOnOutOfMemoryError -XX:HeapDumpPath=c:\Users\prath\AppData\Roaming\Code\User\workspaceStorage\32dbff991ce16aac213f964480ecffa2\redhat.java -Daether.dependencyCollector.impl=bf c:\Users\prath\.vscode\extensions\redhat.java-1.49.0-win32-x64\server\plugins\org.eclipse.equinox.launcher_1.7.100.v20251111-0406.jar -configuration c:\Users\prath\AppData\Roaming\Code\User\globalStorage\redhat.java\1.49.0\config_win -data c:\Users\prath\AppData\Roaming\Code\User\workspaceStorage\32dbff991ce16aac213f964480ecffa2\redhat.java\jdt_ws --pipe=\\.\pipe\lsp-a0a9289fc916ac94f5c54710b9d5dfcc-sock

Host: AMD Ryzen 5 5600H with Radeon Graphics         , 12 cores, 7G,  Windows 11 , 64 bit Build 26100 (10.0.26100.7019)
Time: Thu Nov 20 20:01:11 2025 India Standard Time elapsed time: 24.748801 seconds (0d 0h 0m 24s)

---------------  T H R E A D  ---------------

Current thread (0x00000246a665aa20):  JavaThread "C2 CompilerThread0" daemon [_thread_in_native, id=27796, stack(0x000000d960000000,0x000000d960100000) (1024K)]


Current CompileTask:
C2:24749 7250       4       org.eclipse.osgi.internal.loader.BundleLoader::addExportedProvidersFor (167 bytes)

Stack: [0x000000d960000000,0x000000d960100000]
Native frames: (J=compiled Java code, j=interpreted, Vv=VM code, C=native code)
V  [jvm.dll+0x6d6e29]
V  [jvm.dll+0x8b4b76]
V  [jvm.dll+0x8b712e]
V  [jvm.dll+0x8b7813]
V  [jvm.dll+0x283d86]
V  [jvm.dll+0xc66ed]
V  [jvm.dll+0xc6c31]
V  [jvm.dll+0x2facee]
V  [jvm.dll+0x5fde44]
V  [jvm.dll+0x255557]
V  [jvm.dll+0x24d994]
V  [jvm.dll+0x24b482]
V  [jvm.dll+0x1cb13e]
V  [jvm.dll+0x25b29d]
V  [jvm.dll+0x25982a]
V  [jvm.dll+0x3f7ea6]
V  [jvm.dll+0x85e9ad]
V  [jvm.dll+0x6d565d]
C  [ucrtbase.dll+0x37b0]
C  [KERNEL32.DLL+0x2e8d7]
C  [ntdll.dll+0x8c53c]


---------------  P R O C E S S  ---------------

Threads class SMR info:
_java_thread_list=0x0000024689b333b0, length=54, elements={
0x00000246a66c0e00, 0x00000246a664af60, 0x00000246a664dc40, 0x00000246a6650920,
0x00000246a66517d0, 0x00000246a66527d0, 0x00000246a66534c0, 0x00000246a665aa20,
0x00000246a665e8a0, 0x00000246ff693850, 0x00000246ff694570, 0x0000024680878360,
0x0000024680876fb0, 0x0000024680879710, 0x0000024680879da0, 0x00000246ff765640,
0x00000246ff767da0, 0x00000246ff764920, 0x00000246ff7697e0, 0x00000246ff768430,
0x00000246ff768ac0, 0x00000246ff769e70, 0x00000246ff769150, 0x00000246ff76a500,
0x00000246ff76ab90, 0x00000246ff76b220, 0x00000246ff76b8b0, 0x00000246876b90b0,
0x00000246876b6950, 0x00000246876ba460, 0x00000246876b9740, 0x00000246876b6fe0,
0x00000246876baaf0, 0x00000246876b9dd0, 0x00000246876b7670, 0x00000246876bb180,
0x00000246876b7d00, 0x00000246876bb810, 0x00000246876b8390, 0x00000246876bbea0,
0x00000246876b8a20, 0x00000246876bcbc0, 0x00000246876bd250, 0x00000246876bd8e0,
0x00000246876bdf70, 0x00000246ff765cd0, 0x00000246ff767080, 0x00000246ff766360,
0x00000246ff767710, 0x00000246ff7669f0, 0x00000246ff764290, 0x0000024680877640,
0x0000024685ef9260, 0x0000024685ef8b90
}

Java Threads: ( => current thread )
  0x00000246a66c0e00 JavaThread "main"                              [_thread_blocked, id=32780, stack(0x000000d95f600000,0x000000d95f700000) (1024K)]
  0x00000246a664af60 JavaThread "Reference Handler"          daemon [_thread_blocked, id=11356, stack(0x000000d95fa00000,0x000000d95fb00000) (1024K)]
  0x00000246a664dc40 JavaThread "Finalizer"                  daemon [_thread_blocked, id=14252, stack(0x000000d95fb00000,0x000000d95fc00000) (1024K)]
  0x00000246a6650920 JavaThread "Signal Dispatcher"          daemon [_thread_blocked, id=38312, stack(0x000000d95fc00000,0x000000d95fd00000) (1024K)]
  0x00000246a66517d0 JavaThread "Attach Listener"            daemon [_thread_blocked, id=39620, stack(0x000000d95fd00000,0x000000d95fe00000) (1024K)]
  0x00000246a66527d0 JavaThread "Service Thread"             daemon [_thread_blocked, id=32220, stack(0x000000d95fe00000,0x000000d95ff00000) (1024K)]
  0x00000246a66534c0 JavaThread "Monitor Deflation Thread"   daemon [_thread_blocked, id=20720, stack(0x000000d95ff00000,0x000000d960000000) (1024K)]
=>0x00000246a665aa20 JavaThread "C2 CompilerThread0"         daemon [_thread_in_native, id=27796, stack(0x000000d960000000,0x000000d960100000) (1024K)]
  0x00000246a665e8a0 JavaThread "C1 CompilerThread0"         daemon [_thread_blocked, id=41036, stack(0x000000d960100000,0x000000d960200000) (1024K)]
  0x00000246ff693850 JavaThread "Common-Cleaner"             daemon [_thread_blocked, id=21728, stack(0x000000d960200000,0x000000d960300000) (1024K)]
  0x00000246ff694570 JavaThread "Notification Thread"        daemon [_thread_blocked, id=33216, stack(0x000000d960300000,0x000000d960400000) (1024K)]
  0x0000024680878360 JavaThread "Active Thread: Equinox Container: cc0bb7fa-8b09-454c-b22e-47f774d879a1"        [_thread_blocked, id=29056, stack(0x000000d961000000,0x000000d961100000) (1024K)]
  0x0000024680876fb0 JavaThread "Framework Event Dispatcher: Equinox Container: cc0bb7fa-8b09-454c-b22e-47f774d879a1" daemon [_thread_blocked, id=31520, stack(0x000000d961100000,0x000000d961200000) (1024K)]
  0x0000024680879710 JavaThread "Start Level: Equinox Container: cc0bb7fa-8b09-454c-b22e-47f774d879a1" daemon [_thread_blocked, id=24880, stack(0x000000d961300000,0x000000d961400000) (1024K)]
  0x0000024680879da0 JavaThread "Refresh Thread: Equinox Container: cc0bb7fa-8b09-454c-b22e-47f774d879a1" daemon [_thread_blocked, id=11664, stack(0x000000d961400000,0x000000d961500000) (1024K)]
  0x00000246ff765640 JavaThread "Bundle File Closer"         daemon [_thread_blocked, id=13608, stack(0x000000d961d00000,0x000000d961e00000) (1024K)]
  0x00000246ff767da0 JavaThread "SCR Component Actor"        daemon [_thread_blocked, id=12832, stack(0x000000d961e00000,0x000000d961f00000) (1024K)]
  0x00000246ff764920 JavaThread "Worker-JM"                         [_thread_blocked, id=13740, stack(0x000000d962000000,0x000000d962100000) (1024K)]
  0x00000246ff7697e0 JavaThread "JNA Cleaner"                daemon [_thread_blocked, id=26440, stack(0x000000d962100000,0x000000d962200000) (1024K)]
  0x00000246ff768430 JavaThread "Worker-0"                          [_thread_blocked, id=33948, stack(0x000000d962200000,0x000000d962300000) (1024K)]
  0x00000246ff768ac0 JavaThread "Worker-1"                          [_thread_blocked, id=36284, stack(0x000000d962300000,0x000000d962400000) (1024K)]
  0x00000246ff769e70 JavaThread "Java indexing"              daemon [_thread_blocked, id=13120, stack(0x000000d962500000,0x000000d962600000) (1024K)]
  0x00000246ff769150 JavaThread "Worker-2"                          [_thread_blocked, id=15036, stack(0x000000d962800000,0x000000d962900000) (1024K)]
  0x00000246ff76a500 JavaThread "Worker-3"                          [_thread_blocked, id=9692, stack(0x000000d962900000,0x000000d962a00000) (1024K)]
  0x00000246ff76ab90 JavaThread "Worker-4"                          [_thread_blocked, id=37772, stack(0x000000d962a00000,0x000000d962b00000) (1024K)]
  0x00000246ff76b220 JavaThread "Thread-1"                   daemon [_thread_in_native, id=3940, stack(0x000000d962b00000,0x000000d962c00000) (1024K)]
  0x00000246ff76b8b0 JavaThread "Thread-2"                   daemon [_thread_in_native, id=39372, stack(0x000000d962c00000,0x000000d962d00000) (1024K)]
  0x00000246876b90b0 JavaThread "Thread-3"                   daemon [_thread_in_native, id=25672, stack(0x000000d962d00000,0x000000d962e00000) (1024K)]
  0x00000246876b6950 JavaThread "Thread-4"                   daemon [_thread_in_native, id=3380, stack(0x000000d962e00000,0x000000d962f00000) (1024K)]
  0x00000246876ba460 JavaThread "Thread-5"                   daemon [_thread_in_native, id=25308, stack(0x000000d962f00000,0x000000d963000000) (1024K)]
  0x00000246876b9740 JavaThread "Thread-6"                   daemon [_thread_in_native, id=39156, stack(0x000000d963000000,0x000000d963100000) (1024K)]
  0x00000246876b6fe0 JavaThread "Thread-7"                   daemon [_thread_in_native, id=41736, stack(0x000000d963100000,0x000000d963200000) (1024K)]
  0x00000246876baaf0 JavaThread "Thread-8"                   daemon [_thread_in_native, id=31944, stack(0x000000d963200000,0x000000d963300000) (1024K)]
  0x00000246876b9dd0 JavaThread "Thread-9"                   daemon [_thread_in_native, id=14056, stack(0x000000d963300000,0x000000d963400000) (1024K)]
  0x00000246876b7670 JavaThread "Thread-10"                  daemon [_thread_in_native, id=27280, stack(0x000000d963400000,0x000000d963500000) (1024K)]
  0x00000246876bb180 JavaThread "Thread-11"                  daemon [_thread_in_native, id=24668, stack(0x000000d963500000,0x000000d963600000) (1024K)]
  0x00000246876b7d00 JavaThread "Thread-12"                  daemon [_thread_in_native, id=22580, stack(0x000000d963600000,0x000000d963700000) (1024K)]
  0x00000246876bb810 JavaThread "Thread-13"                  daemon [_thread_in_native, id=8128, stack(0x000000d963700000,0x000000d963800000) (1024K)]
  0x00000246876b8390 JavaThread "pool-2-thread-1"                   [_thread_blocked, id=40680, stack(0x000000d963800000,0x000000d963900000) (1024K)]
  0x00000246876bbea0 JavaThread "WorkspaceEventsHandler"            [_thread_blocked, id=14272, stack(0x000000d963900000,0x000000d963a00000) (1024K)]
  0x00000246876b8a20 JavaThread "pool-1-thread-1"                   [_thread_in_native, id=9072, stack(0x000000d963a00000,0x000000d963b00000) (1024K)]
  0x00000246876bcbc0 JavaThread "ForkJoinPool.commonPool-worker-1" daemon [_thread_blocked, id=32560, stack(0x000000d960a00000,0x000000d960b00000) (1024K)]
  0x00000246876bd250 JavaThread "ForkJoinPool.commonPool-worker-2" daemon [_thread_blocked, id=34840, stack(0x000000d960b00000,0x000000d960c00000) (1024K)]
  0x00000246876bd8e0 JavaThread "ForkJoinPool.commonPool-worker-3" daemon [_thread_blocked, id=20624, stack(0x000000d960c00000,0x000000d960d00000) (1024K)]
  0x00000246876bdf70 JavaThread "ForkJoinPool.commonPool-worker-4" daemon [_thread_blocked, id=36444, stack(0x000000d960d00000,0x000000d960e00000) (1024K)]
  0x00000246ff765cd0 JavaThread "ForkJoinPool.commonPool-worker-5" daemon [_thread_blocked, id=16892, stack(0x000000d960e00000,0x000000d960f00000) (1024K)]
  0x00000246ff767080 JavaThread "ForkJoinPool.commonPool-worker-6" daemon [_thread_blocked, id=28328, stack(0x000000d960f00000,0x000000d961000000) (1024K)]
  0x00000246ff766360 JavaThread "ForkJoinPool.commonPool-worker-7" daemon [_thread_blocked, id=15860, stack(0x000000d961500000,0x000000d961600000) (1024K)]
  0x00000246ff767710 JavaThread "ForkJoinPool.commonPool-worker-8" daemon [_thread_blocked, id=38748, stack(0x000000d961600000,0x000000d961700000) (1024K)]
  0x00000246ff7669f0 JavaThread "ForkJoinPool.commonPool-worker-9" daemon [_thread_blocked, id=32108, stack(0x000000d961700000,0x000000d961800000) (1024K)]
  0x00000246ff764290 JavaThread "ForkJoinPool.commonPool-worker-10" daemon [_thread_blocked, id=23360, stack(0x000000d961800000,0x000000d961900000) (1024K)]
  0x0000024680877640 JavaThread "ForkJoinPool.commonPool-worker-11" daemon [_thread_blocked, id=20584, stack(0x000000d961900000,0x000000d961a00000) (1024K)]
  0x0000024685ef9260 JavaThread "C2 CompilerThread1"         daemon [_thread_blocked, id=36532, stack(0x000000d961a00000,0x000000d961b00000) (1024K)]
  0x0000024685ef8b90 JavaThread "C2 CompilerThread2"         daemon [_thread_blocked, id=26548, stack(0x000000d961f00000,0x000000d962000000) (1024K)]
Total: 54

Other Threads:
  0x00000246a6757890 VMThread "VM Thread"                           [id=11896, stack(0x000000d95f900000,0x000000d95fa00000) (1024K)]
  0x00000246a653ba00 WatcherThread "VM Periodic Task Thread"        [id=23048, stack(0x000000d95f800000,0x000000d95f900000) (1024K)]
  0x00000246a66de380 WorkerThread "GC Thread#0"                     [id=17088, stack(0x000000d95f700000,0x000000d95f800000) (1024K)]
  0x00000246805cd9c0 WorkerThread "GC Thread#1"                     [id=24684, stack(0x000000d960400000,0x000000d960500000) (1024K)]
  0x0000024680ac6b90 WorkerThread "GC Thread#2"                     [id=25512, stack(0x000000d960500000,0x000000d960600000) (1024K)]
  0x00000246806f8620 WorkerThread "GC Thread#3"                     [id=33748, stack(0x000000d960600000,0x000000d960700000) (1024K)]
  0x00000246806f89c0 WorkerThread "GC Thread#4"                     [id=2064, stack(0x000000d960700000,0x000000d960800000) (1024K)]
  0x00000246806f8d60 WorkerThread "GC Thread#5"                     [id=28884, stack(0x000000d960800000,0x000000d960900000) (1024K)]
  0x00000246ff80ea80 WorkerThread "GC Thread#6"                     [id=21400, stack(0x000000d960900000,0x000000d960a00000) (1024K)]
  0x0000024680aba0b0 WorkerThread "GC Thread#7"                     [id=9396, stack(0x000000d961200000,0x000000d961300000) (1024K)]
  0x0000024680ab8750 WorkerThread "GC Thread#8"                     [id=5224, stack(0x000000d961b00000,0x000000d961c00000) (1024K)]
  0x0000024680ab8e90 WorkerThread "GC Thread#9"                     [id=984, stack(0x000000d961c00000,0x000000d961d00000) (1024K)]
Total: 12

Threads with active compile tasks:
C2 CompilerThread0  27014 7250       4       org.eclipse.osgi.internal.loader.BundleLoader::addExportedProvidersFor (167 bytes)
Total: 1

VM state: not at safepoint (normal execution)

VM Mutex/Monitor currently owned by a thread: None

Heap address: 0x0000000080000000, size: 2048 MB, Compressed Oops mode: 32-bit

CDS archive(s) mapped at: [0x00000246bd000000-0x00000246bdba0000-0x00000246bdba0000), size 12189696, SharedBaseAddress: 0x00000246bd000000, ArchiveRelocationMode: 1.
Compressed class space mapped at: 0x00000246be000000-0x00000246fe000000, reserved size: 1073741824
Narrow klass base: 0x00000246bd000000, Narrow klass shift: 0, Narrow klass range: 0x100000000

GC Precious Log:
 CardTable entry size: 512
 CPUs: 12 total, 12 available
 Memory: 7521M
 Large Page Support: Disabled
 NUMA Support: Disabled
 Compressed Oops: Enabled (32-bit)
 Alignments: Space 512K, Generation 512K, Heap 2M
 Heap Min Capacity: 100M
 Heap Initial Capacity: 100M
 Heap Max Capacity: 2G
 Pre-touch: Disabled
 Parallel Workers: 10

Heap:
 PSYoungGen      total 25088K, used 16200K [0x00000000d5580000, 0x00000000d7a80000, 0x0000000100000000)
  eden space 21504K, 58% used [0x00000000d5580000,0x00000000d61d3398,0x00000000d6a80000)
  from space 3584K, 99% used [0x00000000d6a80000,0x00000000d6dff010,0x00000000d6e00000)
  to   space 8192K, 0% used [0x00000000d7280000,0x00000000d7280000,0x00000000d7a80000)
 ParOldGen       total 68608K, used 31274K [0x0000000080000000, 0x0000000084300000, 0x00000000d5580000)
  object space 68608K, 45% used [0x0000000080000000,0x0000000081e8a910,0x0000000084300000)
 Metaspace       used 50685K, committed 51904K, reserved 1114112K
  class space    used 5579K, committed 6080K, reserved 1048576K

Card table byte_map: [0x00000246a6050000,0x00000246a6460000] _byte_map_base: 0x00000246a5c50000

Marking Bits: (ParMarkBitMap*) 0x00007ff8e36f2460
 Begin Bits: [0x00000246b8b60000, 0x00000246bab60000)
 End Bits:   [0x00000246bab60000, 0x00000246bcb60000)

Polling page: 0x00000246a40f0000

Metaspace:

Usage:
  Non-class:     44.05 MB used.
      Class:      5.45 MB used.
       Both:     49.50 MB used.

Virtual space:
  Non-class space:       64.00 MB reserved,      44.75 MB ( 70%) committed,  1 nodes.
      Class space:        1.00 GB reserved,       5.94 MB ( <1%) committed,  1 nodes.
             Both:        1.06 GB reserved,      50.69 MB (  5%) committed. 

Chunk freelists:
   Non-Class:  2.33 MB
       Class:  9.88 MB
        Both:  12.20 MB

MaxMetaspaceSize: unlimited
CompressedClassSpaceSize: 1.00 GB
Initial GC threshold: 21.00 MB
Current GC threshold: 58.38 MB
CDS: on
 - commit_granule_bytes: 65536.
 - commit_granule_words: 8192.
 - virtual_space_node_default_size: 8388608.
 - enlarge_chunks_in_place: 1.
 - use_allocation_guard: 0.


Internal statistics:

num_allocs_failed_limit: 6.
num_arena_births: 980.
num_arena_deaths: 14.
num_vsnodes_births: 2.
num_vsnodes_deaths: 0.
num_space_committed: 811.
num_space_uncommitted: 0.
num_chunks_returned_to_freelist: 20.
num_chunks_taken_from_freelist: 3124.
num_chunk_merges: 10.
num_chunk_splits: 1927.
num_chunks_enlarged: 1057.
num_inconsistent_stats: 0.

CodeHeap 'non-profiled nmethods': size=120000Kb used=3321Kb max_used=3321Kb free=116678Kb
 bounds [0x00000246b1380000, 0x00000246b16c0000, 0x00000246b88b0000]
CodeHeap 'profiled nmethods': size=120000Kb used=13376Kb max_used=13376Kb free=106623Kb
 bounds [0x00000246a98b0000, 0x00000246aa5d0000, 0x00000246b0de0000]
CodeHeap 'non-nmethods': size=5760Kb used=1408Kb max_used=1472Kb free=4351Kb
 bounds [0x00000246b0de0000, 0x00000246b1050000, 0x00000246b1380000]
CodeCache: size=245760Kb, used=18105Kb, max_used=18169Kb, free=227652Kb
 total_blobs=7353, nmethods=6647, adapters=612, full_count=0
Compilation: enabled, stopped_count=0, restarted_count=0

Compilation events (20 events):
Event: 19.708 Thread 0x00000246a665e8a0 7274       3       org.eclipse.osgi.internal.util.Tokenizer::<init> (27 bytes)
Event: 19.708 Thread 0x00000246a665e8a0 nmethod 7274 0x00000246aa5af910 code [0x00000246aa5afb00, 0x00000246aa5afe70]
Event: 19.711 Thread 0x00000246a665e8a0 7275       3       java.util.GregorianCalendar::getWeekNumber (89 bytes)
Event: 19.712 Thread 0x00000246a665e8a0 nmethod 7275 0x00000246aa5b0010 code [0x00000246aa5b01e0, 0x00000246aa5b0640]
Event: 19.712 Thread 0x00000246a665e8a0 7276       3       sun.util.calendar.AbstractCalendar::getDayOfWeekDateOnOrBefore (31 bytes)
Event: 19.712 Thread 0x00000246a665e8a0 nmethod 7276 0x00000246aa5b0810 code [0x00000246aa5b09c0, 0x00000246aa5b0ba0]
Event: 19.712 Thread 0x00000246a665e8a0 7277       1       java.text.NumberFormat::isGroupingUsed (5 bytes)
Event: 19.712 Thread 0x00000246a665e8a0 nmethod 7277 0x00000246b16a0f90 code [0x00000246b16a1120, 0x00000246b16a11f0]
Event: 21.725 Thread 0x00000246a665e8a0 7283   !   2       org.eclipse.osgi.util.ManifestElement::parseHeader (708 bytes)
Event: 22.729 Thread 0x00000246a665e8a0 nmethod 7283 0x00000246aa5b0c90 code [0x00000246aa5b12a0, 0x00000246aa5b3888]
Event: 22.730 Thread 0x00000246a665e8a0 7286       3       sun.nio.cs.StreamDecoder::lockedRead (189 bytes)
Event: 22.730 Thread 0x0000024685ef9260 7278   !   4       java.util.jar.Attributes::read (494 bytes)
Event: 22.730 Thread 0x0000024685ef8b90 7273 %     4       org.eclipse.osgi.util.ManifestElement::readLine @ 0 (122 bytes)
Event: 22.730 Thread 0x00000246a665e8a0 nmethod 7286 0x00000246aa5b5110 code [0x00000246aa5b5380, 0x00000246aa5b5dd8]
Event: 22.730 Thread 0x00000246a665e8a0 7284       3       org.eclipse.osgi.container.ModuleWiring::removeDynamicPackageMisses (24 bytes)
Event: 22.730 Thread 0x00000246a665e8a0 nmethod 7284 0x00000246aa5b6110 code [0x00000246aa5b62e0, 0x00000246aa5b6610]
Event: 22.731 Thread 0x00000246a665e8a0 7285       3       java.util.Calendar::complete (40 bytes)
Event: 22.731 Thread 0x00000246a665e8a0 nmethod 7285 0x00000246aa5b6710 code [0x00000246aa5b68e0, 0x00000246aa5b6b98]
Event: 22.731 Thread 0x00000246a665e8a0 7287       3       java.io.BufferedWriter::ensureOpen (18 bytes)
Event: 22.731 Thread 0x00000246a665e8a0 nmethod 7287 0x00000246aa5b6c90 code [0x00000246aa5b6e40, 0x00000246aa5b7048]

GC Heap History (20 events):
Event: 13.343 GC heap before
{Heap before GC invocations=14 (full 1):
 PSYoungGen      total 24064K, used 23713K [0x00000000d5580000, 0x00000000d7180000, 0x0000000100000000)
  eden space 22016K, 99% used [0x00000000d5580000,0x00000000d6afe350,0x00000000d6b00000)
  from space 2048K, 83% used [0x00000000d6f80000,0x00000000d712a3f0,0x00000000d7180000)
  to   space 2048K, 0% used [0x00000000d6d80000,0x00000000d6d80000,0x00000000d6f80000)
 ParOldGen       total 68608K, used 16327K [0x0000000080000000, 0x0000000084300000, 0x00000000d5580000)
  object space 68608K, 23% used [0x0000000080000000,0x0000000080ff1da0,0x0000000084300000)
 Metaspace       used 33655K, committed 34752K, reserved 1114112K
  class space    used 3453K, committed 3904K, reserved 1048576K
}
Event: 13.346 GC heap after
{Heap after GC invocations=14 (full 1):
 PSYoungGen      total 23552K, used 1407K [0x00000000d5580000, 0x00000000d7000000, 0x0000000100000000)
  eden space 22016K, 0% used [0x00000000d5580000,0x00000000d5580000,0x00000000d6b00000)
  from space 1536K, 91% used [0x00000000d6d80000,0x00000000d6edfec0,0x00000000d6f00000)
  to   space 1024K, 0% used [0x00000000d6f00000,0x00000000d6f00000,0x00000000d7000000)
 ParOldGen       total 68608K, used 17853K [0x0000000080000000, 0x0000000084300000, 0x00000000d5580000)
  object space 68608K, 26% used [0x0000000080000000,0x000000008116f568,0x0000000084300000)
 Metaspace       used 33655K, committed 34752K, reserved 1114112K
  class space    used 3453K, committed 3904K, reserved 1048576K
}
Event: 13.472 GC heap before
{Heap before GC invocations=15 (full 1):
 PSYoungGen      total 23552K, used 14127K [0x00000000d5580000, 0x00000000d7000000, 0x0000000100000000)
  eden space 22016K, 57% used [0x00000000d5580000,0x00000000d61ebfe8,0x00000000d6b00000)
  from space 1536K, 91% used [0x00000000d6d80000,0x00000000d6edfec0,0x00000000d6f00000)
  to   space 1024K, 0% used [0x00000000d6f00000,0x00000000d6f00000,0x00000000d7000000)
 ParOldGen       total 68608K, used 17853K [0x0000000080000000, 0x0000000084300000, 0x00000000d5580000)
  object space 68608K, 26% used [0x0000000080000000,0x000000008116f568,0x0000000084300000)
 Metaspace       used 34729K, committed 35840K, reserved 1114112K
  class space    used 3579K, committed 4096K, reserved 1048576K
}
Event: 13.474 GC heap after
{Heap after GC invocations=15 (full 1):
 PSYoungGen      total 23040K, used 621K [0x00000000d5580000, 0x00000000d7000000, 0x0000000100000000)
  eden space 22016K, 0% used [0x00000000d5580000,0x00000000d5580000,0x00000000d6b00000)
  from space 1024K, 60% used [0x00000000d6f00000,0x00000000d6f9b610,0x00000000d7000000)
  to   space 1024K, 0% used [0x00000000d6e00000,0x00000000d6e00000,0x00000000d6f00000)
 ParOldGen       total 68608K, used 18925K [0x0000000080000000, 0x0000000084300000, 0x00000000d5580000)
  object space 68608K, 27% used [0x0000000080000000,0x000000008127b5a0,0x0000000084300000)
 Metaspace       used 34729K, committed 35840K, reserved 1114112K
  class space    used 3579K, committed 4096K, reserved 1048576K
}
Event: 13.474 GC heap before
{Heap before GC invocations=16 (full 2):
 PSYoungGen      total 23040K, used 621K [0x00000000d5580000, 0x00000000d7000000, 0x0000000100000000)
  eden space 22016K, 0% used [0x00000000d5580000,0x00000000d5580000,0x00000000d6b00000)
  from space 1024K, 60% used [0x00000000d6f00000,0x00000000d6f9b610,0x00000000d7000000)
  to   space 1024K, 0% used [0x00000000d6e00000,0x00000000d6e00000,0x00000000d6f00000)
 ParOldGen       total 68608K, used 18925K [0x0000000080000000, 0x0000000084300000, 0x00000000d5580000)
  object space 68608K, 27% used [0x0000000080000000,0x000000008127b5a0,0x0000000084300000)
 Metaspace       used 34729K, committed 35840K, reserved 1114112K
  class space    used 3579K, committed 4096K, reserved 1048576K
}
Event: 13.513 GC heap after
{Heap after GC invocations=16 (full 2):
 PSYoungGen      total 23040K, used 0K [0x00000000d5580000, 0x00000000d7000000, 0x0000000100000000)
  eden space 22016K, 0% used [0x00000000d5580000,0x00000000d5580000,0x00000000d6b00000)
  from space 1024K, 0% used [0x00000000d6f00000,0x00000000d6f00000,0x00000000d7000000)
  to   space 1024K, 0% used [0x00000000d6e00000,0x00000000d6e00000,0x00000000d6f00000)
 ParOldGen       total 68608K, used 18525K [0x0000000080000000, 0x0000000084300000, 0x00000000d5580000)
  object space 68608K, 27% used [0x0000000080000000,0x00000000812177c0,0x0000000084300000)
 Metaspace       used 34729K, committed 35840K, reserved 1114112K
  class space    used 3579K, committed 4096K, reserved 1048576K
}
Event: 13.702 GC heap before
{Heap before GC invocations=17 (full 2):
 PSYoungGen      total 23040K, used 22016K [0x00000000d5580000, 0x00000000d7000000, 0x0000000100000000)
  eden space 22016K, 100% used [0x00000000d5580000,0x00000000d6b00000,0x00000000d6b00000)
  from space 1024K, 0% used [0x00000000d6f00000,0x00000000d6f00000,0x00000000d7000000)
  to   space 1024K, 0% used [0x00000000d6e00000,0x00000000d6e00000,0x00000000d6f00000)
 ParOldGen       total 68608K, used 18528K [0x0000000080000000, 0x0000000084300000, 0x00000000d5580000)
  object space 68608K, 27% used [0x0000000080000000,0x0000000081218190,0x0000000084300000)
 Metaspace       used 36825K, committed 38016K, reserved 1114112K
  class space    used 3836K, committed 4352K, reserved 1048576K
}
Event: 13.704 GC heap after
{Heap after GC invocations=17 (full 2):
 PSYoungGen      total 23040K, used 1024K [0x00000000d5580000, 0x00000000d7400000, 0x0000000100000000)
  eden space 22016K, 0% used [0x00000000d5580000,0x00000000d5580000,0x00000000d6b00000)
  from space 1024K, 100% used [0x00000000d6e00000,0x00000000d6f00000,0x00000000d6f00000)
  to   space 4608K, 0% used [0x00000000d6f80000,0x00000000d6f80000,0x00000000d7400000)
 ParOldGen       total 68608K, used 21436K [0x0000000080000000, 0x0000000084300000, 0x00000000d5580000)
  object space 68608K, 31% used [0x0000000080000000,0x00000000814ef2a0,0x0000000084300000)
 Metaspace       used 36825K, committed 38016K, reserved 1114112K
  class space    used 3836K, committed 4352K, reserved 1048576K
}
Event: 13.856 GC heap before
{Heap before GC invocations=18 (full 2):
 PSYoungGen      total 23040K, used 23040K [0x00000000d5580000, 0x00000000d7400000, 0x0000000100000000)
  eden space 22016K, 100% used [0x00000000d5580000,0x00000000d6b00000,0x00000000d6b00000)
  from space 1024K, 100% used [0x00000000d6e00000,0x00000000d6f00000,0x00000000d6f00000)
  to   space 4608K, 0% used [0x00000000d6f80000,0x00000000d6f80000,0x00000000d7400000)
 ParOldGen       total 68608K, used 21436K [0x0000000080000000, 0x0000000084300000, 0x00000000d5580000)
  object space 68608K, 31% used [0x0000000080000000,0x00000000814ef2a0,0x0000000084300000)
 Metaspace       used 38956K, committed 40192K, reserved 1114112K
  class space    used 4103K, committed 4608K, reserved 1048576K
}
Event: 13.859 GC heap after
{Heap after GC invocations=18 (full 2):
 PSYoungGen      total 24064K, used 1728K [0x00000000d5580000, 0x00000000d7180000, 0x0000000100000000)
  eden space 22016K, 0% used [0x00000000d5580000,0x00000000d5580000,0x00000000d6b00000)
  from space 2048K, 84% used [0x00000000d6f80000,0x00000000d7130000,0x00000000d7180000)
  to   space 2560K, 0% used [0x00000000d6c80000,0x00000000d6c80000,0x00000000d6f00000)
 ParOldGen       total 68608K, used 22435K [0x0000000080000000, 0x0000000084300000, 0x00000000d5580000)
  object space 68608K, 32% used [0x0000000080000000,0x00000000815e8de0,0x0000000084300000)
 Metaspace       used 38956K, committed 40192K, reserved 1114112K
  class space    used 4103K, committed 4608K, reserved 1048576K
}
Event: 14.030 GC heap before
{Heap before GC invocations=19 (full 2):
 PSYoungGen      total 24064K, used 23744K [0x00000000d5580000, 0x00000000d7180000, 0x0000000100000000)
  eden space 22016K, 100% used [0x00000000d5580000,0x00000000d6b00000,0x00000000d6b00000)
  from space 2048K, 84% used [0x00000000d6f80000,0x00000000d7130000,0x00000000d7180000)
  to   space 2560K, 0% used [0x00000000d6c80000,0x00000000d6c80000,0x00000000d6f00000)
 ParOldGen       total 68608K, used 22435K [0x0000000080000000, 0x0000000084300000, 0x00000000d5580000)
  object space 68608K, 32% used [0x0000000080000000,0x00000000815e8de0,0x0000000084300000)
 Metaspace       used 41674K, committed 42944K, reserved 1114112K
  class space    used 4426K, committed 4992K, reserved 1048576K
}
Event: 14.032 GC heap after
{Heap after GC invocations=19 (full 2):
 PSYoungGen      total 23552K, used 1210K [0x00000000d5580000, 0x00000000d7000000, 0x0000000100000000)
  eden space 22016K, 0% used [0x00000000d5580000,0x00000000d5580000,0x00000000d6b00000)
  from space 1536K, 78% used [0x00000000d6c80000,0x00000000d6daeaf0,0x00000000d6e00000)
  to   space 1536K, 0% used [0x00000000d6e80000,0x00000000d6e80000,0x00000000d7000000)
 ParOldGen       total 68608K, used 23983K [0x0000000080000000, 0x0000000084300000, 0x00000000d5580000)
  object space 68608K, 34% used [0x0000000080000000,0x000000008176bdf0,0x0000000084300000)
 Metaspace       used 41674K, committed 42944K, reserved 1114112K
  class space    used 4426K, committed 4992K, reserved 1048576K
}
Event: 14.175 GC heap before
{Heap before GC invocations=20 (full 2):
 PSYoungGen      total 23552K, used 23226K [0x00000000d5580000, 0x00000000d7000000, 0x0000000100000000)
  eden space 22016K, 100% used [0x00000000d5580000,0x00000000d6b00000,0x00000000d6b00000)
  from space 1536K, 78% used [0x00000000d6c80000,0x00000000d6daeaf0,0x00000000d6e00000)
  to   space 1536K, 0% used [0x00000000d6e80000,0x00000000d6e80000,0x00000000d7000000)
 ParOldGen       total 68608K, used 23983K [0x0000000080000000, 0x0000000084300000, 0x00000000d5580000)
  object space 68608K, 34% used [0x0000000080000000,0x000000008176bdf0,0x0000000084300000)
 Metaspace       used 44185K, committed 45312K, reserved 1114112K
  class space    used 4770K, committed 5248K, reserved 1048576K
}
Event: 14.176 GC heap after
{Heap after GC invocations=20 (full 2):
 PSYoungGen      total 23552K, used 1225K [0x00000000d5580000, 0x00000000d7000000, 0x0000000100000000)
  eden space 22016K, 0% used [0x00000000d5580000,0x00000000d5580000,0x00000000d6b00000)
  from space 1536K, 79% used [0x00000000d6e80000,0x00000000d6fb2460,0x00000000d7000000)
  to   space 1536K, 0% used [0x00000000d6c80000,0x00000000d6c80000,0x00000000d6e00000)
 ParOldGen       total 68608K, used 24700K [0x0000000080000000, 0x0000000084300000, 0x00000000d5580000)
  object space 68608K, 36% used [0x0000000080000000,0x000000008181f158,0x0000000084300000)
 Metaspace       used 44185K, committed 45312K, reserved 1114112K
  class space    used 4770K, committed 5248K, reserved 1048576K
}
Event: 14.390 GC heap before
{Heap before GC invocations=21 (full 2):
 PSYoungGen      total 23552K, used 23241K [0x00000000d5580000, 0x00000000d7000000, 0x0000000100000000)
  eden space 22016K, 100% used [0x00000000d5580000,0x00000000d6b00000,0x00000000d6b00000)
  from space 1536K, 79% used [0x00000000d6e80000,0x00000000d6fb2460,0x00000000d7000000)
  to   space 1536K, 0% used [0x00000000d6c80000,0x00000000d6c80000,0x00000000d6e00000)
 ParOldGen       total 68608K, used 24700K [0x0000000080000000, 0x0000000084300000, 0x00000000d5580000)
  object space 68608K, 36% used [0x0000000080000000,0x000000008181f158,0x0000000084300000)
 Metaspace       used 46286K, committed 47552K, reserved 1114112K
  class space    used 5032K, committed 5568K, reserved 1048576K
}
Event: 14.392 GC heap after
{Heap after GC invocations=21 (full 2):
 PSYoungGen      total 23552K, used 1248K [0x00000000d5580000, 0x00000000d6f00000, 0x0000000100000000)
  eden space 22016K, 0% used [0x00000000d5580000,0x00000000d5580000,0x00000000d6b00000)
  from space 1536K, 81% used [0x00000000d6c80000,0x00000000d6db8000,0x00000000d6e00000)
  to   space 1024K, 0% used [0x00000000d6e00000,0x00000000d6e00000,0x00000000d6f00000)
 ParOldGen       total 68608K, used 25719K [0x0000000080000000, 0x0000000084300000, 0x00000000d5580000)
  object space 68608K, 37% used [0x0000000080000000,0x000000008191dcb0,0x0000000084300000)
 Metaspace       used 46286K, committed 47552K, reserved 1114112K
  class space    used 5032K, committed 5568K, reserved 1048576K
}
Event: 14.669 GC heap before
{Heap before GC invocations=22 (full 2):
 PSYoungGen      total 23552K, used 23264K [0x00000000d5580000, 0x00000000d6f00000, 0x0000000100000000)
  eden space 22016K, 100% used [0x00000000d5580000,0x00000000d6b00000,0x00000000d6b00000)
  from space 1536K, 81% used [0x00000000d6c80000,0x00000000d6db8000,0x00000000d6e00000)
  to   space 1024K, 0% used [0x00000000d6e00000,0x00000000d6e00000,0x00000000d6f00000)
 ParOldGen       total 68608K, used 25719K [0x0000000080000000, 0x0000000084300000, 0x00000000d5580000)
  object space 68608K, 37% used [0x0000000080000000,0x000000008191dcb0,0x0000000084300000)
 Metaspace       used 48691K, committed 49984K, reserved 1114112K
  class space    used 5385K, committed 5952K, reserved 1048576K
}
Event: 14.673 GC heap after
{Heap after GC invocations=22 (full 2):
 PSYoungGen      total 22528K, used 1024K [0x00000000d5580000, 0x00000000d7200000, 0x0000000100000000)
  eden space 21504K, 0% used [0x00000000d5580000,0x00000000d5580000,0x00000000d6a80000)
  from space 1024K, 100% used [0x00000000d6e00000,0x00000000d6f00000,0x00000000d6f00000)
  to   space 3584K, 0% used [0x00000000d6a80000,0x00000000d6a80000,0x00000000d6e00000)
 ParOldGen       total 68608K, used 27837K [0x0000000080000000, 0x0000000084300000, 0x00000000d5580000)
  object space 68608K, 40% used [0x0000000080000000,0x0000000081b2f4c0,0x0000000084300000)
 Metaspace       used 48691K, committed 49984K, reserved 1114112K
  class space    used 5385K, committed 5952K, reserved 1048576K
}
Event: 17.564 GC heap before
{Heap before GC invocations=23 (full 2):
 PSYoungGen      total 22528K, used 22528K [0x00000000d5580000, 0x00000000d7200000, 0x0000000100000000)
  eden space 21504K, 100% used [0x00000000d5580000,0x00000000d6a80000,0x00000000d6a80000)
  from space 1024K, 100% used [0x00000000d6e00000,0x00000000d6f00000,0x00000000d6f00000)
  to   space 3584K, 0% used [0x00000000d6a80000,0x00000000d6a80000,0x00000000d6e00000)
 ParOldGen       total 68608K, used 27837K [0x0000000080000000, 0x0000000084300000, 0x00000000d5580000)
  object space 68608K, 40% used [0x0000000080000000,0x0000000081b2f4c0,0x0000000084300000)
 Metaspace       used 50452K, committed 51712K, reserved 1114112K
  class space    used 5561K, committed 6080K, reserved 1048576K
}
Event: 17.571 GC heap after
{Heap after GC invocations=23 (full 2):
 PSYoungGen      total 25088K, used 3580K [0x00000000d5580000, 0x00000000d7a80000, 0x0000000100000000)
  eden space 21504K, 0% used [0x00000000d5580000,0x00000000d5580000,0x00000000d6a80000)
  from space 3584K, 99% used [0x00000000d6a80000,0x00000000d6dff010,0x00000000d6e00000)
  to   space 8192K, 0% used [0x00000000d7280000,0x00000000d7280000,0x00000000d7a80000)
 ParOldGen       total 68608K, used 31274K [0x0000000080000000, 0x0000000084300000, 0x00000000d5580000)
  object space 68608K, 45% used [0x0000000080000000,0x0000000081e8a910,0x0000000084300000)
 Metaspace       used 50452K, committed 51712K, reserved 1114112K
  class space    used 5561K, committed 6080K, reserved 1048576K
}

Dll operation events (12 events):
Event: 0.031 Loaded shared library c:\Users\prath\.vscode\extensions\redhat.java-1.49.0-win32-x64\jre\21.0.9-win32-x86_64\bin\java.dll
Event: 0.137 Loaded shared library c:\Users\prath\.vscode\extensions\redhat.java-1.49.0-win32-x64\jre\21.0.9-win32-x86_64\bin\zip.dll
Event: 0.166 Loaded shared library C:\Users\prath\.vscode\extensions\redhat.java-1.49.0-win32-x64\jre\21.0.9-win32-x86_64\bin\instrument.dll
Event: 0.182 Loaded shared library C:\Users\prath\.vscode\extensions\redhat.java-1.49.0-win32-x64\jre\21.0.9-win32-x86_64\bin\net.dll
Event: 0.191 Loaded shared library C:\Users\prath\.vscode\extensions\redhat.java-1.49.0-win32-x64\jre\21.0.9-win32-x86_64\bin\nio.dll
Event: 0.198 Loaded shared library C:\Users\prath\.vscode\extensions\redhat.java-1.49.0-win32-x64\jre\21.0.9-win32-x86_64\bin\zip.dll
Event: 0.226 Loaded shared library C:\Users\prath\.vscode\extensions\redhat.java-1.49.0-win32-x64\jre\21.0.9-win32-x86_64\bin\jimage.dll
Event: 0.334 Loaded shared library c:\Users\prath\.vscode\extensions\redhat.java-1.49.0-win32-x64\jre\21.0.9-win32-x86_64\bin\verify.dll
Event: 5.832 Loaded shared library C:\Users\prath\AppData\Roaming\Code\User\globalStorage\redhat.java\1.49.0\config_win\org.eclipse.equinox.launcher\org.eclipse.equinox.launcher.win32.win32.x86_64_1.2.1400.v20250801-0854\eclipse_11916.dll
Event: 11.172 Loaded shared library C:\Users\prath\AppData\Local\Temp\jna-106927443\jna17270428845166251904.dll
Event: 13.466 Loaded shared library C:\Users\prath\.vscode\extensions\redhat.java-1.49.0-win32-x64\jre\21.0.9-win32-x86_64\bin\sunmscapi.dll
Event: 14.014 Loaded shared library C:\Users\prath\.vscode\extensions\redhat.java-1.49.0-win32-x64\jre\21.0.9-win32-x86_64\bin\extnet.dll

Deoptimization events (20 events):
Event: 15.929 Thread 0x00000246ff693ee0 Uncommon trap: trap_request=0xffffffde fr.pc=0x00000246b1554ff8 relative=0x0000000000000c58
Event: 15.929 Thread 0x00000246ff693ee0 Uncommon trap: reason=class_check action=maybe_recompile pc=0x00000246b1554ff8 method=java.util.concurrent.ConcurrentHashMap.putVal(Ljava/lang/Object;Ljava/lang/Object;Z)Ljava/lang/Object; @ 242 c2
Event: 15.929 Thread 0x00000246ff693ee0 DEOPT PACKING pc=0x00000246b1554ff8 sp=0x000000d960bfde80
Event: 15.929 Thread 0x00000246ff693ee0 DEOPT UNPACKING pc=0x00000246b0e33aa2 sp=0x000000d960bfddf0 mode 2
Event: 16.547 Thread 0x00000246876bcbc0 Uncommon trap: trap_request=0xffffff45 fr.pc=0x00000246b1695e98 relative=0x0000000000000498
Event: 16.547 Thread 0x00000246876bcbc0 Uncommon trap: reason=unstable_if action=reinterpret pc=0x00000246b1695e98 method=org.eclipse.jdt.internal.core.index.DiskIndex.readStreamChars(Ljava/io/InputStream;)[C @ 169 c2
Event: 16.547 Thread 0x00000246876bcbc0 DEOPT PACKING pc=0x00000246b1695e98 sp=0x000000d960afec20
Event: 16.547 Thread 0x00000246876bcbc0 DEOPT UNPACKING pc=0x00000246b0e33aa2 sp=0x000000d960afebb8 mode 2
Event: 19.578 Thread 0x00000246876bc530 Uncommon trap: trap_request=0xffffffc6 fr.pc=0x00000246b14fe798 relative=0x0000000000000598
Event: 19.688 Thread 0x00000246876bc530 Uncommon trap: reason=bimorphic_or_optimized_type_check action=maybe_recompile pc=0x00000246b14fe798 method=java.util.HashMap.removeNode(ILjava/lang/Object;Ljava/lang/Object;ZZ)Ljava/util/HashMap$Node; @ 283 c2
Event: 19.703 Thread 0x00000246876bc530 DEOPT PACKING pc=0x00000246b14fe798 sp=0x000000d963cff4d0
Event: 19.703 Thread 0x00000246876bc530 DEOPT UNPACKING pc=0x00000246b0e33aa2 sp=0x000000d963cff3d8 mode 2
Event: 21.723 Thread 0x00000246876b8a20 Uncommon trap: trap_request=0xffffff45 fr.pc=0x00000246b147f280 relative=0x0000000000000b80
Event: 21.723 Thread 0x00000246876b8a20 Uncommon trap: reason=unstable_if action=reinterpret pc=0x00000246b147f280 method=sun.nio.cs.StreamDecoder.implRead([CII)I @ 105 c2
Event: 21.723 Thread 0x00000246876b8a20 DEOPT PACKING pc=0x00000246b147f280 sp=0x000000d963afdd40
Event: 21.723 Thread 0x00000246876b8a20 DEOPT UNPACKING pc=0x00000246b0e33aa2 sp=0x000000d963afdc78 mode 2
Event: 21.723 Thread 0x00000246876b8a20 Uncommon trap: trap_request=0xffffff45 fr.pc=0x00000246b1422af4 relative=0x00000000000002f4
Event: 21.723 Thread 0x00000246876b8a20 Uncommon trap: reason=unstable_if action=reinterpret pc=0x00000246b1422af4 method=sun.nio.cs.StreamDecoder.implRead([CII)I @ 105 c2
Event: 21.723 Thread 0x00000246876b8a20 DEOPT PACKING pc=0x00000246b1422af4 sp=0x000000d963afdcb0
Event: 21.723 Thread 0x00000246876b8a20 DEOPT UNPACKING pc=0x00000246b0e33aa2 sp=0x000000d963afdc70 mode 2

Classes loaded (20 events):
Event: 14.821 Loading class sun/security/provider/ByteArrayAccess$LE
Event: 14.821 Loading class sun/security/provider/ByteArrayAccess$LE done
Event: 15.183 Loading class sun/nio/cs/ThreadLocalCoders
Event: 15.183 Loading class sun/nio/cs/ThreadLocalCoders done
Event: 15.183 Loading class sun/nio/cs/ThreadLocalCoders$1
Event: 15.183 Loading class sun/nio/cs/ThreadLocalCoders$Cache
Event: 15.183 Loading class sun/nio/cs/ThreadLocalCoders$Cache done
Event: 15.183 Loading class sun/nio/cs/ThreadLocalCoders$1 done
Event: 15.183 Loading class sun/nio/cs/ThreadLocalCoders$2
Event: 15.183 Loading class sun/nio/cs/ThreadLocalCoders$2 done
Event: 15.381 Loading class java/io/UTFDataFormatException
Event: 15.381 Loading class java/io/UTFDataFormatException done
Event: 16.544 Loading class java/util/concurrent/ForkJoinTask$AdaptedCallable
Event: 16.544 Loading class java/util/concurrent/ForkJoinTask$AdaptedCallable done
Event: 19.705 Loading class sun/security/ssl/Alert
Event: 19.706 Loading class sun/security/ssl/Alert done
Event: 19.706 Loading class sun/security/ssl/Alert$AlertConsumer
Event: 19.707 Loading class sun/security/ssl/Alert$AlertConsumer done
Event: 19.707 Loading class sun/security/ssl/Alert$Level
Event: 19.708 Loading class sun/security/ssl/Alert$Level done

Classes unloaded (7 events):
Event: 11.630 Thread 0x00000246a6757890 Unloading class 0x00000246be1bd000 'java/lang/invoke/LambdaForm$MH+0x00000246be1bd000'
Event: 11.630 Thread 0x00000246a6757890 Unloading class 0x00000246be1bcc00 'java/lang/invoke/LambdaForm$MH+0x00000246be1bcc00'
Event: 11.630 Thread 0x00000246a6757890 Unloading class 0x00000246be1bc800 'java/lang/invoke/LambdaForm$MH+0x00000246be1bc800'
Event: 11.630 Thread 0x00000246a6757890 Unloading class 0x00000246be1bc400 'java/lang/invoke/LambdaForm$MH+0x00000246be1bc400'
Event: 11.630 Thread 0x00000246a6757890 Unloading class 0x00000246be1bc000 'java/lang/invoke/LambdaForm$BMH+0x00000246be1bc000'
Event: 11.630 Thread 0x00000246a6757890 Unloading class 0x00000246be1bbc00 'java/lang/invoke/LambdaForm$DMH+0x00000246be1bbc00'
Event: 11.630 Thread 0x00000246a6757890 Unloading class 0x00000246be1ba800 'java/lang/invoke/LambdaForm$DMH+0x00000246be1ba800'

Classes redefined (0 events):
No events

Internal exceptions (20 events):
Event: 14.388 Thread 0x00000246ff768ac0 Exception <a 'java/lang/NoSuchMethodError'{0x00000000d6a482b0}: 'void java.lang.invoke.DirectMethodHandle$Holder.invokeStaticInit(java.lang.Object, java.lang.Object, java.lang.Object)'> (0x00000000d6a482b0) 
thrown [s\src\hotspot\share\interpreter\linkResolver.cpp, line 773]
Event: 14.397 Thread 0x00000246ff768ac0 Exception <a 'java/lang/ExceptionInInitializerError'{0x00000000d55cb428}> (0x00000000d55cb428) 
thrown [s\src\hotspot\share\oops\instanceKlass.cpp, line 1220]
Event: 14.408 Thread 0x00000246ff768ac0 Implicit null exception at 0x00000246b159c9f7 to 0x00000246b159cc68
Event: 14.412 Thread 0x00000246ff768ac0 Implicit null exception at 0x00000246b14ddd7e to 0x00000246b14ddff0
Event: 14.412 Thread 0x00000246ff768ac0 Implicit null exception at 0x00000246b14147bc to 0x00000246b1415770
Event: 14.414 Thread 0x00000246ff768ac0 Exception <a 'java/lang/NoSuchMethodError'{0x00000000d56b07b0}: 'java.lang.Object java.lang.invoke.Invokers$Holder.invokeExact_MT(java.lang.Object, int, java.lang.Object)'> (0x00000000d56b07b0) 
thrown [s\src\hotspot\share\interpreter\linkResolver.cpp, line 773]
Event: 14.591 Thread 0x00000246ff769150 Exception <a 'java/lang/NoSuchMethodError'{0x00000000d64c1490}: 'void java.lang.invoke.DirectMethodHandle$Holder.invokeStaticInit(java.lang.Object, java.lang.Object, java.lang.Object, java.lang.Object)'> (0x00000000d64c1490) 
thrown [s\src\hotspot\share\interpreter\linkResolver.cpp, line 773]
Event: 14.662 Thread 0x00000246ff768ac0 Exception <a 'java/lang/NoClassDefFoundError'{0x00000000d6aa5680}: com/google/inject/servlet/ServletModuleTargetVisitor> (0x00000000d6aa5680) 
thrown [s\src\hotspot\share\classfile\systemDictionary.cpp, line 301]
Event: 14.697 Thread 0x00000246ff768ac0 Exception <a 'java/lang/NoSuchMethodError'{0x00000000d570e818}: 'java.lang.Object java.lang.invoke.DirectMethodHandle$Holder.invokeStatic(java.lang.Object, int, java.lang.Object, java.lang.Object)'> (0x00000000d570e818) 
thrown [s\src\hotspot\share\interpreter\linkResolver.cpp, line 773]
Event: 14.697 Thread 0x00000246ff768ac0 Exception <a 'java/lang/NoSuchMethodError'{0x00000000d5712018}: 'java.lang.Object java.lang.invoke.DelegatingMethodHandle$Holder.delegate(java.lang.Object, int, java.lang.Object, java.lang.Object)'> (0x00000000d5712018) 
thrown [s\src\hotspot\share\interpreter\linkResolver.cpp, line 773]
Event: 14.699 Thread 0x00000246ff768ac0 Exception <a 'java/lang/NoSuchMethodError'{0x00000000d57257b8}: 'int java.lang.invoke.Invokers$Holder.linkToTargetMethod(java.lang.Object, java.lang.Object, java.lang.Object)'> (0x00000000d57257b8) 
thrown [s\src\hotspot\share\interpreter\linkResolver.cpp, line 773]
Event: 15.350 Thread 0x00000246ff768430 Exception <a 'sun/nio/fs/WindowsException'{0x00000000d6268740}> (0x00000000d6268740) 
thrown [s\src\hotspot\share\prims\jni.cpp, line 520]
Event: 15.370 Thread 0x00000246ff768430 Exception <a 'java/io/FileNotFoundException'{0x00000000d63cd828}> (0x00000000d63cd828) 
thrown [s\src\hotspot\share\prims\jni.cpp, line 520]
Event: 15.371 Thread 0x00000246ff768430 Exception <a 'java/io/FileNotFoundException'{0x00000000d63cea98}> (0x00000000d63cea98) 
thrown [s\src\hotspot\share\prims\jni.cpp, line 520]
Event: 15.371 Thread 0x00000246ff768430 Exception <a 'java/lang/NoSuchMethodError'{0x00000000d63dd2e0}: 'java.lang.Object java.lang.invoke.DirectMethodHandle$Holder.newInvokeSpecial(java.lang.Object, java.lang.Object, java.lang.Object, int)'> (0x00000000d63dd2e0) 
thrown [s\src\hotspot\share\interpreter\linkResolver.cpp, line 773]
Event: 15.372 Thread 0x00000246ff768430 Exception <a 'java/lang/NoSuchMethodError'{0x00000000d63e1250}: 'java.lang.Object java.lang.invoke.DirectMethodHandle$Holder.invokeSpecial(java.lang.Object, java.lang.Object, java.lang.Object, java.lang.Object, int)'> (0x00000000d63e1250) 
thrown [s\src\hotspot\share\interpreter\linkResolver.cpp, line 773]
Event: 15.372 Thread 0x00000246ff768430 Exception <a 'java/lang/NoSuchMethodError'{0x00000000d63e4948}: 'java.lang.Object java.lang.invoke.Invokers$Holder.linkToTargetMethod(java.lang.Object, java.lang.Object, int, java.lang.Object)'> (0x00000000d63e4948) 
thrown [s\src\hotspot\share\interpreter\linkResolver.cpp, line 773]
Event: 16.542 Thread 0x00000246ff768430 Exception <a 'java/io/FileNotFoundException'{0x00000000d65bfdb8}> (0x00000000d65bfdb8) 
thrown [s\src\hotspot\share\prims\jni.cpp, line 520]
Event: 16.543 Thread 0x00000246ff768430 Exception <a 'java/io/FileNotFoundException'{0x00000000d65c0b00}> (0x00000000d65c0b00) 
thrown [s\src\hotspot\share\prims\jni.cpp, line 520]
Event: 17.625 Thread 0x00000246876b8a20 Exception <a 'java/io/FileNotFoundException'{0x00000000d5e0f578}> (0x00000000d5e0f578) 
thrown [s\src\hotspot\share\prims\jni.cpp, line 520]

ZGC Phase Switch (0 events):
No events

VM Operations (20 events):
Event: 14.532 Executing VM operation: HandshakeAllThreads (Deoptimize)
Event: 14.532 Executing VM operation: HandshakeAllThreads (Deoptimize) done
Event: 14.571 Executing VM operation: HandshakeAllThreads (Deoptimize)
Event: 14.572 Executing VM operation: HandshakeAllThreads (Deoptimize) done
Event: 14.668 Executing VM operation: ParallelGCFailedAllocation (Allocation Failure)
Event: 14.673 Executing VM operation: ParallelGCFailedAllocation (Allocation Failure) done
Event: 15.678 Executing VM operation: Cleanup
Event: 15.679 Executing VM operation: Cleanup done
Event: 16.572 Executing VM operation: ParallelGCFailedAllocation (Allocation Failure)
Event: 17.571 Executing VM operation: ParallelGCFailedAllocation (Allocation Failure) done
Event: 17.618 Executing VM operation: HandshakeAllThreads (Deoptimize)
Event: 17.618 Executing VM operation: HandshakeAllThreads (Deoptimize) done
Event: 18.627 Executing VM operation: Cleanup
Event: 18.627 Executing VM operation: Cleanup done
Event: 19.640 Executing VM operation: Cleanup
Event: 19.703 Executing VM operation: Cleanup done
Event: 20.713 Executing VM operation: Cleanup
Event: 20.714 Executing VM operation: Cleanup done
Event: 22.727 Executing VM operation: Cleanup
Event: 22.727 Executing VM operation: Cleanup done

Memory protections (0 events):
No events

Nmethod flushes (20 events):
Event: 13.499 Thread 0x00000246a6757890 flushing  nmethod 0x00000246a9fc9c10
Event: 13.499 Thread 0x00000246a6757890 flushing  nmethod 0x00000246aa023610
Event: 13.499 Thread 0x00000246a6757890 flushing  nmethod 0x00000246aa04eb10
Event: 13.499 Thread 0x00000246a6757890 flushing  nmethod 0x00000246aa054090
Event: 13.499 Thread 0x00000246a6757890 flushing  nmethod 0x00000246aa074a10
Event: 13.499 Thread 0x00000246a6757890 flushing  nmethod 0x00000246aa074e10
Event: 13.499 Thread 0x00000246a6757890 flushing  nmethod 0x00000246aa075710
Event: 13.499 Thread 0x00000246a6757890 flushing  nmethod 0x00000246aa076910
Event: 13.499 Thread 0x00000246a6757890 flushing  nmethod 0x00000246aa077790
Event: 13.499 Thread 0x00000246a6757890 flushing  nmethod 0x00000246aa077f10
Event: 13.499 Thread 0x00000246a6757890 flushing  nmethod 0x00000246aa079490
Event: 13.499 Thread 0x00000246a6757890 flushing  nmethod 0x00000246aa07ad10
Event: 13.499 Thread 0x00000246a6757890 flushing  nmethod 0x00000246aa07ba10
Event: 13.499 Thread 0x00000246a6757890 flushing  nmethod 0x00000246aa085c10
Event: 13.499 Thread 0x00000246a6757890 flushing  nmethod 0x00000246aa086510
Event: 13.499 Thread 0x00000246a6757890 flushing  nmethod 0x00000246aa086a10
Event: 13.499 Thread 0x00000246a6757890 flushing  nmethod 0x00000246aa09bc90
Event: 13.499 Thread 0x00000246a6757890 flushing  nmethod 0x00000246aa0a3b90
Event: 13.499 Thread 0x00000246a6757890 flushing  nmethod 0x00000246aa125a10
Event: 13.499 Thread 0x00000246a6757890 flushing  nmethod 0x00000246aa139d90

Events (20 events):
Event: 15.929 Thread 0x00000246ff767080 Thread exited: 0x00000246ff767080
Event: 15.929 Thread 0x0000024680877cd0 Thread exited: 0x0000024680877cd0
Event: 15.929 Thread 0x00000246808789f0 Thread exited: 0x00000246808789f0
Event: 15.929 Thread 0x00000246ff764290 Thread exited: 0x00000246ff764290
Event: 15.929 Thread 0x00000246ff766360 Thread exited: 0x00000246ff766360
Event: 15.929 Thread 0x00000246ff693ee0 Thread exited: 0x00000246ff693ee0
Event: 16.545 Thread 0x00000246ff768430 Thread added: 0x00000246876bcbc0
Event: 16.545 Thread 0x00000246ff768430 Thread added: 0x00000246876bd250
Event: 16.546 Thread 0x00000246876bcbc0 Thread added: 0x00000246876bd8e0
Event: 16.546 Thread 0x00000246876bd250 Thread added: 0x00000246876bdf70
Event: 16.546 Thread 0x00000246876bd8e0 Thread added: 0x00000246ff765cd0
Event: 16.546 Thread 0x00000246876bdf70 Thread added: 0x00000246ff767080
Event: 16.546 Thread 0x00000246ff765cd0 Thread added: 0x00000246ff766360
Event: 16.546 Thread 0x00000246876bd8e0 Thread added: 0x00000246ff767710
Event: 16.547 Thread 0x00000246ff766360 Thread added: 0x00000246ff7669f0
Event: 16.547 Thread 0x00000246ff767710 Thread added: 0x00000246ff764290
Event: 16.547 Thread 0x00000246ff7669f0 Thread added: 0x0000024680877640
Event: 22.730 Thread 0x00000246a665e8a0 Thread added: 0x0000024685ef9260
Event: 22.730 Thread 0x00000246a665e8a0 Thread added: 0x0000024685ef8b90
Event: 24.710 Thread 0x00000246876bc530 Thread exited: 0x00000246876bc530


Dynamic libraries:
0x00007ff7111d0000 - 0x00007ff7111de000 	c:\Users\prath\.vscode\extensions\redhat.java-1.49.0-win32-x64\jre\21.0.9-win32-x86_64\bin\java.exe
0x00007ff975960000 - 0x00007ff975bc8000 	C:\WINDOWS\SYSTEM32\ntdll.dll
0x00007ff974f60000 - 0x00007ff975029000 	C:\WINDOWS\System32\KERNEL32.DLL
0x00007ff972fd0000 - 0x00007ff9733c8000 	C:\WINDOWS\System32\KERNELBASE.dll
0x00007ff9727c0000 - 0x00007ff972975000 	C:\Windows\system32\hmpalert.dll
0x00007ff9725d0000 - 0x00007ff9727bc000 	C:\WINDOWS\System32\SophosED\SophosED.dll
0x00007ff972ce0000 - 0x00007ff972e2b000 	C:\WINDOWS\System32\ucrtbase.dll
0x00007ff92a690000 - 0x00007ff92a6a8000 	c:\Users\prath\.vscode\extensions\redhat.java-1.49.0-win32-x64\jre\21.0.9-win32-x86_64\bin\jli.dll
0x00007ff92a870000 - 0x00007ff92a88e000 	c:\Users\prath\.vscode\extensions\redhat.java-1.49.0-win32-x64\jre\21.0.9-win32-x86_64\bin\VCRUNTIME140.dll
0x00007ff9741a0000 - 0x00007ff974367000 	C:\WINDOWS\System32\USER32.dll
0x00007ff972e30000 - 0x00007ff972e57000 	C:\WINDOWS\System32\win32u.dll
0x00007ff973fe0000 - 0x00007ff97400b000 	C:\WINDOWS\System32\GDI32.dll
0x00007ff9733d0000 - 0x00007ff9734fc000 	C:\WINDOWS\System32\gdi32full.dll
0x00007ff972c30000 - 0x00007ff972cd3000 	C:\WINDOWS\System32\msvcp_win.dll
0x00007ff953270000 - 0x00007ff953504000 	C:\WINDOWS\WinSxS\amd64_microsoft.windows.common-controls_6595b64144ccf1df_6.0.26100.7019_none_3e06ffa0e335b8a8\COMCTL32.dll
0x00007ff974ca0000 - 0x00007ff974d49000 	C:\WINDOWS\System32\msvcrt.dll
0x00007ff975710000 - 0x00007ff975741000 	C:\WINDOWS\System32\IMM32.DLL
0x00007ff944860000 - 0x00007ff94486c000 	c:\Users\prath\.vscode\extensions\redhat.java-1.49.0-win32-x64\jre\21.0.9-win32-x86_64\bin\vcruntime140_1.dll
0x00007ff90cb70000 - 0x00007ff90cbfd000 	c:\Users\prath\.vscode\extensions\redhat.java-1.49.0-win32-x64\jre\21.0.9-win32-x86_64\bin\msvcp140.dll
0x00007ff8e2a30000 - 0x00007ff8e37d0000 	c:\Users\prath\.vscode\extensions\redhat.java-1.49.0-win32-x64\jre\21.0.9-win32-x86_64\bin\server\jvm.dll
0x00007ff975850000 - 0x00007ff975904000 	C:\WINDOWS\System32\ADVAPI32.dll
0x00007ff974490000 - 0x00007ff974536000 	C:\WINDOWS\System32\sechost.dll
0x00007ff974370000 - 0x00007ff974488000 	C:\WINDOWS\System32\RPCRT4.dll
0x00007ff974040000 - 0x00007ff9740b4000 	C:\WINDOWS\System32\WS2_32.dll
0x00007ff9723c0000 - 0x00007ff97241e000 	C:\WINDOWS\SYSTEM32\POWRPROF.dll
0x00007ff96b020000 - 0x00007ff96b055000 	C:\WINDOWS\SYSTEM32\WINMM.dll
0x00007ff96cfd0000 - 0x00007ff96cfdb000 	C:\WINDOWS\SYSTEM32\VERSION.dll
0x00007ff9723a0000 - 0x00007ff9723b4000 	C:\WINDOWS\SYSTEM32\UMPDC.dll
0x00007ff9714c0000 - 0x00007ff9714db000 	C:\WINDOWS\SYSTEM32\kernel.appcore.dll
0x00007ff941d50000 - 0x00007ff941d5a000 	c:\Users\prath\.vscode\extensions\redhat.java-1.49.0-win32-x64\jre\21.0.9-win32-x86_64\bin\jimage.dll
0x00007ff966f60000 - 0x00007ff9671a2000 	C:\WINDOWS\SYSTEM32\DBGHELP.DLL
0x00007ff973730000 - 0x00007ff973abb000 	C:\WINDOWS\System32\combase.dll
0x00007ff9740c0000 - 0x00007ff974197000 	C:\WINDOWS\System32\OLEAUT32.dll
0x00007ff955070000 - 0x00007ff9550ac000 	C:\WINDOWS\SYSTEM32\dbgcore.DLL
0x00007ff972e60000 - 0x00007ff972f05000 	C:\WINDOWS\System32\bcryptPrimitives.dll
0x00007ff941a30000 - 0x00007ff941a3f000 	c:\Users\prath\.vscode\extensions\redhat.java-1.49.0-win32-x64\jre\21.0.9-win32-x86_64\bin\instrument.dll
0x00007ff92a0e0000 - 0x00007ff92a100000 	c:\Users\prath\.vscode\extensions\redhat.java-1.49.0-win32-x64\jre\21.0.9-win32-x86_64\bin\java.dll
0x00007ff974540000 - 0x00007ff974c8f000 	C:\WINDOWS\System32\SHELL32.dll
0x00007ff973590000 - 0x00007ff9736fb000 	C:\WINDOWS\System32\wintypes.dll
0x00007ff970310000 - 0x00007ff970b6d000 	C:\WINDOWS\SYSTEM32\windows.storage.dll
0x00007ff9754a0000 - 0x00007ff975592000 	C:\WINDOWS\System32\SHCORE.dll
0x00007ff974ef0000 - 0x00007ff974f57000 	C:\WINDOWS\System32\shlwapi.dll
0x00007ff9729d0000 - 0x00007ff9729f9000 	C:\WINDOWS\SYSTEM32\profapi.dll
0x00007ff924650000 - 0x00007ff924668000 	c:\Users\prath\.vscode\extensions\redhat.java-1.49.0-win32-x64\jre\21.0.9-win32-x86_64\bin\zip.dll
0x00007ff941a00000 - 0x00007ff941a10000 	C:\Users\prath\.vscode\extensions\redhat.java-1.49.0-win32-x64\jre\21.0.9-win32-x86_64\bin\net.dll
0x00007ff96bed0000 - 0x00007ff96bff8000 	C:\WINDOWS\SYSTEM32\WINHTTP.dll
0x00007ff971a30000 - 0x00007ff971a9b000 	C:\WINDOWS\system32\mswsock.dll
0x00007ff922670000 - 0x00007ff922686000 	C:\Users\prath\.vscode\extensions\redhat.java-1.49.0-win32-x64\jre\21.0.9-win32-x86_64\bin\nio.dll
0x00007ff93aa90000 - 0x00007ff93aaa0000 	c:\Users\prath\.vscode\extensions\redhat.java-1.49.0-win32-x64\jre\21.0.9-win32-x86_64\bin\verify.dll
0x00007ff90afb0000 - 0x00007ff90aff4000 	C:\Users\prath\AppData\Roaming\Code\User\globalStorage\redhat.java\1.49.0\config_win\org.eclipse.equinox.launcher\org.eclipse.equinox.launcher.win32.win32.x86_64_1.2.1400.v20250801-0854\eclipse_11916.dll
0x00007ff974d50000 - 0x00007ff974ee7000 	C:\WINDOWS\System32\ole32.dll
0x00007ff971d00000 - 0x00007ff971d1b000 	C:\WINDOWS\SYSTEM32\CRYPTSP.dll
0x00007ff971420000 - 0x00007ff97145a000 	C:\WINDOWS\system32\rsaenh.dll
0x00007ff971ae0000 - 0x00007ff971b0b000 	C:\WINDOWS\SYSTEM32\USERENV.dll
0x00007ff9729a0000 - 0x00007ff9729ca000 	C:\WINDOWS\SYSTEM32\bcrypt.dll
0x00007ff971cf0000 - 0x00007ff971cfc000 	C:\WINDOWS\SYSTEM32\CRYPTBASE.dll
0x00007ff970f30000 - 0x00007ff970f64000 	C:\WINDOWS\SYSTEM32\IPHLPAPI.DLL
0x00007ff973700000 - 0x00007ff97370a000 	C:\WINDOWS\System32\NSI.dll
0x00007ff903d00000 - 0x00007ff903d49000 	C:\Users\prath\AppData\Local\Temp\jna-106927443\jna17270428845166251904.dll
0x00007ff975910000 - 0x00007ff975918000 	C:\WINDOWS\System32\PSAPI.DLL
0x00007ff96c5f0000 - 0x00007ff96c60e000 	C:\WINDOWS\SYSTEM32\dhcpcsvc6.DLL
0x00007ff96bea0000 - 0x00007ff96bec3000 	C:\WINDOWS\SYSTEM32\dhcpcsvc.DLL
0x00007ff943bd0000 - 0x00007ff943bde000 	C:\Users\prath\.vscode\extensions\redhat.java-1.49.0-win32-x64\jre\21.0.9-win32-x86_64\bin\sunmscapi.dll
0x00007ff972ab0000 - 0x00007ff972c27000 	C:\WINDOWS\System32\CRYPT32.dll
0x00007ff971f10000 - 0x00007ff971f40000 	C:\WINDOWS\SYSTEM32\ncrypt.dll
0x00007ff971ec0000 - 0x00007ff971eff000 	C:\WINDOWS\SYSTEM32\NTASN1.dll
0x00007ff970f70000 - 0x00007ff97109c000 	C:\WINDOWS\SYSTEM32\DNSAPI.dll
0x00007ff9598a0000 - 0x00007ff9598ab000 	C:\Windows\System32\rasadhlp.dll
0x00007ff96b560000 - 0x00007ff96b5e6000 	C:\WINDOWS\System32\fwpuclnt.dll
0x00007ff943bc0000 - 0x00007ff943bc9000 	C:\Users\prath\.vscode\extensions\redhat.java-1.49.0-win32-x64\jre\21.0.9-win32-x86_64\bin\extnet.dll

JVMTI agents:
c:\Users\prath\.vscode\extensions\redhat.java-1.49.0-win32-x64\lombok\lombok-1.18.39-4050.jar path:c:\Users\prath\.vscode\extensions\redhat.java-1.49.0-win32-x64\jre\21.0.9-win32-x86_64\bin\instrument.dll, loaded, initialized, instrumentlib options:none

dbghelp: loaded successfully - version: 4.0.5 - missing functions: none
symbol engine: initialized successfully - sym options: 0x614 - pdb path: .;c:\Users\prath\.vscode\extensions\redhat.java-1.49.0-win32-x64\jre\21.0.9-win32-x86_64\bin;C:\WINDOWS\SYSTEM32;C:\WINDOWS\System32\SophosED;C:\WINDOWS\WinSxS\amd64_microsoft.windows.common-controls_6595b64144ccf1df_6.0.26100.7019_none_3e06ffa0e335b8a8;c:\Users\prath\.vscode\extensions\redhat.java-1.49.0-win32-x64\jre\21.0.9-win32-x86_64\bin\server;C:\Users\prath\AppData\Roaming\Code\User\globalStorage\redhat.java\1.49.0\config_win\org.eclipse.equinox.launcher\org.eclipse.equinox.launcher.win32.win32.x86_64_1.2.1400.v20250801-0854;C:\Users\prath\AppData\Local\Temp\jna-106927443

VM Arguments:
jvm_args: --add-modules=ALL-SYSTEM --add-opens=java.base/java.util=ALL-UNNAMED --add-opens=java.base/java.lang=ALL-UNNAMED --add-opens=java.base/sun.nio.fs=ALL-UNNAMED -Declipse.application=org.eclipse.jdt.ls.core.id1 -Dosgi.bundles.defaultStartLevel=4 -Declipse.product=org.eclipse.jdt.ls.core.product -Djava.import.generatesMetadataFilesAtProjectRoot=false -DDetectVMInstallationsJob.disabled=true -Dfile.encoding=utf8 -XX:+UseParallelGC -XX:GCTimeRatio=4 -XX:AdaptiveSizePolicyWeight=90 -Dsun.zip.disableMemoryMapping=true -Xmx2G -Xms100m -Xlog:disable -javaagent:c:\Users\prath\.vscode\extensions\redhat.java-1.49.0-win32-x64\lombok\lombok-1.18.39-4050.jar -XX:+HeapDumpOnOutOfMemoryError -XX:HeapDumpPath=c:\Users\prath\AppData\Roaming\Code\User\workspaceStorage\32dbff991ce16aac213f964480ecffa2\redhat.java -Daether.dependencyCollector.impl=bf 
java_command: c:\Users\prath\.vscode\extensions\redhat.java-1.49.0-win32-x64\server\plugins\org.eclipse.equinox.launcher_1.7.100.v20251111-0406.jar -configuration c:\Users\prath\AppData\Roaming\Code\User\globalStorage\redhat.java\1.49.0\config_win -data c:\Users\prath\AppData\Roaming\Code\User\workspaceStorage\32dbff991ce16aac213f964480ecffa2\redhat.java\jdt_ws --pipe=\\.\pipe\lsp-a0a9289fc916ac94f5c54710b9d5dfcc-sock
java_class_path (initial): c:\Users\prath\.vscode\extensions\redhat.java-1.49.0-win32-x64\server\plugins\org.eclipse.equinox.launcher_1.7.100.v20251111-0406.jar
Launcher Type: SUN_STANDARD

[Global flags]
    uintx AdaptiveSizePolicyWeight                 = 90                                        {product} {command line}
     intx CICompilerCount                          = 4                                         {product} {ergonomic}
    uintx GCTimeRatio                              = 4                                         {product} {command line}
     bool HeapDumpOnOutOfMemoryError               = true                                   {manageable} {command line}
    ccstr HeapDumpPath                             = c:\Users\prath\AppData\Roaming\Code\User\workspaceStorage\32dbff991ce16aac213f964480ecffa2\redhat.java         {manageable} {command line}
   size_t InitialHeapSize                          = 104857600                                 {product} {command line}
   size_t MaxHeapSize                              = 2147483648                                {product} {command line}
   size_t MaxNewSize                               = 715653120                                 {product} {ergonomic}
   size_t MinHeapDeltaBytes                        = 524288                                    {product} {ergonomic}
   size_t MinHeapSize                              = 104857600                                 {product} {command line}
   size_t NewSize                                  = 34603008                                  {product} {ergonomic}
    uintx NonNMethodCodeHeapSize                   = 5839372                                {pd product} {ergonomic}
    uintx NonProfiledCodeHeapSize                  = 122909434                              {pd product} {ergonomic}
   size_t OldSize                                  = 70254592                                  {product} {ergonomic}
    uintx ProfiledCodeHeapSize                     = 122909434                              {pd product} {ergonomic}
    uintx ReservedCodeCacheSize                    = 251658240                              {pd product} {ergonomic}
     bool SegmentedCodeCache                       = true                                      {product} {ergonomic}
   size_t SoftMaxHeapSize                          = 2147483648                             {manageable} {ergonomic}
     bool UseCompressedOops                        = true                           {product lp64_product} {ergonomic}
     bool UseLargePagesIndividualAllocation        = false                                  {pd product} {ergonomic}
     bool UseParallelGC                            = true                                      {product} {command line}

Logging:
Log output configuration:
 #0: stdout all=off uptime,level,tags foldmultilines=false
 #1: stderr all=off uptime,level,tags foldmultilines=false

Release file:
JAVA_VERSION="21.0.9" 
MODULES="java.base java.compiler java.datatransfer java.xml java.prefs java.desktop java.instrument java.logging java.management java.security.sasl java.naming java.rmi java.management.rmi java.net.http java.scripting java.security.jgss java.transaction.xa java.sql java.sql.rowset java.xml.crypto java.se java.smartcardio jdk.accessibility jdk.internal.jvmstat jdk.attach jdk.charsets jdk.internal.opt jdk.zipfs jdk.compiler jdk.crypto.ec jdk.crypto.cryptoki jdk.crypto.mscapi jdk.dynalink jdk.internal.ed jdk.editpad jdk.hotspot.agent jdk.httpserver jdk.internal.le jdk.internal.vm.ci jdk.internal.vm.compiler jdk.internal.vm.compiler.management jdk.jartool jdk.javadoc jdk.jcmd jdk.management jdk.management.agent jdk.jconsole jdk.jdeps jdk.jdwp.agent jdk.jdi jdk.jfr jdk.jshell jdk.jsobject jdk.jstatd jdk.localedata jdk.management.jfr jdk.naming.dns jdk.naming.rmi jdk.net jdk.nio.mapmode jdk.random jdk.sctp jdk.security.auth jdk.security.jgss jdk.unsupported jdk.unsupported.desktop jdk.xml.dom" 

Environment Variables:
PATH=C:\Program Files (x86)\Common Files\Oracle\Java\javapath;C:\Program Files\Common Files\Oracle\Java\javapath;C:\windows\system32;C:\windows;C:\windows\System32\Wbem;C:\windows\System32\WindowsPowerShell\v1.0\;C:\windows\System32\OpenSSH\;C:\Program Files (x86)\NVIDIA Corporation\PhysX\Common;C:\Program Files\NVIDIA Corporation\NVIDIA NvDLISR;C:\WINDOWS\system32;C:\WINDOWS;C:\WINDOWS\System32\Wbem;C:\WINDOWS\System32\WindowsPowerShell\v1.0\;C:\WINDOWS\System32\OpenSSH\;C:\Program Files\HP\HP One Agent;C:\Program Files\nodejs\;C:\WINDOWS\system32;C:\WINDOWS;C:\WINDOWS\System32\Wbem;C:\WINDOWS\System32\WindowsPowerShell\v1.0\;C:\WINDOWS\System32\OpenSSH\;C:\Program Files\dotnet\;C:\Program Files\Microsoft SQL Server\150\Tools\Binn\;C:\Program Files\Microsoft SQL Server\Client SDK\ODBC\170\Tools\Binn\;C:\atlassian-plugin-sdk-9.1.1\bin;C:\Program Files\Git\cmd;C:\Program Files\Java\jdk-17.0.2;D:\cursor\resources\app\bin;C:\Program Files\MySQL\MySQL Shell 8.0\bin\;C:\Users\prath\AppData\Local\Programs\Python\Python311\Scripts\;C:\Users\prath\AppData\Local\Programs\Python\Python311\;C:\Users\prath\AppData\Local\Microsoft\WindowsApps;C:\Program Files\JetBrains\IntelliJ IDEA 2021.3.2\bin;;C:\Program Files\JetBrains\IntelliJ IDEA Community Edition 2021.3.2\bin;;C:\Users\prath\AppData\Local\GitHubDesktop\bin;C:\Users\prath\AppData\Local\Programs\Microsoft VS Code\bin;C:\Users\prath\AppData\Roaming\npm;C:\Users\prath\.dotnet\tools;C:\Users\prath\AppData\Local\Programs\Windsurf\bin;D:\Qoder\bin
USERNAME=prath
OS=Windows_NT
PROCESSOR_IDENTIFIER=AMD64 Family 25 Model 80 Stepping 0, AuthenticAMD
TMP=C:\Users\prath\AppData\Local\Temp
TEMP=C:\Users\prath\AppData\Local\Temp




Periodic native trim disabled

---------------  S Y S T E M  ---------------

OS:
 Windows 11 , 64 bit Build 26100 (10.0.26100.7019)
OS uptime: 5 days 22:10 hours
Hyper-V role detected

CPU: total 12 (initial active 12) (12 cores per cpu, 2 threads per core) family 25 model 80 stepping 0 microcode 0xa50000d, cx8, cmov, fxsr, ht, mmx, 3dnowpref, sse, sse2, sse3, ssse3, sse4a, sse4.1, sse4.2, popcnt, lzcnt, tsc, tscinvbit, avx, avx2, aes, erms, clmul, bmi1, bmi2, adx, sha, fma, vzeroupper, clflush, clflushopt, hv, rdtscp, rdpid, fsrm, f16c, cet_ss
Processor Information for the first 12 processors :
  Max Mhz: 3301, Current Mhz: 3301, Mhz Limit: 3301

Memory: 4k page, system-wide physical 7521M (975M free)
TotalPageFile size 30464M (AvailPageFile size 4M)
current process WorkingSet (physical memory assigned to process): 129M, peak: 242M
current process commit charge ("private bytes"): 355M, peak: 375M

vm_info: OpenJDK 64-Bit Server VM (21.0.9+10-LTS) for windows-amd64 JRE (21.0.9+10-LTS), built on 2025-10-21T00:00:00Z by "admin" with unknown MS VC++:1942

END.
